[ 2017-06-27T08:36:26+08:00 ] 127.0.0.1 /
INFO: [ app_init ] --START--
INFO: Run Behavior\BuildLiteBehavior [ RunTime:0.000033s ]
INFO: [ app_init ] --END-- [ RunTime:0.009007s ]
INFO: [ app_begin ] --START--
INFO: Run Behavior\ReadHtmlCacheBehavior [ RunTime:0.007718s ]
INFO: [ app_begin ] --END-- [ RunTime:0.007836s ]
INFO: [ view_parse ] --START--
INFO: [ template_filter ] --START--
INFO: Run Behavior\ContentReplaceBehavior [ RunTime:0.001096s ]
INFO: [ template_filter ] --END-- [ RunTime:0.001316s ]
NOTIC: [8] Undefined index: member_login E:\tpshop\php24abc\Runtime\Cache\Home\f93311fe202daeb3288934cfa6fa3a59.php 第 26 行.
INFO: Run Behavior\ParseTemplateBehavior [ RunTime:0.119220s ]
INFO: [ view_parse ] --END-- [ RunTime:0.119320s ]
INFO: [ view_filter ] --START--
INFO: Run Behavior\WriteHtmlCacheBehavior [ RunTime:0.001298s ]
INFO: [ view_filter ] --END-- [ RunTime:0.001402s ]
INFO: [ app_end ] --START--
INFO: Run Behavior\ShowPageTraceBehavior [ RunTime:0.001424s ]
INFO: [ app_end ] --END-- [ RunTime:0.001487s ]

[ 2017-06-27T08:36:43+08:00 ] 127.0.0.1 /index.php/Home/Member/reset/uid/9.html
INFO: [ app_init ] --START--
INFO: Run Behavior\BuildLiteBehavior [ RunTime:0.000010s ]
INFO: [ app_init ] --END-- [ RunTime:0.000229s ]
INFO: [ app_begin ] --START--
INFO: Run Behavior\ReadHtmlCacheBehavior [ RunTime:0.000344s ]
INFO: [ app_begin ] --END-- [ RunTime:0.000376s ]
INFO: [ view_parse ] --START--
INFO: [ template_filter ] --START--
INFO: Run Behavior\ContentReplaceBehavior [ RunTime:0.000065s ]
INFO: [ template_filter ] --END-- [ RunTime:0.000116s ]
INFO: Run Behavior\ParseTemplateBehavior [ RunTime:0.026854s ]
INFO: [ view_parse ] --END-- [ RunTime:0.026891s ]
INFO: [ view_filter ] --START--
INFO: Run Behavior\WriteHtmlCacheBehavior [ RunTime:0.000168s ]
INFO: [ view_filter ] --END-- [ RunTime:0.000196s ]
INFO: [ app_end ] --START--
INFO: Run Behavior\ShowPageTraceBehavior [ RunTime:0.000428s ]
INFO: [ app_end ] --END-- [ RunTime:0.000460s ]

[ 2017-06-27T09:00:29+08:00 ] 127.0.0.1 /index.php/Home/Member/reset/uid/9.html
INFO: [ app_init ] --START--
INFO: Run Behavior\BuildLiteBehavior [ RunTime:0.000015s ]
INFO: [ app_init ] --END-- [ RunTime:0.000381s ]
INFO: [ app_begin ] --START--
INFO: Run Behavior\ReadHtmlCacheBehavior [ RunTime:0.000590s ]
INFO: [ app_begin ] --END-- [ RunTime:0.000655s ]
INFO: [ view_parse ] --START--
INFO: [ template_filter ] --START--
INFO: Run Behavior\ContentReplaceBehavior [ RunTime:0.000082s ]
INFO: [ template_filter ] --END-- [ RunTime:0.000142s ]
INFO: Run Behavior\ParseTemplateBehavior [ RunTime:0.006706s ]
INFO: [ view_parse ] --END-- [ RunTime:0.006760s ]
INFO: [ view_filter ] --START--
INFO: Run Behavior\WriteHtmlCacheBehavior [ RunTime:0.000353s ]
INFO: [ view_filter ] --END-- [ RunTime:0.000390s ]
INFO: [ app_end ] --START--
INFO: Run Behavior\ShowPageTraceBehavior [ RunTime:0.000683s ]
INFO: [ app_end ] --END-- [ RunTime:0.000726s ]

[ 2017-06-27T09:01:26+08:00 ] 127.0.0.1 /index.php/Home/Member/reset/uid/9.html
INFO: [ app_init ] --START--
INFO: Run Behavior\BuildLiteBehavior [ RunTime:0.000011s ]
INFO: [ app_init ] --END-- [ RunTime:0.000240s ]
INFO: [ app_begin ] --START--
INFO: Run Behavior\ReadHtmlCacheBehavior [ RunTime:0.000341s ]
INFO: [ app_begin ] --END-- [ RunTime:0.000373s ]
INFO: [ view_parse ] --START--
INFO: [ template_filter ] --START--
INFO: Run Behavior\ContentReplaceBehavior [ RunTime:0.000048s ]
INFO: [ template_filter ] --END-- [ RunTime:0.000080s ]
INFO: Run Behavior\ParseTemplateBehavior [ RunTime:0.004195s ]
INFO: [ view_parse ] --END-- [ RunTime:0.004225s ]
INFO: [ view_filter ] --START--
INFO: Run Behavior\WriteHtmlCacheBehavior [ RunTime:0.000130s ]
INFO: [ view_filter ] --END-- [ RunTime:0.000153s ]
INFO: [ app_end ] --START--
INFO: Run Behavior\ShowPageTraceBehavior [ RunTime:0.000336s ]
INFO: [ app_end ] --END-- [ RunTime:0.000363s ]

[ 2017-06-27T09:01:28+08:00 ] 127.0.0.1 /index.php
INFO: [ app_init ] --START--
INFO: Run Behavior\BuildLiteBehavior [ RunTime:0.000018s ]
INFO: [ app_init ] --END-- [ RunTime:0.000473s ]
INFO: [ app_begin ] --START--
INFO: Run Behavior\ReadHtmlCacheBehavior [ RunTime:0.000789s ]
INFO: [ app_begin ] --END-- [ RunTime:0.000856s ]
INFO: [ view_parse ] --START--
INFO: [ template_filter ] --START--
INFO: Run Behavior\ContentReplaceBehavior [ RunTime:0.000178s ]
INFO: [ template_filter ] --END-- [ RunTime:0.000227s ]
NOTIC: [8] Undefined index: member_login E:\tpshop\php24abc\Runtime\Cache\Home\f93311fe202daeb3288934cfa6fa3a59.php 第 26 行.
INFO: Run Behavior\ParseTemplateBehavior [ RunTime:0.034900s ]
INFO: [ view_parse ] --END-- [ RunTime:0.034952s ]
INFO: [ view_filter ] --START--
INFO: Run Behavior\WriteHtmlCacheBehavior [ RunTime:0.000318s ]
INFO: [ view_filter ] --END-- [ RunTime:0.000354s ]
INFO: [ app_end ] --START--
INFO: Run Behavior\ShowPageTraceBehavior [ RunTime:0.000434s ]
INFO: [ app_end ] --END-- [ RunTime:0.000464s ]

[ 2017-06-27T14:09:48+08:00 ] 127.0.0.1 /index.php/Home/Member/reset/uid/9.html
INFO: [ app_init ] --START--
INFO: Run Behavior\BuildLiteBehavior [ RunTime:0.000010s ]
INFO: [ app_init ] --END-- [ RunTime:0.000309s ]
INFO: [ app_begin ] --START--
INFO: Run Behavior\ReadHtmlCacheBehavior [ RunTime:0.000406s ]
INFO: [ app_begin ] --END-- [ RunTime:0.000440s ]
SQL: SHOW COLUMNS FROM `ts_member` [ RunTime:0.1363s ]
NOTIC: [8] Undefined index: validate E:\tpshop\appscore\Library\Think\Model.class.php 第 1185 行.
SQL: SELECT * FROM `ts_member` WHERE `member_name` = '123' LIMIT 1   [ RunTime:0.0187s ]
NOTIC: [8] Undefined index: check_pwd E:\tpshop\appscore\Library\Think\Model.class.php 第 1284 行.
INFO: [ view_parse ] --START--
INFO: [ template_filter ] --START--
INFO: Run Behavior\ContentReplaceBehavior [ RunTime:0.000122s ]
INFO: [ template_filter ] --END-- [ RunTime:0.000236s ]
INFO: Run Behavior\ParseTemplateBehavior [ RunTime:0.054972s ]
INFO: [ view_parse ] --END-- [ RunTime:0.055148s ]
INFO: [ view_filter ] --START--
INFO: Run Behavior\WriteHtmlCacheBehavior [ RunTime:0.001028s ]
INFO: [ view_filter ] --END-- [ RunTime:0.001188s ]

[ 2017-06-27T14:09:51+08:00 ] 127.0.0.1 /index.php/Home/Member/reset/uid/9.html
INFO: [ app_init ] --START--
INFO: Run Behavior\BuildLiteBehavior [ RunTime:0.000015s ]
INFO: [ app_init ] --END-- [ RunTime:0.000343s ]
INFO: [ app_begin ] --START--
INFO: Run Behavior\ReadHtmlCacheBehavior [ RunTime:0.000508s ]
INFO: [ app_begin ] --END-- [ RunTime:0.000558s ]
SQL: SHOW COLUMNS FROM `ts_member` [ RunTime:0.0089s ]
INFO: [ view_parse ] --START--
INFO: [ template_filter ] --START--
INFO: Run Behavior\ContentReplaceBehavior [ RunTime:0.000075s ]
INFO: [ template_filter ] --END-- [ RunTime:0.000125s ]
INFO: Run Behavior\ParseTemplateBehavior [ RunTime:0.006353s ]
INFO: [ view_parse ] --END-- [ RunTime:0.006401s ]
INFO: [ view_filter ] --START--
INFO: Run Behavior\WriteHtmlCacheBehavior [ RunTime:0.000197s ]
INFO: [ view_filter ] --END-- [ RunTime:0.000236s ]
INFO: [ app_end ] --START--
INFO: Run Behavior\ShowPageTraceBehavior [ RunTime:0.000560s ]
INFO: [ app_end ] --END-- [ RunTime:0.000601s ]

[ 2017-06-27T14:09:54+08:00 ] 127.0.0.1 /index.php/Home/Member/reset/uid/9.html
INFO: [ app_init ] --START--
INFO: Run Behavior\BuildLiteBehavior [ RunTime:0.000018s ]
INFO: [ app_init ] --END-- [ RunTime:0.000405s ]
INFO: [ app_begin ] --START--
INFO: Run Behavior\ReadHtmlCacheBehavior [ RunTime:0.000911s ]
INFO: [ app_begin ] --END-- [ RunTime:0.001138s ]
SQL: SHOW COLUMNS FROM `ts_member` [ RunTime:0.0018s ]
NOTIC: [8] Undefined index: validate E:\tpshop\appscore\Library\Think\Model.class.php 第 1185 行.
SQL: SELECT * FROM `ts_member` WHERE `member_name` = '123' LIMIT 1   [ RunTime:0.0003s ]
NOTIC: [8] Undefined index: check_pwd E:\tpshop\appscore\Library\Think\Model.class.php 第 1284 行.
INFO: [ view_parse ] --START--
INFO: [ template_filter ] --START--
INFO: Run Behavior\ContentReplaceBehavior [ RunTime:0.000037s ]
INFO: [ template_filter ] --END-- [ RunTime:0.000071s ]
INFO: Run Behavior\ParseTemplateBehavior [ RunTime:0.003846s ]
INFO: [ view_parse ] --END-- [ RunTime:0.003891s ]
INFO: [ view_filter ] --START--
INFO: Run Behavior\WriteHtmlCacheBehavior [ RunTime:0.000238s ]
INFO: [ view_filter ] --END-- [ RunTime:0.000282s ]

[ 2017-06-27T14:09:57+08:00 ] 127.0.0.1 /index.php/Home/Member/reset/uid/9.html
INFO: [ app_init ] --START--
INFO: Run Behavior\BuildLiteBehavior [ RunTime:0.000023s ]
INFO: [ app_init ] --END-- [ RunTime:0.000556s ]
INFO: [ app_begin ] --START--
INFO: Run Behavior\ReadHtmlCacheBehavior [ RunTime:0.000854s ]
INFO: [ app_begin ] --END-- [ RunTime:0.000944s ]
SQL: SHOW COLUMNS FROM `ts_member` [ RunTime:0.0080s ]
INFO: [ view_parse ] --START--
INFO: [ template_filter ] --START--
INFO: Run Behavior\ContentReplaceBehavior [ RunTime:0.000051s ]
INFO: [ template_filter ] --END-- [ RunTime:0.000091s ]
INFO: Run Behavior\ParseTemplateBehavior [ RunTime:0.004671s ]
INFO: [ view_parse ] --END-- [ RunTime:0.004715s ]
INFO: [ view_filter ] --START--
INFO: Run Behavior\WriteHtmlCacheBehavior [ RunTime:0.000206s ]
INFO: [ view_filter ] --END-- [ RunTime:0.000241s ]
INFO: [ app_end ] --START--
INFO: Run Behavior\ShowPageTraceBehavior [ RunTime:0.000372s ]
INFO: [ app_end ] --END-- [ RunTime:0.000399s ]

[ 2017-06-27T14:10:29+08:00 ] 127.0.0.1 /index.php/Home/Member/reset/uid/9.html
INFO: [ app_init ] --START--
INFO: Run Behavior\BuildLiteBehavior [ RunTime:0.000010s ]
INFO: [ app_init ] --END-- [ RunTime:0.000232s ]
INFO: [ app_begin ] --START--
INFO: Run Behavior\ReadHtmlCacheBehavior [ RunTime:0.000334s ]
INFO: [ app_begin ] --END-- [ RunTime:0.000366s ]
SQL: SHOW COLUMNS FROM `ts_member` [ RunTime:0.0031s ]
NOTIC: [8] Undefined index: validate E:\tpshop\appscore\Library\Think\Model.class.php 第 1185 行.
SQL: SELECT * FROM `ts_member` WHERE `member_name` = '123' LIMIT 1   [ RunTime:0.0003s ]
NOTIC: [8] Undefined index: check_pwd E:\tpshop\appscore\Library\Think\Model.class.php 第 1284 行.
INFO: [ view_parse ] --START--
INFO: [ template_filter ] --START--
INFO: Run Behavior\ContentReplaceBehavior [ RunTime:0.000042s ]
INFO: [ template_filter ] --END-- [ RunTime:0.000075s ]
INFO: Run Behavior\ParseTemplateBehavior [ RunTime:0.003584s ]
INFO: [ view_parse ] --END-- [ RunTime:0.003615s ]
INFO: [ view_filter ] --START--
INFO: Run Behavior\WriteHtmlCacheBehavior [ RunTime:0.000130s ]
INFO: [ view_filter ] --END-- [ RunTime:0.000153s ]

[ 2017-06-27T14:10:33+08:00 ] 127.0.0.1 /index.php/Home/Member/reset/uid/9.html
INFO: [ app_init ] --START--
INFO: Run Behavior\BuildLiteBehavior [ RunTime:0.000018s ]
INFO: [ app_init ] --END-- [ RunTime:0.000411s ]
INFO: [ app_begin ] --START--
INFO: Run Behavior\ReadHtmlCacheBehavior [ RunTime:0.000631s ]
INFO: [ app_begin ] --END-- [ RunTime:0.000692s ]
SQL: SHOW COLUMNS FROM `ts_member` [ RunTime:0.0091s ]
INFO: [ view_parse ] --START--
INFO: [ template_filter ] --START--
INFO: Run Behavior\ContentReplaceBehavior [ RunTime:0.000053s ]
INFO: [ template_filter ] --END-- [ RunTime:0.000091s ]
INFO: Run Behavior\ParseTemplateBehavior [ RunTime:0.004979s ]
INFO: [ view_parse ] --END-- [ RunTime:0.005019s ]
INFO: [ view_filter ] --START--
INFO: Run Behavior\WriteHtmlCacheBehavior [ RunTime:0.000139s ]
INFO: [ view_filter ] --END-- [ RunTime:0.000164s ]
INFO: [ app_end ] --START--
INFO: Run Behavior\ShowPageTraceBehavior [ RunTime:0.000358s ]
INFO: [ app_end ] --END-- [ RunTime:0.000387s ]

[ 2017-06-27T14:11:11+08:00 ] 127.0.0.1 /index.php/Home/Member/reset/uid/9.html
INFO: [ app_init ] --START--
INFO: Run Behavior\BuildLiteBehavior [ RunTime:0.000011s ]
INFO: [ app_init ] --END-- [ RunTime:0.000233s ]
INFO: [ app_begin ] --START--
INFO: Run Behavior\ReadHtmlCacheBehavior [ RunTime:0.000339s ]
INFO: [ app_begin ] --END-- [ RunTime:0.000371s ]
SQL: SHOW COLUMNS FROM `ts_member` [ RunTime:0.0081s ]
INFO: [ view_parse ] --START--
INFO: [ template_filter ] --START--
INFO: Run Behavior\ContentReplaceBehavior [ RunTime:0.000083s ]
INFO: [ template_filter ] --END-- [ RunTime:0.000155s ]
INFO: Run Behavior\ParseTemplateBehavior [ RunTime:0.006169s ]
INFO: [ view_parse ] --END-- [ RunTime:0.006206s ]
INFO: [ view_filter ] --START--
INFO: Run Behavior\WriteHtmlCacheBehavior [ RunTime:0.000156s ]
INFO: [ view_filter ] --END-- [ RunTime:0.000181s ]
INFO: [ app_end ] --START--
INFO: Run Behavior\ShowPageTraceBehavior [ RunTime:0.000374s ]
INFO: [ app_end ] --END-- [ RunTime:0.000403s ]

[ 2017-06-27T14:11:13+08:00 ] 127.0.0.1 /index.php/Home/Member/reset/uid/9.html
INFO: [ app_init ] --START--
INFO: Run Behavior\BuildLiteBehavior [ RunTime:0.000017s ]
INFO: [ app_init ] --END-- [ RunTime:0.000336s ]
INFO: [ app_begin ] --START--
INFO: Run Behavior\ReadHtmlCacheBehavior [ RunTime:0.000448s ]
INFO: [ app_begin ] --END-- [ RunTime:0.000504s ]
SQL: SHOW COLUMNS FROM `ts_member` [ RunTime:0.0097s ]
NOTIC: [8] Undefined index: validate E:\tpshop\appscore\Library\Think\Model.class.php 第 1185 行.
NOTIC: [8] Undefined index: member_name E:\tpshop\appscore\Library\Think\Model.class.php 第 1294 行.
SQL: SELECT * FROM `ts_member` WHERE `member_name` = null LIMIT 1   [ RunTime:0.0004s ]
NOTIC: [8] Undefined index: sms_code E:\tpshop\appscore\Library\Think\Model.class.php 第 1276 行.
NOTIC: [8] Undefined index: auto E:\tpshop\appscore\Library\Think\Model.class.php 第 1128 行.
INFO: [ view_parse ] --START--
INFO: [ template_filter ] --START--
INFO: Run Behavior\ContentReplaceBehavior [ RunTime:0.000036s ]
INFO: [ template_filter ] --END-- [ RunTime:0.000068s ]
INFO: Run Behavior\ParseTemplateBehavior [ RunTime:0.003601s ]
INFO: [ view_parse ] --END-- [ RunTime:0.003634s ]
INFO: [ view_filter ] --START--
INFO: Run Behavior\WriteHtmlCacheBehavior [ RunTime:0.000130s ]
INFO: [ view_filter ] --END-- [ RunTime:0.000153s ]

[ 2017-06-27T14:11:16+08:00 ] 127.0.0.1 /index.php/Home/Member/reset/uid/9.html
INFO: [ app_init ] --START--
INFO: Run Behavior\BuildLiteBehavior [ RunTime:0.000018s ]
INFO: [ app_init ] --END-- [ RunTime:0.000418s ]
INFO: [ app_begin ] --START--
INFO: Run Behavior\ReadHtmlCacheBehavior [ RunTime:0.000567s ]
INFO: [ app_begin ] --END-- [ RunTime:0.000620s ]
SQL: SHOW COLUMNS FROM `ts_member` [ RunTime:0.0100s ]
INFO: [ view_parse ] --START--
INFO: [ template_filter ] --START--
INFO: Run Behavior\ContentReplaceBehavior [ RunTime:0.000051s ]
INFO: [ template_filter ] --END-- [ RunTime:0.000088s ]
INFO: Run Behavior\ParseTemplateBehavior [ RunTime:0.004561s ]
INFO: [ view_parse ] --END-- [ RunTime:0.004595s ]
INFO: [ view_filter ] --START--
INFO: Run Behavior\WriteHtmlCacheBehavior [ RunTime:0.000169s ]
INFO: [ view_filter ] --END-- [ RunTime:0.000199s ]
INFO: [ app_end ] --START--
INFO: Run Behavior\ShowPageTraceBehavior [ RunTime:0.000342s ]
INFO: [ app_end ] --END-- [ RunTime:0.000369s ]

[ 2017-06-27T14:11:42+08:00 ] 127.0.0.1 /index.php/Home/Member/reset/uid/9.html
INFO: [ app_init ] --START--
INFO: Run Behavior\BuildLiteBehavior [ RunTime:0.000019s ]
INFO: [ app_init ] --END-- [ RunTime:0.000449s ]
INFO: [ app_begin ] --START--
INFO: Run Behavior\ReadHtmlCacheBehavior [ RunTime:0.000351s ]
INFO: [ app_begin ] --END-- [ RunTime:0.000385s ]
SQL: SHOW COLUMNS FROM `ts_member` [ RunTime:0.0081s ]
NOTIC: [8] Undefined index: validate E:\tpshop\appscore\Library\Think\Model.class.php 第 1185 行.
NOTIC: [8] Undefined index: member_name E:\tpshop\appscore\Library\Think\Model.class.php 第 1294 行.
SQL: SELECT * FROM `ts_member` WHERE `member_name` = null LIMIT 1   [ RunTime:0.0002s ]
NOTIC: [8] Undefined index: sms_code E:\tpshop\appscore\Library\Think\Model.class.php 第 1276 行.
NOTIC: [8] Undefined index: auto E:\tpshop\appscore\Library\Think\Model.class.php 第 1128 行.

[ 2017-06-27T14:11:59+08:00 ] 127.0.0.1 /index.php/Home/Member/reset/uid/9.html
INFO: [ app_init ] --START--
INFO: Run Behavior\BuildLiteBehavior [ RunTime:0.000012s ]
INFO: [ app_init ] --END-- [ RunTime:0.000273s ]
INFO: [ app_begin ] --START--
INFO: Run Behavior\ReadHtmlCacheBehavior [ RunTime:0.000456s ]
INFO: [ app_begin ] --END-- [ RunTime:0.000492s ]
SQL: SHOW COLUMNS FROM `ts_member` [ RunTime:0.0082s ]
NOTIC: [8] Undefined index: validate E:\tpshop\appscore\Library\Think\Model.class.php 第 1185 行.
NOTIC: [8] Undefined index: member_name E:\tpshop\appscore\Library\Think\Model.class.php 第 1294 行.
SQL: SELECT * FROM `ts_member` WHERE `member_name` = null LIMIT 1   [ RunTime:0.0002s ]
NOTIC: [8] Undefined index: sms_code E:\tpshop\appscore\Library\Think\Model.class.php 第 1276 行.
NOTIC: [8] Undefined index: auto E:\tpshop\appscore\Library\Think\Model.class.php 第 1128 行.
NOTIC: [8] Undefined index: validate E:\tpshop\appscore\Library\Think\Model.class.php 第 1185 行.
NOTIC: [8] Undefined index: member_name E:\tpshop\appscore\Library\Think\Model.class.php 第 1294 行.
SQL: SELECT * FROM `ts_member` WHERE `member_name` = null LIMIT 1   [ RunTime:0.0001s ]
NOTIC: [8] Undefined index: sms_code E:\tpshop\appscore\Library\Think\Model.class.php 第 1276 行.

[ 2017-06-27T14:12:01+08:00 ] 127.0.0.1 /index.php/Home/Member/reset/uid/9.html
INFO: [ app_init ] --START--
INFO: Run Behavior\BuildLiteBehavior [ RunTime:0.000012s ]
INFO: [ app_init ] --END-- [ RunTime:0.000356s ]
INFO: [ app_begin ] --START--
INFO: Run Behavior\ReadHtmlCacheBehavior [ RunTime:0.000443s ]
INFO: [ app_begin ] --END-- [ RunTime:0.000496s ]
SQL: SHOW COLUMNS FROM `ts_member` [ RunTime:0.0083s ]
INFO: [ view_parse ] --START--
INFO: [ template_filter ] --START--
INFO: Run Behavior\ContentReplaceBehavior [ RunTime:0.000051s ]
INFO: [ template_filter ] --END-- [ RunTime:0.000088s ]
INFO: Run Behavior\ParseTemplateBehavior [ RunTime:0.004708s ]
INFO: [ view_parse ] --END-- [ RunTime:0.004741s ]
INFO: [ view_filter ] --START--
INFO: Run Behavior\WriteHtmlCacheBehavior [ RunTime:0.000178s ]
INFO: [ view_filter ] --END-- [ RunTime:0.000202s ]
INFO: [ app_end ] --START--
INFO: Run Behavior\ShowPageTraceBehavior [ RunTime:0.000380s ]
INFO: [ app_end ] --END-- [ RunTime:0.000406s ]

[ 2017-06-27T14:12:02+08:00 ] 127.0.0.1 /index.php/Home/Member/reset/uid/9.html
INFO: [ app_init ] --START--
INFO: Run Behavior\BuildLiteBehavior [ RunTime:0.000013s ]
INFO: [ app_init ] --END-- [ RunTime:0.000422s ]
INFO: [ app_begin ] --START--
INFO: Run Behavior\ReadHtmlCacheBehavior [ RunTime:0.000355s ]
INFO: [ app_begin ] --END-- [ RunTime:0.000398s ]
SQL: SHOW COLUMNS FROM `ts_member` [ RunTime:0.0085s ]
NOTIC: [8] Undefined index: validate E:\tpshop\appscore\Library\Think\Model.class.php 第 1185 行.
NOTIC: [8] Undefined index: member_name E:\tpshop\appscore\Library\Think\Model.class.php 第 1294 行.
SQL: SELECT * FROM `ts_member` WHERE `member_name` = null LIMIT 1   [ RunTime:0.0003s ]
NOTIC: [8] Undefined index: sms_code E:\tpshop\appscore\Library\Think\Model.class.php 第 1276 行.
NOTIC: [8] Undefined index: auto E:\tpshop\appscore\Library\Think\Model.class.php 第 1128 行.
NOTIC: [8] Undefined index: validate E:\tpshop\appscore\Library\Think\Model.class.php 第 1185 行.
NOTIC: [8] Undefined index: member_name E:\tpshop\appscore\Library\Think\Model.class.php 第 1294 行.
SQL: SELECT * FROM `ts_member` WHERE `member_name` = null LIMIT 1   [ RunTime:0.0002s ]
NOTIC: [8] Undefined index: sms_code E:\tpshop\appscore\Library\Think\Model.class.php 第 1276 行.

[ 2017-06-27T14:12:12+08:00 ] 127.0.0.1 /index.php/Home/Member/reset/uid/9.html
INFO: [ app_init ] --START--
INFO: Run Behavior\BuildLiteBehavior [ RunTime:0.000016s ]
INFO: [ app_init ] --END-- [ RunTime:0.000358s ]
INFO: [ app_begin ] --START--
INFO: Run Behavior\ReadHtmlCacheBehavior [ RunTime:0.000502s ]
INFO: [ app_begin ] --END-- [ RunTime:0.000555s ]
SQL: SHOW COLUMNS FROM `ts_member` [ RunTime:0.0090s ]
NOTIC: [8] Undefined index: validate E:\tpshop\appscore\Library\Think\Model.class.php 第 1185 行.
NOTIC: [8] Undefined index: member_name E:\tpshop\appscore\Library\Think\Model.class.php 第 1294 行.
SQL: SELECT * FROM `ts_member` WHERE `member_name` = null LIMIT 1   [ RunTime:0.0004s ]
NOTIC: [8] Undefined index: sms_code E:\tpshop\appscore\Library\Think\Model.class.php 第 1276 行.
NOTIC: [8] Undefined index: auto E:\tpshop\appscore\Library\Think\Model.class.php 第 1128 行.

[ 2017-06-27T14:12:28+08:00 ] 127.0.0.1 /index.php/Home/Member/reset/uid/9.html
INFO: [ app_init ] --START--
INFO: Run Behavior\BuildLiteBehavior [ RunTime:0.000023s ]
INFO: [ app_init ] --END-- [ RunTime:0.000483s ]
INFO: [ app_begin ] --START--
INFO: Run Behavior\ReadHtmlCacheBehavior [ RunTime:0.000366s ]
INFO: [ app_begin ] --END-- [ RunTime:0.000406s ]
SQL: SHOW COLUMNS FROM `ts_member` [ RunTime:0.0094s ]

[ 2017-06-27T14:12:32+08:00 ] 127.0.0.1 /index.php/Home/Member/login.html
INFO: [ app_init ] --START--
INFO: Run Behavior\BuildLiteBehavior [ RunTime:0.000011s ]
INFO: [ app_init ] --END-- [ RunTime:0.000226s ]
INFO: [ app_begin ] --START--
INFO: Run Behavior\ReadHtmlCacheBehavior [ RunTime:0.000340s ]
INFO: [ app_begin ] --END-- [ RunTime:0.000372s ]
INFO: [ view_parse ] --START--
INFO: [ template_filter ] --START--
INFO: Run Behavior\ContentReplaceBehavior [ RunTime:0.000078s ]
INFO: [ template_filter ] --END-- [ RunTime:0.000144s ]
INFO: Run Behavior\ParseTemplateBehavior [ RunTime:0.007063s ]
INFO: [ view_parse ] --END-- [ RunTime:0.007102s ]
INFO: [ view_filter ] --START--
INFO: Run Behavior\WriteHtmlCacheBehavior [ RunTime:0.000148s ]
INFO: [ view_filter ] --END-- [ RunTime:0.000172s ]
INFO: [ app_end ] --START--
INFO: Run Behavior\ShowPageTraceBehavior [ RunTime:0.000349s ]
INFO: [ app_end ] --END-- [ RunTime:0.000375s ]

[ 2017-06-27T14:12:33+08:00 ] 127.0.0.1 /index.php/Home/Member/find.html
INFO: [ app_init ] --START--
INFO: Run Behavior\BuildLiteBehavior [ RunTime:0.000013s ]
INFO: [ app_init ] --END-- [ RunTime:0.000355s ]
INFO: [ app_begin ] --START--
INFO: Run Behavior\ReadHtmlCacheBehavior [ RunTime:0.000461s ]
INFO: [ app_begin ] --END-- [ RunTime:0.000509s ]
INFO: [ view_parse ] --START--
INFO: [ template_filter ] --START--
INFO: Run Behavior\ContentReplaceBehavior [ RunTime:0.000055s ]
INFO: [ template_filter ] --END-- [ RunTime:0.000102s ]
INFO: Run Behavior\ParseTemplateBehavior [ RunTime:0.103961s ]
INFO: [ view_parse ] --END-- [ RunTime:0.104121s ]
INFO: [ view_filter ] --START--
INFO: Run Behavior\WriteHtmlCacheBehavior [ RunTime:0.000759s ]
INFO: [ view_filter ] --END-- [ RunTime:0.000874s ]
INFO: [ app_end ] --START--
INFO: Run Behavior\ShowPageTraceBehavior [ RunTime:0.002266s ]
INFO: [ app_end ] --END-- [ RunTime:0.002424s ]

[ 2017-06-27T14:12:36+08:00 ] 127.0.0.1 /index.php/Home/Member/find.html
INFO: [ app_init ] --START--
INFO: Run Behavior\BuildLiteBehavior [ RunTime:0.000013s ]
INFO: [ app_init ] --END-- [ RunTime:0.000304s ]
INFO: [ app_begin ] --START--
INFO: Run Behavior\ReadHtmlCacheBehavior [ RunTime:0.000554s ]
INFO: [ app_begin ] --END-- [ RunTime:0.000605s ]
SQL: SHOW COLUMNS FROM `ts_member` [ RunTime:0.0020s ]
SQL: SELECT * FROM `ts_member` WHERE ( member_name = 'admin' AND member_email = 'balgfi@live.cn' ) LIMIT 1   [ RunTime:0.0003s ]
INFO: [ view_parse ] --START--
INFO: [ template_filter ] --START--
INFO: Run Behavior\ContentReplaceBehavior [ RunTime:0.000039s ]
INFO: [ template_filter ] --END-- [ RunTime:0.000077s ]
INFO: Run Behavior\ParseTemplateBehavior [ RunTime:0.003607s ]
INFO: [ view_parse ] --END-- [ RunTime:0.003656s ]
INFO: [ view_filter ] --START--
INFO: Run Behavior\WriteHtmlCacheBehavior [ RunTime:0.000189s ]
INFO: [ view_filter ] --END-- [ RunTime:0.000220s ]

[ 2017-06-27T14:12:39+08:00 ] 127.0.0.1 /index.php/Home/Member/find.html
INFO: [ app_init ] --START--
INFO: Run Behavior\BuildLiteBehavior [ RunTime:0.000017s ]
INFO: [ app_init ] --END-- [ RunTime:0.000376s ]
INFO: [ app_begin ] --START--
INFO: Run Behavior\ReadHtmlCacheBehavior [ RunTime:0.000563s ]
INFO: [ app_begin ] --END-- [ RunTime:0.000617s ]
INFO: [ view_parse ] --START--
INFO: [ template_filter ] --START--
INFO: Run Behavior\ContentReplaceBehavior [ RunTime:0.000063s ]
INFO: [ template_filter ] --END-- [ RunTime:0.000121s ]
INFO: Run Behavior\ParseTemplateBehavior [ RunTime:0.011499s ]
INFO: [ view_parse ] --END-- [ RunTime:0.011559s ]
INFO: [ view_filter ] --START--
INFO: Run Behavior\WriteHtmlCacheBehavior [ RunTime:0.000187s ]
INFO: [ view_filter ] --END-- [ RunTime:0.000214s ]
INFO: [ app_end ] --START--
INFO: Run Behavior\ShowPageTraceBehavior [ RunTime:0.000396s ]
INFO: [ app_end ] --END-- [ RunTime:0.000424s ]

[ 2017-06-27T06:12:57+00:00 ] 127.0.0.1 /index.php/Home/Member/find.html
INFO: [ app_init ] --START--
INFO: Run Behavior\BuildLiteBehavior [ RunTime:0.000011s ]
INFO: [ app_init ] --END-- [ RunTime:0.000231s ]
INFO: [ app_begin ] --START--
INFO: Run Behavior\ReadHtmlCacheBehavior [ RunTime:0.000336s ]
INFO: [ app_begin ] --END-- [ RunTime:0.000368s ]
SQL: SHOW COLUMNS FROM `ts_member` [ RunTime:0.0018s ]
SQL: SELECT * FROM `ts_member` WHERE ( member_name = 'admin' AND member_email = 'balgfi@live.cn' ) LIMIT 1   [ RunTime:0.0003s ]
INFO: [ view_parse ] --START--
INFO: [ template_filter ] --START--
INFO: Run Behavior\ContentReplaceBehavior [ RunTime:0.000108s ]
INFO: [ template_filter ] --END-- [ RunTime:0.000206s ]
INFO: Run Behavior\ParseTemplateBehavior [ RunTime:0.015498s ]
INFO: [ view_parse ] --END-- [ RunTime:0.015626s ]
INFO: [ view_filter ] --START--
INFO: Run Behavior\WriteHtmlCacheBehavior [ RunTime:0.000399s ]
INFO: [ view_filter ] --END-- [ RunTime:0.000469s ]

[ 2017-06-27T14:12:59+08:00 ] 127.0.0.1 /index.php/Home/Member/find.html
INFO: [ app_init ] --START--
INFO: Run Behavior\BuildLiteBehavior [ RunTime:0.000080s ]
INFO: [ app_init ] --END-- [ RunTime:0.001447s ]
INFO: [ app_begin ] --START--
INFO: Run Behavior\ReadHtmlCacheBehavior [ RunTime:0.000525s ]
INFO: [ app_begin ] --END-- [ RunTime:0.000589s ]
INFO: [ view_parse ] --START--
INFO: [ template_filter ] --START--
INFO: Run Behavior\ContentReplaceBehavior [ RunTime:0.000080s ]
INFO: [ template_filter ] --END-- [ RunTime:0.000155s ]
INFO: Run Behavior\ParseTemplateBehavior [ RunTime:0.007491s ]
INFO: [ view_parse ] --END-- [ RunTime:0.007705s ]
INFO: [ view_filter ] --START--
INFO: Run Behavior\WriteHtmlCacheBehavior [ RunTime:0.001594s ]
INFO: [ view_filter ] --END-- [ RunTime:0.001678s ]
INFO: [ app_end ] --START--
INFO: Run Behavior\ShowPageTraceBehavior [ RunTime:0.000585s ]
INFO: [ app_end ] --END-- [ RunTime:0.000635s ]

[ 2017-06-27T14:13:17+08:00 ] 127.0.0.1 /index.php/Home/Member/reset/uid/1.html
INFO: [ app_init ] --START--
INFO: Run Behavior\BuildLiteBehavior [ RunTime:0.000023s ]
INFO: [ app_init ] --END-- [ RunTime:0.000496s ]
INFO: [ app_begin ] --START--
INFO: Run Behavior\ReadHtmlCacheBehavior [ RunTime:0.001669s ]
INFO: [ app_begin ] --END-- [ RunTime:0.001820s ]
SQL: SHOW COLUMNS FROM `ts_member` [ RunTime:0.0086s ]

[ 2017-06-27T14:13:25+08:00 ] 127.0.0.1 /index.php/Home/Member/reset/uid/1.html
INFO: [ app_init ] --START--
INFO: Run Behavior\BuildLiteBehavior [ RunTime:0.000010s ]
INFO: [ app_init ] --END-- [ RunTime:0.000226s ]
INFO: [ app_begin ] --START--
INFO: Run Behavior\ReadHtmlCacheBehavior [ RunTime:0.000380s ]
INFO: [ app_begin ] --END-- [ RunTime:0.000420s ]
SQL: SHOW COLUMNS FROM `ts_member` [ RunTime:0.0078s ]
INFO: [ view_parse ] --START--
INFO: [ template_filter ] --START--
INFO: Run Behavior\ContentReplaceBehavior [ RunTime:0.000189s ]
INFO: [ template_filter ] --END-- [ RunTime:0.000462s ]
INFO: Run Behavior\ParseTemplateBehavior [ RunTime:0.005231s ]
INFO: [ view_parse ] --END-- [ RunTime:0.005265s ]
INFO: [ view_filter ] --START--
INFO: Run Behavior\WriteHtmlCacheBehavior [ RunTime:0.000143s ]
INFO: [ view_filter ] --END-- [ RunTime:0.000170s ]
INFO: [ app_end ] --START--
INFO: Run Behavior\ShowPageTraceBehavior [ RunTime:0.000344s ]
INFO: [ app_end ] --END-- [ RunTime:0.000371s ]

[ 2017-06-27T14:13:35+08:00 ] 127.0.0.1 /index.php/Home/Member/reset/uid/1.html
INFO: [ app_init ] --START--
INFO: Run Behavior\BuildLiteBehavior [ RunTime:0.000018s ]
INFO: [ app_init ] --END-- [ RunTime:0.000264s ]
INFO: [ app_begin ] --START--
INFO: Run Behavior\ReadHtmlCacheBehavior [ RunTime:0.000367s ]
INFO: [ app_begin ] --END-- [ RunTime:0.000407s ]
SQL: SHOW COLUMNS FROM `ts_member` [ RunTime:0.0029s ]
NOTIC: [8] Undefined index: validate E:\tpshop\appscore\Library\Think\Model.class.php 第 1185 行.
NOTIC: [8] Undefined index: member_name E:\tpshop\appscore\Library\Think\Model.class.php 第 1294 行.
SQL: SELECT * FROM `ts_member` WHERE `member_name` = null LIMIT 1   [ RunTime:0.0004s ]
NOTIC: [8] Undefined index: sms_code E:\tpshop\appscore\Library\Think\Model.class.php 第 1276 行.
NOTIC: [8] Undefined index: auto E:\tpshop\appscore\Library\Think\Model.class.php 第 1128 行.

[ 2017-06-27T14:13:44+08:00 ] 127.0.0.1 /index.php/Home/Member/reset/uid/1.html
INFO: [ app_init ] --START--
INFO: Run Behavior\BuildLiteBehavior [ RunTime:0.000012s ]
INFO: [ app_init ] --END-- [ RunTime:0.000251s ]
INFO: [ app_begin ] --START--
INFO: Run Behavior\ReadHtmlCacheBehavior [ RunTime:0.000676s ]
INFO: [ app_begin ] --END-- [ RunTime:0.000767s ]
SQL: SHOW COLUMNS FROM `ts_member` [ RunTime:0.0081s ]
NOTIC: [8] Undefined index: validate E:\tpshop\appscore\Library\Think\Model.class.php 第 1185 行.
NOTIC: [8] Undefined index: member_name E:\tpshop\appscore\Library\Think\Model.class.php 第 1294 行.
SQL: SELECT * FROM `ts_member` WHERE `member_name` = null LIMIT 1   [ RunTime:0.0002s ]
NOTIC: [8] Undefined index: sms_code E:\tpshop\appscore\Library\Think\Model.class.php 第 1276 行.
NOTIC: [8] Undefined index: auto E:\tpshop\appscore\Library\Think\Model.class.php 第 1128 行.
INFO: [ view_parse ] --START--
INFO: [ template_filter ] --START--
INFO: Run Behavior\ContentReplaceBehavior [ RunTime:0.000053s ]
INFO: [ template_filter ] --END-- [ RunTime:0.000117s ]
INFO: Run Behavior\ParseTemplateBehavior [ RunTime:0.004925s ]
INFO: [ view_parse ] --END-- [ RunTime:0.004971s ]
INFO: [ view_filter ] --START--
INFO: Run Behavior\WriteHtmlCacheBehavior [ RunTime:0.000229s ]
INFO: [ view_filter ] --END-- [ RunTime:0.000266s ]

[ 2017-06-27T14:13:48+08:00 ] 127.0.0.1 /index.php/Home/Member/reset/uid/1.html
INFO: [ app_init ] --START--
INFO: Run Behavior\BuildLiteBehavior [ RunTime:0.000019s ]
INFO: [ app_init ] --END-- [ RunTime:0.000576s ]
INFO: [ app_begin ] --START--
INFO: Run Behavior\ReadHtmlCacheBehavior [ RunTime:0.000612s ]
INFO: [ app_begin ] --END-- [ RunTime:0.000669s ]
SQL: SHOW COLUMNS FROM `ts_member` [ RunTime:0.0085s ]
INFO: [ view_parse ] --START--
INFO: [ template_filter ] --START--
INFO: Run Behavior\ContentReplaceBehavior [ RunTime:0.000051s ]
INFO: [ template_filter ] --END-- [ RunTime:0.000084s ]
INFO: Run Behavior\ParseTemplateBehavior [ RunTime:0.004219s ]
INFO: [ view_parse ] --END-- [ RunTime:0.004251s ]
INFO: [ view_filter ] --START--
INFO: Run Behavior\WriteHtmlCacheBehavior [ RunTime:0.000135s ]
INFO: [ view_filter ] --END-- [ RunTime:0.000159s ]
INFO: [ app_end ] --START--
INFO: Run Behavior\ShowPageTraceBehavior [ RunTime:0.000337s ]
INFO: [ app_end ] --END-- [ RunTime:0.000364s ]

[ 2017-06-27T14:14:15+08:00 ] 127.0.0.1 /index.php/Home/Member/reset/uid/1.html
INFO: [ app_init ] --START--
INFO: Run Behavior\BuildLiteBehavior [ RunTime:0.000013s ]
INFO: [ app_init ] --END-- [ RunTime:0.000319s ]
INFO: [ app_begin ] --START--
INFO: Run Behavior\ReadHtmlCacheBehavior [ RunTime:0.000505s ]
INFO: [ app_begin ] --END-- [ RunTime:0.000547s ]
SQL: SHOW COLUMNS FROM `ts_member` [ RunTime:0.0087s ]
INFO: [ view_parse ] --START--
INFO: [ template_filter ] --START--
INFO: Run Behavior\ContentReplaceBehavior [ RunTime:0.000076s ]
INFO: [ template_filter ] --END-- [ RunTime:0.000133s ]
INFO: Run Behavior\ParseTemplateBehavior [ RunTime:0.005255s ]
INFO: [ view_parse ] --END-- [ RunTime:0.005291s ]
INFO: [ view_filter ] --START--
INFO: Run Behavior\WriteHtmlCacheBehavior [ RunTime:0.000176s ]
INFO: [ view_filter ] --END-- [ RunTime:0.000201s ]
INFO: [ app_end ] --START--
INFO: Run Behavior\ShowPageTraceBehavior [ RunTime:0.000380s ]
INFO: [ app_end ] --END-- [ RunTime:0.000408s ]

[ 2017-06-27T14:14:21+08:00 ] 127.0.0.1 /index.php/Home/Member/reset/uid/1.html
INFO: [ app_init ] --START--
INFO: Run Behavior\BuildLiteBehavior [ RunTime:0.000015s ]
INFO: [ app_init ] --END-- [ RunTime:0.000251s ]
INFO: [ app_begin ] --START--
INFO: Run Behavior\ReadHtmlCacheBehavior [ RunTime:0.000338s ]
INFO: [ app_begin ] --END-- [ RunTime:0.000371s ]
SQL: SHOW COLUMNS FROM `ts_member` [ RunTime:0.0082s ]

[ 2017-06-27T14:14:29+08:00 ] 127.0.0.1 /index.php/Home/Member/reset/uid/1.html
INFO: [ app_init ] --START--
INFO: Run Behavior\BuildLiteBehavior [ RunTime:0.000016s ]
INFO: [ app_init ] --END-- [ RunTime:0.000370s ]
INFO: [ app_begin ] --START--
INFO: Run Behavior\ReadHtmlCacheBehavior [ RunTime:0.000533s ]
INFO: [ app_begin ] --END-- [ RunTime:0.000593s ]
SQL: SHOW COLUMNS FROM `ts_member` [ RunTime:0.0087s ]
NOTIC: [8] Undefined index: validate E:\tpshop\appscore\Library\Think\Model.class.php 第 1185 行.
NOTIC: [8] Undefined index: member_name E:\tpshop\appscore\Library\Think\Model.class.php 第 1294 行.
SQL: SELECT * FROM `ts_member` WHERE `member_name` = null LIMIT 1   [ RunTime:0.0003s ]
NOTIC: [8] Undefined index: sms_code E:\tpshop\appscore\Library\Think\Model.class.php 第 1276 行.
NOTIC: [8] Undefined index: auto E:\tpshop\appscore\Library\Think\Model.class.php 第 1128 行.
INFO: [ view_parse ] --START--
INFO: [ template_filter ] --START--
INFO: Run Behavior\ContentReplaceBehavior [ RunTime:0.000056s ]
INFO: [ template_filter ] --END-- [ RunTime:0.000093s ]
INFO: Run Behavior\ParseTemplateBehavior [ RunTime:0.004086s ]
INFO: [ view_parse ] --END-- [ RunTime:0.004127s ]
INFO: [ view_filter ] --START--
INFO: Run Behavior\WriteHtmlCacheBehavior [ RunTime:0.000136s ]
INFO: [ view_filter ] --END-- [ RunTime:0.000161s ]

[ 2017-06-27T14:14:32+08:00 ] 127.0.0.1 /index.php/Home/Member/reset/uid/1.html
INFO: [ app_init ] --START--
INFO: Run Behavior\BuildLiteBehavior [ RunTime:0.000011s ]
INFO: [ app_init ] --END-- [ RunTime:0.000280s ]
INFO: [ app_begin ] --START--
INFO: Run Behavior\ReadHtmlCacheBehavior [ RunTime:0.000342s ]
INFO: [ app_begin ] --END-- [ RunTime:0.000376s ]
SQL: SHOW COLUMNS FROM `ts_member` [ RunTime:0.0083s ]
INFO: [ view_parse ] --START--
INFO: [ template_filter ] --START--
INFO: Run Behavior\ContentReplaceBehavior [ RunTime:0.000075s ]
INFO: [ template_filter ] --END-- [ RunTime:0.000139s ]
INFO: Run Behavior\ParseTemplateBehavior [ RunTime:0.005149s ]
INFO: [ view_parse ] --END-- [ RunTime:0.005244s ]
INFO: [ view_filter ] --START--
INFO: Run Behavior\WriteHtmlCacheBehavior [ RunTime:0.000868s ]
INFO: [ view_filter ] --END-- [ RunTime:0.000957s ]
INFO: [ app_end ] --START--
INFO: Run Behavior\ShowPageTraceBehavior [ RunTime:0.000538s ]
INFO: [ app_end ] --END-- [ RunTime:0.000585s ]

[ 2017-06-27T14:14:40+08:00 ] 127.0.0.1 /index.php/Home/Member/reset/uid/1.html
INFO: [ app_init ] --START--
INFO: Run Behavior\BuildLiteBehavior [ RunTime:0.000011s ]
INFO: [ app_init ] --END-- [ RunTime:0.000234s ]
INFO: [ app_begin ] --START--
INFO: Run Behavior\ReadHtmlCacheBehavior [ RunTime:0.000351s ]
INFO: [ app_begin ] --END-- [ RunTime:0.000383s ]
SQL: SHOW COLUMNS FROM `ts_member` [ RunTime:0.0082s ]

[ 2017-06-27T14:17:32+08:00 ] 127.0.0.1 /index.php/Home/Member/reset/uid/1.html
INFO: [ app_init ] --START--
INFO: Run Behavior\BuildLiteBehavior [ RunTime:0.000011s ]
INFO: [ app_init ] --END-- [ RunTime:0.000269s ]
INFO: [ app_begin ] --START--
INFO: Run Behavior\ReadHtmlCacheBehavior [ RunTime:0.000409s ]
INFO: [ app_begin ] --END-- [ RunTime:0.000445s ]
SQL: SHOW COLUMNS FROM `ts_member` [ RunTime:0.0085s ]
NOTIC: [8] Undefined index: validate E:\tpshop\appscore\Library\Think\Model.class.php 第 1185 行.
NOTIC: [8] Undefined index: member_name E:\tpshop\appscore\Library\Think\Model.class.php 第 1294 行.
SQL: SELECT * FROM `ts_member` WHERE `member_name` = null LIMIT 1   [ RunTime:0.0003s ]
NOTIC: [8] Undefined index: sms_code E:\tpshop\appscore\Library\Think\Model.class.php 第 1276 行.
NOTIC: [8] Undefined index: auto E:\tpshop\appscore\Library\Think\Model.class.php 第 1128 行.
NOTIC: [8] Undefined index: validate E:\tpshop\appscore\Library\Think\Model.class.php 第 1185 行.
NOTIC: [8] Undefined index: member_name E:\tpshop\appscore\Library\Think\Model.class.php 第 1294 行.
SQL: SELECT * FROM `ts_member` WHERE `member_name` = null LIMIT 1   [ RunTime:0.0002s ]
NOTIC: [8] Undefined index: sms_code E:\tpshop\appscore\Library\Think\Model.class.php 第 1276 行.
NOTIC: [8] Undefined index: auto E:\tpshop\appscore\Library\Think\Model.class.php 第 1128 行.

[ 2017-06-27T14:18:06+08:00 ] 127.0.0.1 /index.php/Home/Member/reset/uid/1.html
INFO: [ app_init ] --START--
INFO: Run Behavior\BuildLiteBehavior [ RunTime:0.000019s ]
INFO: [ app_init ] --END-- [ RunTime:0.000434s ]
INFO: [ app_begin ] --START--
INFO: Run Behavior\ReadHtmlCacheBehavior [ RunTime:0.000659s ]
INFO: [ app_begin ] --END-- [ RunTime:0.000722s ]
SQL: SHOW COLUMNS FROM `ts_member` [ RunTime:0.0088s ]
NOTIC: [8] Undefined index: validate E:\tpshop\appscore\Library\Think\Model.class.php 第 1185 行.
NOTIC: [8] Undefined index: member_name E:\tpshop\appscore\Library\Think\Model.class.php 第 1294 行.
SQL: SELECT * FROM `ts_member` WHERE `member_name` = null LIMIT 1   [ RunTime:0.0003s ]
NOTIC: [8] Undefined index: sms_code E:\tpshop\appscore\Library\Think\Model.class.php 第 1276 行.
NOTIC: [8] Undefined index: auto E:\tpshop\appscore\Library\Think\Model.class.php 第 1128 行.
INFO: [ view_parse ] --START--
INFO: [ template_filter ] --START--
INFO: Run Behavior\ContentReplaceBehavior [ RunTime:0.000038s ]
INFO: [ template_filter ] --END-- [ RunTime:0.000076s ]
INFO: Run Behavior\ParseTemplateBehavior [ RunTime:0.004173s ]
INFO: [ view_parse ] --END-- [ RunTime:0.004230s ]
INFO: [ view_filter ] --START--
INFO: Run Behavior\WriteHtmlCacheBehavior [ RunTime:0.000300s ]
INFO: [ view_filter ] --END-- [ RunTime:0.000336s ]

[ 2017-06-27T14:18:09+08:00 ] 127.0.0.1 /index.php/Home/Member/reset/uid/1.html
INFO: [ app_init ] --START--
INFO: Run Behavior\BuildLiteBehavior [ RunTime:0.000015s ]
INFO: [ app_init ] --END-- [ RunTime:0.000365s ]
INFO: [ app_begin ] --START--
INFO: Run Behavior\ReadHtmlCacheBehavior [ RunTime:0.000433s ]
INFO: [ app_begin ] --END-- [ RunTime:0.000474s ]
SQL: SHOW COLUMNS FROM `ts_member` [ RunTime:0.0085s ]
INFO: [ view_parse ] --START--
INFO: [ template_filter ] --START--
INFO: Run Behavior\ContentReplaceBehavior [ RunTime:0.000066s ]
INFO: [ template_filter ] --END-- [ RunTime:0.000116s ]
INFO: Run Behavior\ParseTemplateBehavior [ RunTime:0.006115s ]
INFO: [ view_parse ] --END-- [ RunTime:0.006162s ]
INFO: [ view_filter ] --START--
INFO: Run Behavior\WriteHtmlCacheBehavior [ RunTime:0.000174s ]
INFO: [ view_filter ] --END-- [ RunTime:0.000204s ]
INFO: [ app_end ] --START--
INFO: Run Behavior\ShowPageTraceBehavior [ RunTime:0.000486s ]
INFO: [ app_end ] --END-- [ RunTime:0.000520s ]

[ 2017-06-27T14:18:20+08:00 ] 127.0.0.1 /index.php/Home/Member/reset/uid/1.html
INFO: [ app_init ] --START--
INFO: Run Behavior\BuildLiteBehavior [ RunTime:0.000022s ]
INFO: [ app_init ] --END-- [ RunTime:0.000569s ]
INFO: [ app_begin ] --START--
INFO: Run Behavior\ReadHtmlCacheBehavior [ RunTime:0.000983s ]
INFO: [ app_begin ] --END-- [ RunTime:0.001088s ]
SQL: SHOW COLUMNS FROM `ts_member` [ RunTime:0.0085s ]
NOTIC: [8] Undefined index: validate E:\tpshop\appscore\Library\Think\Model.class.php 第 1185 行.
NOTIC: [8] Undefined index: member_name E:\tpshop\appscore\Library\Think\Model.class.php 第 1294 行.
SQL: SELECT * FROM `ts_member` WHERE `member_name` = null LIMIT 1   [ RunTime:0.0002s ]
NOTIC: [8] Undefined index: sms_code E:\tpshop\appscore\Library\Think\Model.class.php 第 1276 行.
NOTIC: [8] Undefined index: auto E:\tpshop\appscore\Library\Think\Model.class.php 第 1128 行.

[ 2017-06-27T14:20:10+08:00 ] 127.0.0.1 /index.php/Home/Member/reset/uid/1.html
INFO: [ app_init ] --START--
INFO: Run Behavior\BuildLiteBehavior [ RunTime:0.000012s ]
INFO: [ app_init ] --END-- [ RunTime:0.000293s ]
INFO: [ app_begin ] --START--
INFO: Run Behavior\ReadHtmlCacheBehavior [ RunTime:0.000435s ]
INFO: [ app_begin ] --END-- [ RunTime:0.000468s ]
SQL: SHOW COLUMNS FROM `ts_member` [ RunTime:0.0085s ]
NOTIC: [8] Undefined index: validate E:\tpshop\appscore\Library\Think\Model.class.php 第 1185 行.
NOTIC: [8] Undefined index: member_name E:\tpshop\appscore\Library\Think\Model.class.php 第 1294 行.
SQL: SELECT * FROM `ts_member` WHERE `member_name` = null LIMIT 1   [ RunTime:0.0002s ]
NOTIC: [8] Undefined index: sms_code E:\tpshop\appscore\Library\Think\Model.class.php 第 1276 行.
NOTIC: [8] Undefined index: auto E:\tpshop\appscore\Library\Think\Model.class.php 第 1128 行.
INFO: [ view_parse ] --START--
INFO: [ template_filter ] --START--
INFO: Run Behavior\ContentReplaceBehavior [ RunTime:0.000052s ]
INFO: [ template_filter ] --END-- [ RunTime:0.000111s ]
INFO: Run Behavior\ParseTemplateBehavior [ RunTime:0.005010s ]
INFO: [ view_parse ] --END-- [ RunTime:0.005119s ]
INFO: [ view_filter ] --START--
INFO: Run Behavior\WriteHtmlCacheBehavior [ RunTime:0.000267s ]
INFO: [ view_filter ] --END-- [ RunTime:0.000298s ]

[ 2017-06-27T14:20:13+08:00 ] 127.0.0.1 /index.php/Home/Member/reset/uid/1.html
INFO: [ app_init ] --START--
INFO: Run Behavior\BuildLiteBehavior [ RunTime:0.000013s ]
INFO: [ app_init ] --END-- [ RunTime:0.000340s ]
INFO: [ app_begin ] --START--
INFO: Run Behavior\ReadHtmlCacheBehavior [ RunTime:0.000937s ]
INFO: [ app_begin ] --END-- [ RunTime:0.000994s ]
SQL: SHOW COLUMNS FROM `ts_member` [ RunTime:0.0085s ]
INFO: [ view_parse ] --START--
INFO: [ template_filter ] --START--
INFO: Run Behavior\ContentReplaceBehavior [ RunTime:0.000098s ]
INFO: [ template_filter ] --END-- [ RunTime:0.000235s ]
INFO: Run Behavior\ParseTemplateBehavior [ RunTime:0.007151s ]
INFO: [ view_parse ] --END-- [ RunTime:0.007209s ]
INFO: [ view_filter ] --START--
INFO: Run Behavior\WriteHtmlCacheBehavior [ RunTime:0.000251s ]
INFO: [ view_filter ] --END-- [ RunTime:0.000292s ]
INFO: [ app_end ] --START--
INFO: Run Behavior\ShowPageTraceBehavior [ RunTime:0.000519s ]
INFO: [ app_end ] --END-- [ RunTime:0.000580s ]

[ 2017-06-27T14:20:44+08:00 ] 127.0.0.1 /index.php/Home/Member/reset/uid/1.html
INFO: [ app_init ] --START--
INFO: Run Behavior\BuildLiteBehavior [ RunTime:0.000011s ]
INFO: [ app_init ] --END-- [ RunTime:0.000242s ]
INFO: [ app_begin ] --START--
INFO: Run Behavior\ReadHtmlCacheBehavior [ RunTime:0.000342s ]
INFO: [ app_begin ] --END-- [ RunTime:0.000375s ]
SQL: SHOW COLUMNS FROM `ts_member` [ RunTime:0.0081s ]

[ 2017-06-27T14:21:46+08:00 ] 127.0.0.1 /index.php/Home/Member/reset/uid/1.html
INFO: [ app_init ] --START--
INFO: Run Behavior\BuildLiteBehavior [ RunTime:0.000012s ]
INFO: [ app_init ] --END-- [ RunTime:0.000239s ]
INFO: [ app_begin ] --START--
INFO: Run Behavior\ReadHtmlCacheBehavior [ RunTime:0.000344s ]
INFO: [ app_begin ] --END-- [ RunTime:0.000376s ]
SQL: SHOW COLUMNS FROM `ts_member` [ RunTime:0.0084s ]
NOTIC: [8] Undefined index: validate E:\tpshop\appscore\Library\Think\Model.class.php 第 1185 行.
NOTIC: [8] Undefined index: member_name E:\tpshop\appscore\Library\Think\Model.class.php 第 1294 行.
SQL: SELECT * FROM `ts_member` WHERE `member_name` = null AND `member_id` <> '1' LIMIT 1   [ RunTime:0.0003s ]
NOTIC: [8] Undefined index: sms_code E:\tpshop\appscore\Library\Think\Model.class.php 第 1276 行.
NOTIC: [8] Undefined index: auto E:\tpshop\appscore\Library\Think\Model.class.php 第 1128 行.
SQL: UPDATE `ts_member` SET `member_pwd`='e286c6173a953f618159449162d0321b6b6862e3',`created_time`='1498544505',`logined_time`='1498544505',`member_salt`='qg43on' WHERE `member_id` = 1 [ RunTime:0.1323s ]
INFO: [ view_parse ] --START--
INFO: [ template_filter ] --START--
INFO: Run Behavior\ContentReplaceBehavior [ RunTime:0.000039s ]
INFO: [ template_filter ] --END-- [ RunTime:0.000075s ]
INFO: Run Behavior\ParseTemplateBehavior [ RunTime:0.003905s ]
INFO: [ view_parse ] --END-- [ RunTime:0.003939s ]
INFO: [ view_filter ] --START--
INFO: Run Behavior\WriteHtmlCacheBehavior [ RunTime:0.000129s ]
INFO: [ view_filter ] --END-- [ RunTime:0.000153s ]

[ 2017-06-27T14:21:47+08:00 ] 127.0.0.1 /index.php/Home/Member/login.html
INFO: [ app_init ] --START--
INFO: Run Behavior\BuildLiteBehavior [ RunTime:0.000025s ]
INFO: [ app_init ] --END-- [ RunTime:0.001853s ]
INFO: [ app_begin ] --START--
INFO: Run Behavior\ReadHtmlCacheBehavior [ RunTime:0.000572s ]
INFO: [ app_begin ] --END-- [ RunTime:0.000651s ]
INFO: [ view_parse ] --START--
INFO: [ template_filter ] --START--
INFO: Run Behavior\ContentReplaceBehavior [ RunTime:0.000066s ]
INFO: [ template_filter ] --END-- [ RunTime:0.000115s ]
INFO: Run Behavior\ParseTemplateBehavior [ RunTime:0.005772s ]
INFO: [ view_parse ] --END-- [ RunTime:0.005816s ]
INFO: [ view_filter ] --START--
INFO: Run Behavior\WriteHtmlCacheBehavior [ RunTime:0.000173s ]
INFO: [ view_filter ] --END-- [ RunTime:0.000204s ]
INFO: [ app_end ] --START--
INFO: Run Behavior\ShowPageTraceBehavior [ RunTime:0.000441s ]
INFO: [ app_end ] --END-- [ RunTime:0.000474s ]

[ 2017-06-27T14:21:51+08:00 ] 127.0.0.1 /index.php/Home/Member/login.html
INFO: [ app_init ] --START--
INFO: Run Behavior\BuildLiteBehavior [ RunTime:0.000011s ]
INFO: [ app_init ] --END-- [ RunTime:0.000231s ]
INFO: [ app_begin ] --START--
INFO: Run Behavior\ReadHtmlCacheBehavior [ RunTime:0.000334s ]
INFO: [ app_begin ] --END-- [ RunTime:0.000368s ]
SQL: SHOW COLUMNS FROM `ts_member` [ RunTime:0.0032s ]
SQL: SELECT * FROM `ts_member` WHERE ( member_name = 'admin' ) LIMIT 1   [ RunTime:0.0004s ]
INFO: [ view_parse ] --START--
INFO: [ template_filter ] --START--
INFO: Run Behavior\ContentReplaceBehavior [ RunTime:0.000037s ]
INFO: [ template_filter ] --END-- [ RunTime:0.000069s ]
INFO: Run Behavior\ParseTemplateBehavior [ RunTime:0.003610s ]
INFO: [ view_parse ] --END-- [ RunTime:0.003644s ]
INFO: [ view_filter ] --START--
INFO: Run Behavior\WriteHtmlCacheBehavior [ RunTime:0.000134s ]
INFO: [ view_filter ] --END-- [ RunTime:0.000158s ]

[ 2017-06-27T14:21:54+08:00 ] 127.0.0.1 /index.php/Home/Member/login.html
INFO: [ app_init ] --START--
INFO: Run Behavior\BuildLiteBehavior [ RunTime:0.000020s ]
INFO: [ app_init ] --END-- [ RunTime:0.000452s ]
INFO: [ app_begin ] --START--
INFO: Run Behavior\ReadHtmlCacheBehavior [ RunTime:0.000878s ]
INFO: [ app_begin ] --END-- [ RunTime:0.000964s ]
INFO: [ view_parse ] --START--
INFO: [ template_filter ] --START--
INFO: Run Behavior\ContentReplaceBehavior [ RunTime:0.000062s ]
INFO: [ template_filter ] --END-- [ RunTime:0.000107s ]
INFO: Run Behavior\ParseTemplateBehavior [ RunTime:0.008703s ]
INFO: [ view_parse ] --END-- [ RunTime:0.008750s ]
INFO: [ view_filter ] --START--
INFO: Run Behavior\WriteHtmlCacheBehavior [ RunTime:0.000148s ]
INFO: [ view_filter ] --END-- [ RunTime:0.000175s ]
INFO: [ app_end ] --START--
INFO: Run Behavior\ShowPageTraceBehavior [ RunTime:0.000388s ]
INFO: [ app_end ] --END-- [ RunTime:0.000415s ]

[ 2017-06-27T14:21:58+08:00 ] 127.0.0.1 /index.php/Home/Member/login.html
INFO: [ app_init ] --START--
INFO: Run Behavior\BuildLiteBehavior [ RunTime:0.000010s ]
INFO: [ app_init ] --END-- [ RunTime:0.000232s ]
INFO: [ app_begin ] --START--
INFO: Run Behavior\ReadHtmlCacheBehavior [ RunTime:0.000335s ]
INFO: [ app_begin ] --END-- [ RunTime:0.000368s ]
SQL: SHOW COLUMNS FROM `ts_member` [ RunTime:0.0033s ]
SQL: SELECT * FROM `ts_member` WHERE ( member_name = 'admin' ) LIMIT 1   [ RunTime:0.0004s ]
SQL: UPDATE `ts_member` SET `member_name`='admin',`member_email`='balgfi@live.cn',`member_mobile`='18818447432',`member_pwd`='e286c6173a953f618159449162d0321b6b6862e3',`member_salt`='qg43on',`openid`='',`member_sex`='1',`member_check`='0',`member_check_code`='',`created_time`='1498544505',`logined_time`='1498544505',`is_del`='0' WHERE `member_id` = 1 [ RunTime:0.1616s ]
INFO: [ view_parse ] --START--
INFO: [ template_filter ] --START--
INFO: Run Behavior\ContentReplaceBehavior [ RunTime:0.000041s ]
INFO: [ template_filter ] --END-- [ RunTime:0.000082s ]
INFO: Run Behavior\ParseTemplateBehavior [ RunTime:0.004380s ]
INFO: [ view_parse ] --END-- [ RunTime:0.004428s ]
INFO: [ view_filter ] --START--
INFO: Run Behavior\WriteHtmlCacheBehavior [ RunTime:0.000197s ]
INFO: [ view_filter ] --END-- [ RunTime:0.000228s ]

[ 2017-06-27T14:22:02+08:00 ] 127.0.0.1 /index.php/Home/index/index.html
INFO: [ app_init ] --START--
INFO: Run Behavior\BuildLiteBehavior [ RunTime:0.000011s ]
INFO: [ app_init ] --END-- [ RunTime:0.000242s ]
INFO: [ app_begin ] --START--
INFO: Run Behavior\ReadHtmlCacheBehavior [ RunTime:0.000336s ]
INFO: [ app_begin ] --END-- [ RunTime:0.000367s ]
INFO: [ view_parse ] --START--
INFO: [ template_filter ] --START--
INFO: Run Behavior\ContentReplaceBehavior [ RunTime:0.000177s ]
INFO: [ template_filter ] --END-- [ RunTime:0.000221s ]
INFO: Run Behavior\ParseTemplateBehavior [ RunTime:0.011615s ]
INFO: [ view_parse ] --END-- [ RunTime:0.011649s ]
INFO: [ view_filter ] --START--
INFO: Run Behavior\WriteHtmlCacheBehavior [ RunTime:0.000156s ]
INFO: [ view_filter ] --END-- [ RunTime:0.000182s ]
INFO: [ app_end ] --START--
INFO: Run Behavior\ShowPageTraceBehavior [ RunTime:0.000400s ]
INFO: [ app_end ] --END-- [ RunTime:0.000439s ]

