[ 2017-07-03T16:17:03+08:00 ] 127.0.0.1 /
INFO: [ app_init ] --START--
INFO: Run Behavior\BuildLiteBehavior [ RunTime:0.000018s ]
INFO: [ app_init ] --END-- [ RunTime:0.027078s ]
INFO: [ app_begin ] --START--
INFO: Run Behavior\ReadHtmlCacheBehavior [ RunTime:0.007529s ]
INFO: [ app_begin ] --END-- [ RunTime:0.007618s ]
INFO: [ view_parse ] --START--
INFO: [ template_filter ] --START--
INFO: Run Behavior\ContentReplaceBehavior [ RunTime:0.000752s ]
INFO: [ template_filter ] --END-- [ RunTime:0.000865s ]
NOTIC: [8] Undefined index: member_login E:\tpshop\app\Runtime\Cache\Home\2bc71d220ff77e6b12bf354b9e8a67ea.php 第 26 行.
INFO: Run Behavior\ParseTemplateBehavior [ RunTime:0.090375s ]
INFO: [ view_parse ] --END-- [ RunTime:0.090429s ]
INFO: [ view_filter ] --START--
INFO: Run Behavior\WriteHtmlCacheBehavior [ RunTime:0.000835s ]
INFO: [ view_filter ] --END-- [ RunTime:0.000870s ]
INFO: [ app_end ] --START--
INFO: Run Behavior\ShowPageTraceBehavior [ RunTime:0.001490s ]
INFO: [ app_end ] --END-- [ RunTime:0.001540s ]

[ 2017-07-03T16:17:11+08:00 ] 127.0.0.1 /index.php/Home/Goods
INFO: [ app_init ] --START--
INFO: Run Behavior\BuildLiteBehavior [ RunTime:0.000016s ]
INFO: [ app_init ] --END-- [ RunTime:0.000326s ]
INFO: [ app_begin ] --START--
INFO: Run Behavior\ReadHtmlCacheBehavior [ RunTime:0.000396s ]
INFO: [ app_begin ] --END-- [ RunTime:0.000430s ]
SQL: SHOW COLUMNS FROM `ts_goods` [ RunTime:0.0475s ]
SQL: SELECT * FROM `ts_goods` WHERE ( is_show='1' )  [ RunTime:0.0013s ]
INFO: [ view_parse ] --START--
INFO: [ template_filter ] --START--
INFO: Run Behavior\ContentReplaceBehavior [ RunTime:0.000157s ]
INFO: [ template_filter ] --END-- [ RunTime:0.000207s ]
NOTIC: [8] Undefined index: member_login E:\tpshop\app\Runtime\Cache\Home\cfb7a4b7a770fdaa3c66850753ec4e53.php 第 26 行.
INFO: Run Behavior\ParseTemplateBehavior [ RunTime:0.033051s ]
INFO: [ view_parse ] --END-- [ RunTime:0.033088s ]
INFO: [ view_filter ] --START--
INFO: Run Behavior\WriteHtmlCacheBehavior [ RunTime:0.000222s ]
INFO: [ view_filter ] --END-- [ RunTime:0.000248s ]
INFO: [ app_end ] --START--
INFO: Run Behavior\ShowPageTraceBehavior [ RunTime:0.000510s ]
INFO: [ app_end ] --END-- [ RunTime:0.000551s ]

[ 2017-07-03T16:17:14+08:00 ] 127.0.0.1 /index.php/Home/Goods/detail/id/34.html
INFO: [ app_init ] --START--
INFO: Run Behavior\BuildLiteBehavior [ RunTime:0.000027s ]
INFO: [ app_init ] --END-- [ RunTime:0.000377s ]
INFO: [ app_begin ] --START--
INFO: Run Behavior\ReadHtmlCacheBehavior [ RunTime:0.000496s ]
INFO: [ app_begin ] --END-- [ RunTime:0.000560s ]
SQL: SHOW COLUMNS FROM `ts_goods` [ RunTime:0.0045s ]
SQL: SELECT * FROM `ts_goods` WHERE `goods_id` = 34 LIMIT 1   [ RunTime:0.0003s ]
SQL: SHOW COLUMNS FROM `ts_goods_photos` [ RunTime:0.4438s ]
SQL: SELECT * FROM `ts_goods_photos` WHERE ( goods_id=34 )  [ RunTime:0.0005s ]
SQL: SHOW COLUMNS FROM `ts_goods_attribute` [ RunTime:0.4642s ]
SQL: SELECT ga.id,`attr_value`,`attr_name` FROM ts_goods_attribute ga LEFT JOIN ts_attribute a on a.attr_id = ga.attr_id  WHERE ( ga.goods_id=34 AND attr_sel = 0 )  [ RunTime:0.0358s ]

[ 2017-07-03T16:17:18+08:00 ] 127.0.0.1 /index.php/Home/Goods/detail/id/33.html
INFO: [ app_init ] --START--
INFO: Run Behavior\BuildLiteBehavior [ RunTime:0.000011s ]
INFO: [ app_init ] --END-- [ RunTime:0.000242s ]
INFO: [ app_begin ] --START--
INFO: Run Behavior\ReadHtmlCacheBehavior [ RunTime:0.000350s ]
INFO: [ app_begin ] --END-- [ RunTime:0.000382s ]
SQL: SHOW COLUMNS FROM `ts_goods` [ RunTime:0.0029s ]
SQL: SELECT * FROM `ts_goods` WHERE `goods_id` = 33 LIMIT 1   [ RunTime:0.0003s ]
SQL: SHOW COLUMNS FROM `ts_goods_photos` [ RunTime:0.0016s ]
SQL: SELECT * FROM `ts_goods_photos` WHERE ( goods_id=33 )  [ RunTime:0.0002s ]
SQL: SHOW COLUMNS FROM `ts_goods_attribute` [ RunTime:0.0019s ]
SQL: SELECT ga.id,`attr_value`,`attr_name` FROM ts_goods_attribute ga LEFT JOIN ts_attribute a on a.attr_id = ga.attr_id  WHERE ( ga.goods_id=33 AND attr_sel = 0 )  [ RunTime:0.0002s ]

[ 2017-07-03T16:17:23+08:00 ] 127.0.0.1 /index.php/Home/Goods/detail/id/37.html
INFO: [ app_init ] --START--
INFO: Run Behavior\BuildLiteBehavior [ RunTime:0.000011s ]
INFO: [ app_init ] --END-- [ RunTime:0.000241s ]
INFO: [ app_begin ] --START--
INFO: Run Behavior\ReadHtmlCacheBehavior [ RunTime:0.000341s ]
INFO: [ app_begin ] --END-- [ RunTime:0.000373s ]
SQL: SHOW COLUMNS FROM `ts_goods` [ RunTime:0.0033s ]
SQL: SELECT * FROM `ts_goods` WHERE `goods_id` = 37 LIMIT 1   [ RunTime:0.0004s ]
SQL: SHOW COLUMNS FROM `ts_goods_photos` [ RunTime:0.0017s ]
SQL: SELECT * FROM `ts_goods_photos` WHERE ( goods_id=37 )  [ RunTime:0.0002s ]
SQL: SHOW COLUMNS FROM `ts_goods_attribute` [ RunTime:0.0018s ]
SQL: SELECT ga.id,`attr_value`,`attr_name` FROM ts_goods_attribute ga LEFT JOIN ts_attribute a on a.attr_id = ga.attr_id  WHERE ( ga.goods_id=37 AND attr_sel = 0 )  [ RunTime:0.0002s ]

[ 2017-07-03T16:17:28+08:00 ] 127.0.0.1 /index.php/Home/Goods/detail/id/30.html
INFO: [ app_init ] --START--
INFO: Run Behavior\BuildLiteBehavior [ RunTime:0.000013s ]
INFO: [ app_init ] --END-- [ RunTime:0.000299s ]
INFO: [ app_begin ] --START--
INFO: Run Behavior\ReadHtmlCacheBehavior [ RunTime:0.000430s ]
INFO: [ app_begin ] --END-- [ RunTime:0.000469s ]
SQL: SHOW COLUMNS FROM `ts_goods` [ RunTime:0.0019s ]
SQL: SELECT * FROM `ts_goods` WHERE `goods_id` = 30 LIMIT 1   [ RunTime:0.0003s ]
INFO: [ view_parse ] --START--
INFO: [ template_filter ] --START--
INFO: Run Behavior\ContentReplaceBehavior [ RunTime:0.000038s ]
INFO: [ template_filter ] --END-- [ RunTime:0.000081s ]
INFO: Run Behavior\ParseTemplateBehavior [ RunTime:0.037333s ]
INFO: [ view_parse ] --END-- [ RunTime:0.037396s ]
INFO: [ view_filter ] --START--
INFO: Run Behavior\WriteHtmlCacheBehavior [ RunTime:0.000210s ]
INFO: [ view_filter ] --END-- [ RunTime:0.000271s ]

[ 2017-07-03T16:17:30+08:00 ] 127.0.0.1 /index.php/Home/Goods/detail/id10.html
INFO: [ app_init ] --START--
INFO: Run Behavior\BuildLiteBehavior [ RunTime:0.000010s ]
INFO: [ app_init ] --END-- [ RunTime:0.000229s ]
INFO: [ app_begin ] --START--
INFO: Run Behavior\ReadHtmlCacheBehavior [ RunTime:0.000413s ]
INFO: [ app_begin ] --END-- [ RunTime:0.000462s ]
SQL: SHOW COLUMNS FROM `ts_goods` [ RunTime:0.0019s ]
SQL: SELECT * FROM `ts_goods` WHERE `goods_id` = 0 LIMIT 1   [ RunTime:0.0003s ]
INFO: [ view_parse ] --START--
INFO: [ template_filter ] --START--
INFO: Run Behavior\ContentReplaceBehavior [ RunTime:0.000036s ]
INFO: [ template_filter ] --END-- [ RunTime:0.000072s ]
INFO: Run Behavior\ParseTemplateBehavior [ RunTime:0.003766s ]
INFO: [ view_parse ] --END-- [ RunTime:0.003798s ]
INFO: [ view_filter ] --START--
INFO: Run Behavior\WriteHtmlCacheBehavior [ RunTime:0.000132s ]
INFO: [ view_filter ] --END-- [ RunTime:0.000157s ]

[ 2017-07-03T16:17:32+08:00 ] 127.0.0.1 /index.php/Home/Goods/detail/id10.html
INFO: [ app_init ] --START--
INFO: Run Behavior\BuildLiteBehavior [ RunTime:0.000016s ]
INFO: [ app_init ] --END-- [ RunTime:0.000477s ]
INFO: [ app_begin ] --START--
INFO: Run Behavior\ReadHtmlCacheBehavior [ RunTime:0.000464s ]
INFO: [ app_begin ] --END-- [ RunTime:0.000513s ]
SQL: SHOW COLUMNS FROM `ts_goods` [ RunTime:0.0087s ]
SQL: SELECT * FROM `ts_goods` WHERE `goods_id` = 0 LIMIT 1   [ RunTime:0.0004s ]
INFO: [ view_parse ] --START--
INFO: [ template_filter ] --START--
INFO: Run Behavior\ContentReplaceBehavior [ RunTime:0.000036s ]
INFO: [ template_filter ] --END-- [ RunTime:0.000067s ]
INFO: Run Behavior\ParseTemplateBehavior [ RunTime:0.003887s ]
INFO: [ view_parse ] --END-- [ RunTime:0.003926s ]
INFO: [ view_filter ] --START--
INFO: Run Behavior\WriteHtmlCacheBehavior [ RunTime:0.000129s ]
INFO: [ view_filter ] --END-- [ RunTime:0.000152s ]

[ 2017-07-03T16:17:35+08:00 ] 127.0.0.1 /index.php/Home/Goods/detail/id/34.html
INFO: [ app_init ] --START--
INFO: Run Behavior\BuildLiteBehavior [ RunTime:0.000016s ]
INFO: [ app_init ] --END-- [ RunTime:0.000346s ]
INFO: [ app_begin ] --START--
INFO: Run Behavior\ReadHtmlCacheBehavior [ RunTime:0.000490s ]
INFO: [ app_begin ] --END-- [ RunTime:0.000547s ]
SQL: SHOW COLUMNS FROM `ts_goods` [ RunTime:0.0016s ]
SQL: SELECT * FROM `ts_goods` WHERE `goods_id` = 34 LIMIT 1   [ RunTime:0.0002s ]
SQL: SHOW COLUMNS FROM `ts_goods_photos` [ RunTime:0.0023s ]
SQL: SELECT * FROM `ts_goods_photos` WHERE ( goods_id=34 )  [ RunTime:0.0003s ]
SQL: SHOW COLUMNS FROM `ts_goods_attribute` [ RunTime:0.0020s ]
SQL: SELECT ga.id,`attr_value`,`attr_name` FROM ts_goods_attribute ga LEFT JOIN ts_attribute a on a.attr_id = ga.attr_id  WHERE ( ga.goods_id=34 AND attr_sel = 0 )  [ RunTime:0.0002s ]

[ 2017-07-03T16:18:16+08:00 ] 127.0.0.1 /index.php/Home/Goods/detail/id/38.html
INFO: [ app_init ] --START--
INFO: Run Behavior\BuildLiteBehavior [ RunTime:0.000111s ]
INFO: [ app_init ] --END-- [ RunTime:0.001244s ]
INFO: [ app_begin ] --START--
INFO: Run Behavior\ReadHtmlCacheBehavior [ RunTime:0.000634s ]
INFO: [ app_begin ] --END-- [ RunTime:0.000693s ]
SQL: SHOW COLUMNS FROM `ts_goods` [ RunTime:0.0019s ]
SQL: SELECT * FROM `ts_goods` WHERE `goods_id` = 38 LIMIT 1   [ RunTime:0.0003s ]
SQL: SHOW COLUMNS FROM `ts_goods_photos` [ RunTime:0.0016s ]
SQL: SELECT * FROM `ts_goods_photos` WHERE ( goods_id=38 )  [ RunTime:0.0002s ]
SQL: SHOW COLUMNS FROM `ts_goods_attribute` [ RunTime:0.0030s ]
SQL: SELECT ga.id,`attr_value`,`attr_name` FROM ts_goods_attribute ga LEFT JOIN ts_attribute a on a.attr_id = ga.attr_id  WHERE ( ga.goods_id=38 AND attr_sel = 0 )  [ RunTime:0.0004s ]

[ 2017-07-03T16:18:22+08:00 ] 127.0.0.1 /index.php/Home/Goods/detail/id/33.html
INFO: [ app_init ] --START--
INFO: Run Behavior\BuildLiteBehavior [ RunTime:0.000086s ]
INFO: [ app_init ] --END-- [ RunTime:0.000842s ]
INFO: [ app_begin ] --START--
INFO: Run Behavior\ReadHtmlCacheBehavior [ RunTime:0.000500s ]
INFO: [ app_begin ] --END-- [ RunTime:0.000551s ]
SQL: SHOW COLUMNS FROM `ts_goods` [ RunTime:0.0029s ]
SQL: SELECT * FROM `ts_goods` WHERE `goods_id` = 33 LIMIT 1   [ RunTime:0.0003s ]
SQL: SHOW COLUMNS FROM `ts_goods_photos` [ RunTime:0.0018s ]
SQL: SELECT * FROM `ts_goods_photos` WHERE ( goods_id=33 )  [ RunTime:0.0003s ]
SQL: SHOW COLUMNS FROM `ts_goods_attribute` [ RunTime:0.0032s ]
SQL: SELECT ga.id,`attr_value`,`attr_name` FROM ts_goods_attribute ga LEFT JOIN ts_attribute a on a.attr_id = ga.attr_id  WHERE ( ga.goods_id=33 AND attr_sel = 0 )  [ RunTime:0.0002s ]

[ 2017-07-03T16:19:12+08:00 ] 127.0.0.1 /index.php/Home/Goods
INFO: [ app_init ] --START--
INFO: Run Behavior\BuildLiteBehavior [ RunTime:0.000010s ]
INFO: [ app_init ] --END-- [ RunTime:0.000228s ]
INFO: [ app_begin ] --START--
INFO: Run Behavior\ReadHtmlCacheBehavior [ RunTime:0.000347s ]
INFO: [ app_begin ] --END-- [ RunTime:0.000379s ]
SQL: SHOW COLUMNS FROM `ts_goods` [ RunTime:0.0022s ]
SQL: SELECT * FROM `ts_goods` WHERE ( is_show='1' )  [ RunTime:0.0004s ]
INFO: [ view_parse ] --START--
INFO: [ template_filter ] --START--
INFO: Run Behavior\ContentReplaceBehavior [ RunTime:0.000151s ]
INFO: [ template_filter ] --END-- [ RunTime:0.000188s ]
NOTIC: [8] Undefined index: member_login E:\tpshop\app\Runtime\Cache\Home\cfb7a4b7a770fdaa3c66850753ec4e53.php 第 26 行.
INFO: Run Behavior\ParseTemplateBehavior [ RunTime:0.012244s ]
INFO: [ view_parse ] --END-- [ RunTime:0.012296s ]
INFO: [ view_filter ] --START--
INFO: Run Behavior\WriteHtmlCacheBehavior [ RunTime:0.000240s ]
INFO: [ view_filter ] --END-- [ RunTime:0.000269s ]
INFO: [ app_end ] --START--
INFO: Run Behavior\ShowPageTraceBehavior [ RunTime:0.000641s ]
INFO: [ app_end ] --END-- [ RunTime:0.000706s ]

[ 2017-07-03T16:19:15+08:00 ] 127.0.0.1 /index.php/Home/Goods/detail/id/34.html
INFO: [ app_init ] --START--
INFO: Run Behavior\BuildLiteBehavior [ RunTime:0.000011s ]
INFO: [ app_init ] --END-- [ RunTime:0.000234s ]
INFO: [ app_begin ] --START--
INFO: Run Behavior\ReadHtmlCacheBehavior [ RunTime:0.000369s ]
INFO: [ app_begin ] --END-- [ RunTime:0.000403s ]
SQL: SHOW COLUMNS FROM `ts_goods` [ RunTime:0.0079s ]
SQL: SELECT * FROM `ts_goods` WHERE `goods_id` = 34 LIMIT 1   [ RunTime:0.0004s ]
SQL: SHOW COLUMNS FROM `ts_goods_photos` [ RunTime:0.0027s ]
SQL: SELECT * FROM `ts_goods_photos` WHERE ( goods_id=34 )  [ RunTime:0.0003s ]
SQL: SHOW COLUMNS FROM `ts_goods_attribute` [ RunTime:0.0018s ]
SQL: SELECT ga.id,`attr_value`,`attr_name` FROM ts_goods_attribute ga LEFT JOIN ts_attribute a on a.attr_id = ga.attr_id  WHERE ( ga.goods_id=34 AND attr_sel = 0 )  [ RunTime:0.0003s ]

[ 2017-07-03T16:19:17+08:00 ] 127.0.0.1 /index.php/Home/Goods/detail/id/33.html
INFO: [ app_init ] --START--
INFO: Run Behavior\BuildLiteBehavior [ RunTime:0.000013s ]
INFO: [ app_init ] --END-- [ RunTime:0.000371s ]
INFO: [ app_begin ] --START--
INFO: Run Behavior\ReadHtmlCacheBehavior [ RunTime:0.000365s ]
INFO: [ app_begin ] --END-- [ RunTime:0.000405s ]
SQL: SHOW COLUMNS FROM `ts_goods` [ RunTime:0.0081s ]
SQL: SELECT * FROM `ts_goods` WHERE `goods_id` = 33 LIMIT 1   [ RunTime:0.0003s ]
SQL: SHOW COLUMNS FROM `ts_goods_photos` [ RunTime:0.0017s ]
SQL: SELECT * FROM `ts_goods_photos` WHERE ( goods_id=33 )  [ RunTime:0.0002s ]
SQL: SHOW COLUMNS FROM `ts_goods_attribute` [ RunTime:0.0017s ]
SQL: SELECT ga.id,`attr_value`,`attr_name` FROM ts_goods_attribute ga LEFT JOIN ts_attribute a on a.attr_id = ga.attr_id  WHERE ( ga.goods_id=33 AND attr_sel = 0 )  [ RunTime:0.0002s ]

[ 2017-07-03T16:19:19+08:00 ] 127.0.0.1 /index.php/Home/Goods/detail/id/36.html
INFO: [ app_init ] --START--
INFO: Run Behavior\BuildLiteBehavior [ RunTime:0.000011s ]
INFO: [ app_init ] --END-- [ RunTime:0.000249s ]
INFO: [ app_begin ] --START--
INFO: Run Behavior\ReadHtmlCacheBehavior [ RunTime:0.000346s ]
INFO: [ app_begin ] --END-- [ RunTime:0.000378s ]
SQL: SHOW COLUMNS FROM `ts_goods` [ RunTime:0.0083s ]
SQL: SELECT * FROM `ts_goods` WHERE `goods_id` = 36 LIMIT 1   [ RunTime:0.0003s ]
SQL: SHOW COLUMNS FROM `ts_goods_photos` [ RunTime:0.0017s ]
SQL: SELECT * FROM `ts_goods_photos` WHERE ( goods_id=36 )  [ RunTime:0.0002s ]
SQL: SHOW COLUMNS FROM `ts_goods_attribute` [ RunTime:0.0017s ]
SQL: SELECT ga.id,`attr_value`,`attr_name` FROM ts_goods_attribute ga LEFT JOIN ts_attribute a on a.attr_id = ga.attr_id  WHERE ( ga.goods_id=36 AND attr_sel = 0 )  [ RunTime:0.0002s ]

[ 2017-07-03T16:19:21+08:00 ] 127.0.0.1 /index.php/Home/Goods/detail/id/37.html
INFO: [ app_init ] --START--
INFO: Run Behavior\BuildLiteBehavior [ RunTime:0.000015s ]
INFO: [ app_init ] --END-- [ RunTime:0.000404s ]
INFO: [ app_begin ] --START--
INFO: Run Behavior\ReadHtmlCacheBehavior [ RunTime:0.000654s ]
INFO: [ app_begin ] --END-- [ RunTime:0.000706s ]
SQL: SHOW COLUMNS FROM `ts_goods` [ RunTime:0.0033s ]
SQL: SELECT * FROM `ts_goods` WHERE `goods_id` = 37 LIMIT 1   [ RunTime:0.0008s ]
SQL: SHOW COLUMNS FROM `ts_goods_photos` [ RunTime:0.0024s ]
SQL: SELECT * FROM `ts_goods_photos` WHERE ( goods_id=37 )  [ RunTime:0.0002s ]
SQL: SHOW COLUMNS FROM `ts_goods_attribute` [ RunTime:0.0017s ]
SQL: SELECT ga.id,`attr_value`,`attr_name` FROM ts_goods_attribute ga LEFT JOIN ts_attribute a on a.attr_id = ga.attr_id  WHERE ( ga.goods_id=37 AND attr_sel = 0 )  [ RunTime:0.0002s ]

[ 2017-07-03T16:20:01+08:00 ] 127.0.0.1 /index.php/Home/Goods/detail/id/34.html
INFO: [ app_init ] --START--
INFO: Run Behavior\BuildLiteBehavior [ RunTime:0.000018s ]
INFO: [ app_init ] --END-- [ RunTime:0.000298s ]
INFO: [ app_begin ] --START--
INFO: Run Behavior\ReadHtmlCacheBehavior [ RunTime:0.000643s ]
INFO: [ app_begin ] --END-- [ RunTime:0.000742s ]
SQL: SHOW COLUMNS FROM `ts_goods` [ RunTime:0.0105s ]
SQL: SELECT * FROM `ts_goods` WHERE `goods_id` = 34 LIMIT 1   [ RunTime:0.0010s ]
SQL: SHOW COLUMNS FROM `ts_goods_photos` [ RunTime:0.0018s ]
SQL: SELECT * FROM `ts_goods_photos` WHERE ( goods_id=34 )  [ RunTime:0.0003s ]
SQL: SHOW COLUMNS FROM `ts_goods_attribute` [ RunTime:0.0022s ]
SQL: SELECT ga.id,`attr_value`,`attr_name` FROM ts_goods_attribute ga LEFT JOIN ts_attribute a on a.attr_id = ga.attr_id  WHERE ( ga.goods_id=34 AND attr_sel = 0 )  [ RunTime:0.0003s ]
INFO: [ view_parse ] --START--
INFO: [ template_filter ] --START--
INFO: Run Behavior\ContentReplaceBehavior [ RunTime:0.000300s ]
INFO: [ template_filter ] --END-- [ RunTime:0.000360s ]
NOTIC: [8] Undefined index: member_login E:\tpshop\app\Runtime\Cache\Home\a372310a3eb8997ff38d40da0fefe038.php 第 26 行.
INFO: Run Behavior\ParseTemplateBehavior [ RunTime:0.090154s ]
INFO: [ view_parse ] --END-- [ RunTime:0.090197s ]
INFO: [ view_filter ] --START--
INFO: Run Behavior\WriteHtmlCacheBehavior [ RunTime:0.000151s ]
INFO: [ view_filter ] --END-- [ RunTime:0.000175s ]
INFO: [ app_end ] --START--
INFO: Run Behavior\ShowPageTraceBehavior [ RunTime:0.000456s ]
INFO: [ app_end ] --END-- [ RunTime:0.000489s ]

[ 2017-07-03T16:23:47+08:00 ] 127.0.0.1 /index.php/Home/Goods/detail/id/34.html
INFO: [ app_init ] --START--
INFO: Run Behavior\BuildLiteBehavior [ RunTime:0.000013s ]
INFO: [ app_init ] --END-- [ RunTime:0.000267s ]
INFO: [ app_begin ] --START--
INFO: Run Behavior\ReadHtmlCacheBehavior [ RunTime:0.000409s ]
INFO: [ app_begin ] --END-- [ RunTime:0.000444s ]
SQL: SHOW COLUMNS FROM `ts_goods` [ RunTime:0.0081s ]
SQL: SELECT * FROM `ts_goods` WHERE `goods_id` = 34 LIMIT 1   [ RunTime:0.0003s ]
SQL: SHOW COLUMNS FROM `ts_goods_photos` [ RunTime:0.0017s ]
SQL: SELECT * FROM `ts_goods_photos` WHERE ( goods_id=34 )  [ RunTime:0.0003s ]
SQL: SHOW COLUMNS FROM `ts_goods_attribute` [ RunTime:0.0021s ]
SQL: SELECT ga.id,`attr_value`,`attr_name` FROM ts_goods_attribute ga LEFT JOIN ts_attribute a on a.attr_id = ga.attr_id  WHERE ( ga.goods_id=34 AND attr_sel = 0 )  [ RunTime:0.0002s ]
SQL: SELECT ga.id,`attr_value`,`attr_name` FROM ts_goods_attribute ga LEFT JOIN ts_attribute a on a.attr_id = ga.attr_id  WHERE ( ga.goods_id=34 AND attr_sel = 1 )  [ RunTime:0.0001s ]

[ 2017-07-03T16:23:50+08:00 ] 127.0.0.1 /index.php/Home/Goods/detail/id/33.html
INFO: [ app_init ] --START--
INFO: Run Behavior\BuildLiteBehavior [ RunTime:0.000011s ]
INFO: [ app_init ] --END-- [ RunTime:0.000253s ]
INFO: [ app_begin ] --START--
INFO: Run Behavior\ReadHtmlCacheBehavior [ RunTime:0.000354s ]
INFO: [ app_begin ] --END-- [ RunTime:0.000386s ]
SQL: SHOW COLUMNS FROM `ts_goods` [ RunTime:0.0081s ]
SQL: SELECT * FROM `ts_goods` WHERE `goods_id` = 33 LIMIT 1   [ RunTime:0.0003s ]
SQL: SHOW COLUMNS FROM `ts_goods_photos` [ RunTime:0.0017s ]
SQL: SELECT * FROM `ts_goods_photos` WHERE ( goods_id=33 )  [ RunTime:0.0002s ]
SQL: SHOW COLUMNS FROM `ts_goods_attribute` [ RunTime:0.0033s ]
SQL: SELECT ga.id,`attr_value`,`attr_name` FROM ts_goods_attribute ga LEFT JOIN ts_attribute a on a.attr_id = ga.attr_id  WHERE ( ga.goods_id=33 AND attr_sel = 0 )  [ RunTime:0.0002s ]
SQL: SELECT ga.id,`attr_value`,`attr_name` FROM ts_goods_attribute ga LEFT JOIN ts_attribute a on a.attr_id = ga.attr_id  WHERE ( ga.goods_id=33 AND attr_sel = 1 )  [ RunTime:0.0002s ]

[ 2017-07-03T16:23:51+08:00 ] 127.0.0.1 /index.php/Home/Goods/detail/id/36.html
INFO: [ app_init ] --START--
INFO: Run Behavior\BuildLiteBehavior [ RunTime:0.000014s ]
INFO: [ app_init ] --END-- [ RunTime:0.000598s ]
INFO: [ app_begin ] --START--
INFO: Run Behavior\ReadHtmlCacheBehavior [ RunTime:0.000370s ]
INFO: [ app_begin ] --END-- [ RunTime:0.000403s ]
SQL: SHOW COLUMNS FROM `ts_goods` [ RunTime:0.0080s ]
SQL: SELECT * FROM `ts_goods` WHERE `goods_id` = 36 LIMIT 1   [ RunTime:0.0003s ]
SQL: SHOW COLUMNS FROM `ts_goods_photos` [ RunTime:0.0016s ]
SQL: SELECT * FROM `ts_goods_photos` WHERE ( goods_id=36 )  [ RunTime:0.0002s ]
SQL: SHOW COLUMNS FROM `ts_goods_attribute` [ RunTime:0.0019s ]
SQL: SELECT ga.id,`attr_value`,`attr_name` FROM ts_goods_attribute ga LEFT JOIN ts_attribute a on a.attr_id = ga.attr_id  WHERE ( ga.goods_id=36 AND attr_sel = 0 )  [ RunTime:0.0002s ]
SQL: SELECT ga.id,`attr_value`,`attr_name` FROM ts_goods_attribute ga LEFT JOIN ts_attribute a on a.attr_id = ga.attr_id  WHERE ( ga.goods_id=36 AND attr_sel = 1 )  [ RunTime:0.0002s ]

[ 2017-07-03T16:23:53+08:00 ] 127.0.0.1 /index.php/Home/Goods/detail/id/37.html
INFO: [ app_init ] --START--
INFO: Run Behavior\BuildLiteBehavior [ RunTime:0.000012s ]
INFO: [ app_init ] --END-- [ RunTime:0.000274s ]
INFO: [ app_begin ] --START--
INFO: Run Behavior\ReadHtmlCacheBehavior [ RunTime:0.000486s ]
INFO: [ app_begin ] --END-- [ RunTime:0.000523s ]
SQL: SHOW COLUMNS FROM `ts_goods` [ RunTime:0.0080s ]
SQL: SELECT * FROM `ts_goods` WHERE `goods_id` = 37 LIMIT 1   [ RunTime:0.0003s ]
SQL: SHOW COLUMNS FROM `ts_goods_photos` [ RunTime:0.0017s ]
SQL: SELECT * FROM `ts_goods_photos` WHERE ( goods_id=37 )  [ RunTime:0.0002s ]
SQL: SHOW COLUMNS FROM `ts_goods_attribute` [ RunTime:0.0021s ]
SQL: SELECT ga.id,`attr_value`,`attr_name` FROM ts_goods_attribute ga LEFT JOIN ts_attribute a on a.attr_id = ga.attr_id  WHERE ( ga.goods_id=37 AND attr_sel = 0 )  [ RunTime:0.0002s ]
SQL: SELECT ga.id,`attr_value`,`attr_name` FROM ts_goods_attribute ga LEFT JOIN ts_attribute a on a.attr_id = ga.attr_id  WHERE ( ga.goods_id=37 AND attr_sel = 1 )  [ RunTime:0.0002s ]

[ 2017-07-03T16:24:06+08:00 ] 127.0.0.1 /index.php/Home/Goods/detail/id/44.html
INFO: [ app_init ] --START--
INFO: Run Behavior\BuildLiteBehavior [ RunTime:0.000012s ]
INFO: [ app_init ] --END-- [ RunTime:0.000254s ]
INFO: [ app_begin ] --START--
INFO: Run Behavior\ReadHtmlCacheBehavior [ RunTime:0.000352s ]
INFO: [ app_begin ] --END-- [ RunTime:0.000383s ]
SQL: SHOW COLUMNS FROM `ts_goods` [ RunTime:0.0022s ]
SQL: SELECT * FROM `ts_goods` WHERE `goods_id` = 44 LIMIT 1   [ RunTime:0.0003s ]
SQL: SHOW COLUMNS FROM `ts_goods_photos` [ RunTime:0.0029s ]
SQL: SELECT * FROM `ts_goods_photos` WHERE ( goods_id=44 )  [ RunTime:0.0002s ]
SQL: SHOW COLUMNS FROM `ts_goods_attribute` [ RunTime:0.0019s ]
SQL: SELECT ga.id,`attr_value`,`attr_name` FROM ts_goods_attribute ga LEFT JOIN ts_attribute a on a.attr_id = ga.attr_id  WHERE ( ga.goods_id=44 AND attr_sel = 0 )  [ RunTime:0.0002s ]
SQL: SELECT ga.id,`attr_value`,`attr_name` FROM ts_goods_attribute ga LEFT JOIN ts_attribute a on a.attr_id = ga.attr_id  WHERE ( ga.goods_id=44 AND attr_sel = 1 )  [ RunTime:0.0002s ]

[ 2017-07-03T16:24:53+08:00 ] 127.0.0.1 /index.php/Home/Goods
INFO: [ app_init ] --START--
INFO: Run Behavior\BuildLiteBehavior [ RunTime:0.000018s ]
INFO: [ app_init ] --END-- [ RunTime:0.000318s ]
INFO: [ app_begin ] --START--
INFO: Run Behavior\ReadHtmlCacheBehavior [ RunTime:0.001199s ]
INFO: [ app_begin ] --END-- [ RunTime:0.001360s ]
SQL: SHOW COLUMNS FROM `ts_goods` [ RunTime:0.0102s ]
SQL: SELECT * FROM `ts_goods` WHERE ( is_show='1' )  [ RunTime:0.0006s ]
INFO: [ view_parse ] --START--
INFO: [ template_filter ] --START--
INFO: Run Behavior\ContentReplaceBehavior [ RunTime:0.000217s ]
INFO: [ template_filter ] --END-- [ RunTime:0.000333s ]
NOTIC: [8] Undefined index: member_login E:\tpshop\app\Runtime\Cache\Home\cfb7a4b7a770fdaa3c66850753ec4e53.php 第 26 行.
INFO: Run Behavior\ParseTemplateBehavior [ RunTime:0.014076s ]
INFO: [ view_parse ] --END-- [ RunTime:0.014121s ]
INFO: [ view_filter ] --START--
INFO: Run Behavior\WriteHtmlCacheBehavior [ RunTime:0.000150s ]
INFO: [ view_filter ] --END-- [ RunTime:0.000179s ]
INFO: [ app_end ] --START--
INFO: Run Behavior\ShowPageTraceBehavior [ RunTime:0.000416s ]
INFO: [ app_end ] --END-- [ RunTime:0.000448s ]

[ 2017-07-03T16:24:59+08:00 ] 127.0.0.1 /index.php/Home/Goods/detail/id/45.html
INFO: [ app_init ] --START--
INFO: Run Behavior\BuildLiteBehavior [ RunTime:0.000057s ]
INFO: [ app_init ] --END-- [ RunTime:0.000573s ]
INFO: [ app_begin ] --START--
INFO: Run Behavior\ReadHtmlCacheBehavior [ RunTime:0.000459s ]
INFO: [ app_begin ] --END-- [ RunTime:0.000512s ]
SQL: SHOW COLUMNS FROM `ts_goods` [ RunTime:0.0090s ]
SQL: SELECT * FROM `ts_goods` WHERE `goods_id` = 45 LIMIT 1   [ RunTime:0.0004s ]
SQL: SHOW COLUMNS FROM `ts_goods_photos` [ RunTime:0.0018s ]
SQL: SELECT * FROM `ts_goods_photos` WHERE ( goods_id=45 )  [ RunTime:0.0002s ]
SQL: SHOW COLUMNS FROM `ts_goods_attribute` [ RunTime:0.0017s ]
SQL: SELECT ga.id,`attr_value`,`attr_name` FROM ts_goods_attribute ga LEFT JOIN ts_attribute a on a.attr_id = ga.attr_id  WHERE ( ga.goods_id=45 AND attr_sel = 0 )  [ RunTime:0.0002s ]
SQL: SELECT ga.id,`attr_value`,`attr_name` FROM ts_goods_attribute ga LEFT JOIN ts_attribute a on a.attr_id = ga.attr_id  WHERE ( ga.goods_id=45 AND attr_sel = 1 )  [ RunTime:0.0002s ]

[ 2017-07-03T16:33:50+08:00 ] 127.0.0.1 /index.php/Home/Goods
INFO: [ app_init ] --START--
INFO: Run Behavior\BuildLiteBehavior [ RunTime:0.000011s ]
INFO: [ app_init ] --END-- [ RunTime:0.000270s ]
INFO: [ app_begin ] --START--
INFO: Run Behavior\ReadHtmlCacheBehavior [ RunTime:0.000441s ]
INFO: [ app_begin ] --END-- [ RunTime:0.000482s ]
SQL: SHOW COLUMNS FROM `ts_goods` [ RunTime:0.0084s ]
SQL: SELECT * FROM `ts_goods` WHERE ( is_show='1' )  [ RunTime:0.0009s ]
INFO: [ view_parse ] --START--
INFO: [ template_filter ] --START--
INFO: Run Behavior\ContentReplaceBehavior [ RunTime:0.000148s ]
INFO: [ template_filter ] --END-- [ RunTime:0.000195s ]
NOTIC: [8] Undefined index: member_login E:\tpshop\app\Runtime\Cache\Home\cfb7a4b7a770fdaa3c66850753ec4e53.php 第 26 行.
INFO: Run Behavior\ParseTemplateBehavior [ RunTime:0.011029s ]
INFO: [ view_parse ] --END-- [ RunTime:0.011074s ]
INFO: [ view_filter ] --START--
INFO: Run Behavior\WriteHtmlCacheBehavior [ RunTime:0.000232s ]
INFO: [ view_filter ] --END-- [ RunTime:0.000259s ]
INFO: [ app_end ] --START--
INFO: Run Behavior\ShowPageTraceBehavior [ RunTime:0.000854s ]
INFO: [ app_end ] --END-- [ RunTime:0.000910s ]

[ 2017-07-03T16:33:53+08:00 ] 127.0.0.1 /index.php/Home/Goods/detail/id/46.html
INFO: [ app_init ] --START--
INFO: Run Behavior\BuildLiteBehavior [ RunTime:0.000011s ]
INFO: [ app_init ] --END-- [ RunTime:0.000265s ]
INFO: [ app_begin ] --START--
INFO: Run Behavior\ReadHtmlCacheBehavior [ RunTime:0.000482s ]
INFO: [ app_begin ] --END-- [ RunTime:0.000525s ]
SQL: SHOW COLUMNS FROM `ts_goods` [ RunTime:0.0082s ]
SQL: SELECT * FROM `ts_goods` WHERE `goods_id` = 46 LIMIT 1   [ RunTime:0.0004s ]
SQL: SHOW COLUMNS FROM `ts_goods_photos` [ RunTime:0.0030s ]
SQL: SELECT * FROM `ts_goods_photos` WHERE ( goods_id=46 )  [ RunTime:0.0002s ]
SQL: SHOW COLUMNS FROM `ts_goods_attribute` [ RunTime:0.0020s ]
SQL: SELECT ga.id,`attr_value`,`attr_name` FROM ts_goods_attribute ga LEFT JOIN ts_attribute a on a.attr_id = ga.attr_id  WHERE ( ga.goods_id=46 AND attr_sel = 0 )  [ RunTime:0.0002s ]
SQL: SELECT ga.id,`attr_value`,`attr_name` FROM ts_goods_attribute ga LEFT JOIN ts_attribute a on a.attr_id = ga.attr_id  WHERE ( ga.goods_id=46 AND attr_sel = 1 )  [ RunTime:0.0002s ]
INFO: [ view_parse ] --START--
INFO: [ template_filter ] --START--
INFO: Run Behavior\ContentReplaceBehavior [ RunTime:0.000275s ]
INFO: [ template_filter ] --END-- [ RunTime:0.000331s ]
NOTIC: [8] Undefined index: member_login E:\tpshop\app\Runtime\Cache\Home\a372310a3eb8997ff38d40da0fefe038.php 第 26 行.
NOTIC: [8] Undefined offset: 0 E:\tpshop\app\Runtime\Cache\Home\a372310a3eb8997ff38d40da0fefe038.php 第 600 行.
NOTIC: [8] Undefined offset: 0 E:\tpshop\app\Runtime\Cache\Home\a372310a3eb8997ff38d40da0fefe038.php 第 601 行.
INFO: Run Behavior\ParseTemplateBehavior [ RunTime:0.014205s ]
INFO: [ view_parse ] --END-- [ RunTime:0.014249s ]
INFO: [ view_filter ] --START--
INFO: Run Behavior\WriteHtmlCacheBehavior [ RunTime:0.000385s ]
INFO: [ view_filter ] --END-- [ RunTime:0.000421s ]
INFO: [ app_end ] --START--
INFO: Run Behavior\ShowPageTraceBehavior [ RunTime:0.000933s ]
INFO: [ app_end ] --END-- [ RunTime:0.000995s ]

[ 2017-07-03T16:34:17+08:00 ] 127.0.0.1 /index.php/Home/Goods/detail/id/46.html
INFO: [ app_init ] --START--
INFO: Run Behavior\BuildLiteBehavior [ RunTime:0.000010s ]
INFO: [ app_init ] --END-- [ RunTime:0.000292s ]
INFO: [ app_begin ] --START--
INFO: Run Behavior\ReadHtmlCacheBehavior [ RunTime:0.000450s ]
INFO: [ app_begin ] --END-- [ RunTime:0.000486s ]
SQL: SHOW COLUMNS FROM `ts_goods` [ RunTime:0.0019s ]
SQL: SELECT * FROM `ts_goods` WHERE `goods_id` = 46 LIMIT 1   [ RunTime:0.0003s ]
SQL: SHOW COLUMNS FROM `ts_goods_photos` [ RunTime:0.0017s ]
SQL: SELECT * FROM `ts_goods_photos` WHERE ( goods_id=46 )  [ RunTime:0.0002s ]
SQL: SHOW COLUMNS FROM `ts_goods_attribute` [ RunTime:0.0016s ]
SQL: SELECT ga.id,`attr_value`,`attr_name` FROM ts_goods_attribute ga LEFT JOIN ts_attribute a on a.attr_id = ga.attr_id  WHERE ( ga.goods_id=46 AND attr_sel = 0 )  [ RunTime:0.0002s ]
SQL: SELECT ga.id,`attr_value`,`attr_name` FROM ts_goods_attribute ga LEFT JOIN ts_attribute a on a.attr_id = ga.attr_id  WHERE ( ga.goods_id=46 AND attr_sel = 1 )  [ RunTime:0.0002s ]
INFO: [ view_parse ] --START--
INFO: [ template_filter ] --START--
INFO: Run Behavior\ContentReplaceBehavior [ RunTime:0.000201s ]
INFO: [ template_filter ] --END-- [ RunTime:0.000249s ]
NOTIC: [8] Undefined index: member_login E:\tpshop\app\Runtime\Cache\Home\a372310a3eb8997ff38d40da0fefe038.php 第 26 行.
INFO: Run Behavior\ParseTemplateBehavior [ RunTime:0.014629s ]
INFO: [ view_parse ] --END-- [ RunTime:0.014659s ]
INFO: [ view_filter ] --START--
INFO: Run Behavior\WriteHtmlCacheBehavior [ RunTime:0.000240s ]
INFO: [ view_filter ] --END-- [ RunTime:0.000265s ]
INFO: [ app_end ] --START--
INFO: Run Behavior\ShowPageTraceBehavior [ RunTime:0.000476s ]
INFO: [ app_end ] --END-- [ RunTime:0.000517s ]

[ 2017-07-03T16:34:45+08:00 ] 127.0.0.1 /index.php/Home/Goods/detail/id/46.html
INFO: [ app_init ] --START--
INFO: Run Behavior\BuildLiteBehavior [ RunTime:0.000015s ]
INFO: [ app_init ] --END-- [ RunTime:0.000409s ]
INFO: [ app_begin ] --START--
INFO: Run Behavior\ReadHtmlCacheBehavior [ RunTime:0.000473s ]
INFO: [ app_begin ] --END-- [ RunTime:0.000507s ]
SQL: SHOW COLUMNS FROM `ts_goods` [ RunTime:0.0097s ]
SQL: SELECT * FROM `ts_goods` WHERE `goods_id` = 46 LIMIT 1   [ RunTime:0.0004s ]
SQL: SHOW COLUMNS FROM `ts_goods_photos` [ RunTime:0.0017s ]
SQL: SELECT * FROM `ts_goods_photos` WHERE ( goods_id=46 )  [ RunTime:0.0002s ]
SQL: SHOW COLUMNS FROM `ts_goods_attribute` [ RunTime:0.0018s ]
SQL: SELECT ga.id,`attr_value`,`attr_name` FROM ts_goods_attribute ga LEFT JOIN ts_attribute a on a.attr_id = ga.attr_id  WHERE ( ga.goods_id=46 AND attr_sel = 0 )  [ RunTime:0.0002s ]
SQL: SELECT ga.id,`attr_value`,`attr_name` FROM ts_goods_attribute ga LEFT JOIN ts_attribute a on a.attr_id = ga.attr_id  WHERE ( ga.goods_id=46 AND attr_sel = 1 )  [ RunTime:0.0001s ]

[ 2017-07-03T16:35:15+08:00 ] 127.0.0.1 /
INFO: [ app_init ] --START--
INFO: Run Behavior\BuildLiteBehavior [ RunTime:0.000012s ]
INFO: [ app_init ] --END-- [ RunTime:0.000311s ]
INFO: [ app_begin ] --START--
INFO: Run Behavior\ReadHtmlCacheBehavior [ RunTime:0.000803s ]
INFO: [ app_begin ] --END-- [ RunTime:0.000847s ]
INFO: [ view_parse ] --START--
INFO: [ template_filter ] --START--
INFO: Run Behavior\ContentReplaceBehavior [ RunTime:0.000184s ]
INFO: [ template_filter ] --END-- [ RunTime:0.000237s ]
NOTIC: [8] Undefined index: member_login E:\tpshop\app\Runtime\Cache\Home\2bc71d220ff77e6b12bf354b9e8a67ea.php 第 26 行.
INFO: Run Behavior\ParseTemplateBehavior [ RunTime:0.012197s ]
INFO: [ view_parse ] --END-- [ RunTime:0.012237s ]
INFO: [ view_filter ] --START--
INFO: Run Behavior\WriteHtmlCacheBehavior [ RunTime:0.000294s ]
INFO: [ view_filter ] --END-- [ RunTime:0.000319s ]
INFO: [ app_end ] --START--
INFO: Run Behavior\ShowPageTraceBehavior [ RunTime:0.000502s ]
INFO: [ app_end ] --END-- [ RunTime:0.000532s ]

[ 2017-07-03T16:35:19+08:00 ] 127.0.0.1 HTTP://tpshop.php24.me/
INFO: [ app_init ] --START--
INFO: Run Behavior\BuildLiteBehavior [ RunTime:0.000016s ]
INFO: [ app_init ] --END-- [ RunTime:0.000378s ]
INFO: [ app_begin ] --START--
INFO: Run Behavior\ReadHtmlCacheBehavior [ RunTime:0.000721s ]
INFO: [ app_begin ] --END-- [ RunTime:0.000772s ]
INFO: [ view_parse ] --START--
INFO: [ template_filter ] --START--
INFO: Run Behavior\ContentReplaceBehavior [ RunTime:0.000175s ]
INFO: [ template_filter ] --END-- [ RunTime:0.000216s ]
NOTIC: [8] Undefined index: member_login E:\tpshop\app\Runtime\Cache\Home\2bc71d220ff77e6b12bf354b9e8a67ea.php 第 26 行.
INFO: Run Behavior\ParseTemplateBehavior [ RunTime:0.015101s ]
INFO: [ view_parse ] --END-- [ RunTime:0.015140s ]
INFO: [ view_filter ] --START--
INFO: Run Behavior\WriteHtmlCacheBehavior [ RunTime:0.000293s ]
INFO: [ view_filter ] --END-- [ RunTime:0.000319s ]
INFO: [ app_end ] --START--
INFO: Run Behavior\ShowPageTraceBehavior [ RunTime:0.000490s ]
INFO: [ app_end ] --END-- [ RunTime:0.000520s ]

[ 2017-07-03T16:35:21+08:00 ] 127.0.0.1 /index.php
INFO: [ app_init ] --START--
INFO: Run Behavior\BuildLiteBehavior [ RunTime:0.000017s ]
INFO: [ app_init ] --END-- [ RunTime:0.000391s ]
INFO: [ app_begin ] --START--
INFO: Run Behavior\ReadHtmlCacheBehavior [ RunTime:0.000708s ]
INFO: [ app_begin ] --END-- [ RunTime:0.000759s ]
INFO: [ view_parse ] --START--
INFO: [ template_filter ] --START--
INFO: Run Behavior\ContentReplaceBehavior [ RunTime:0.000321s ]
INFO: [ template_filter ] --END-- [ RunTime:0.000380s ]
NOTIC: [8] Undefined index: member_login E:\tpshop\app\Runtime\Cache\Home\2bc71d220ff77e6b12bf354b9e8a67ea.php 第 26 行.
INFO: Run Behavior\ParseTemplateBehavior [ RunTime:0.018280s ]
INFO: [ view_parse ] --END-- [ RunTime:0.018338s ]
INFO: [ view_filter ] --START--
INFO: Run Behavior\WriteHtmlCacheBehavior [ RunTime:0.000372s ]
INFO: [ view_filter ] --END-- [ RunTime:0.000412s ]
INFO: [ app_end ] --START--
INFO: Run Behavior\ShowPageTraceBehavior [ RunTime:0.000787s ]
INFO: [ app_end ] --END-- [ RunTime:0.000860s ]

[ 2017-07-03T16:35:34+08:00 ] 127.0.0.1 /index.php/Home/Goods/detail/id/46.html
INFO: [ app_init ] --START--
INFO: Run Behavior\BuildLiteBehavior [ RunTime:0.000018s ]
INFO: [ app_init ] --END-- [ RunTime:0.000558s ]
INFO: [ app_begin ] --START--
INFO: Run Behavior\ReadHtmlCacheBehavior [ RunTime:0.000716s ]
INFO: [ app_begin ] --END-- [ RunTime:0.000756s ]
SQL: SHOW COLUMNS FROM `ts_goods` [ RunTime:0.0085s ]
SQL: SELECT * FROM `ts_goods` WHERE `goods_id` = 46 LIMIT 1   [ RunTime:0.0008s ]
SQL: SHOW COLUMNS FROM `ts_goods_photos` [ RunTime:0.0019s ]
SQL: SELECT * FROM `ts_goods_photos` WHERE ( goods_id=46 )  [ RunTime:0.0002s ]
SQL: SHOW COLUMNS FROM `ts_goods_attribute` [ RunTime:0.0017s ]
SQL: SELECT ga.id,`attr_value`,`attr_name` FROM ts_goods_attribute ga LEFT JOIN ts_attribute a on a.attr_id = ga.attr_id  WHERE ( ga.goods_id=46 AND attr_sel = 0 )  [ RunTime:0.0003s ]
SQL: SELECT ga.id,`attr_value`,`attr_name` FROM ts_goods_attribute ga LEFT JOIN ts_attribute a on a.attr_id = ga.attr_id  WHERE ( ga.goods_id=46 AND attr_sel = 1 )  [ RunTime:0.0002s ]

[ 2017-07-03T16:35:39+08:00 ] 127.0.0.1 /index.php/Home/Goods/detail/id/47.html
INFO: [ app_init ] --START--
INFO: Run Behavior\BuildLiteBehavior [ RunTime:0.000015s ]
INFO: [ app_init ] --END-- [ RunTime:0.000396s ]
INFO: [ app_begin ] --START--
INFO: Run Behavior\ReadHtmlCacheBehavior [ RunTime:0.000643s ]
INFO: [ app_begin ] --END-- [ RunTime:0.000710s ]
SQL: SHOW COLUMNS FROM `ts_goods` [ RunTime:0.0019s ]
SQL: SELECT * FROM `ts_goods` WHERE `goods_id` = 47 LIMIT 1   [ RunTime:0.0003s ]
SQL: SHOW COLUMNS FROM `ts_goods_photos` [ RunTime:0.0025s ]
SQL: SELECT * FROM `ts_goods_photos` WHERE ( goods_id=47 )  [ RunTime:0.0002s ]
SQL: SHOW COLUMNS FROM `ts_goods_attribute` [ RunTime:0.0018s ]
SQL: SELECT ga.id,`attr_value`,`attr_name` FROM ts_goods_attribute ga LEFT JOIN ts_attribute a on a.attr_id = ga.attr_id  WHERE ( ga.goods_id=47 AND attr_sel = 0 )  [ RunTime:0.0003s ]
SQL: SELECT ga.id,`attr_value`,`attr_name` FROM ts_goods_attribute ga LEFT JOIN ts_attribute a on a.attr_id = ga.attr_id  WHERE ( ga.goods_id=47 AND attr_sel = 1 )  [ RunTime:0.0002s ]

[ 2017-07-03T16:38:26+08:00 ] 127.0.0.1 /index.php/Home/Goods/detail/id/47.html
INFO: [ app_init ] --START--
INFO: Run Behavior\BuildLiteBehavior [ RunTime:0.000012s ]
INFO: [ app_init ] --END-- [ RunTime:0.000268s ]
INFO: [ app_begin ] --START--
INFO: Run Behavior\ReadHtmlCacheBehavior [ RunTime:0.000466s ]
INFO: [ app_begin ] --END-- [ RunTime:0.000500s ]
SQL: SHOW COLUMNS FROM `ts_goods` [ RunTime:0.0081s ]
SQL: SELECT * FROM `ts_goods` WHERE `goods_id` = 47 LIMIT 1   [ RunTime:0.0003s ]
SQL: SHOW COLUMNS FROM `ts_goods_photos` [ RunTime:0.0028s ]
SQL: SELECT * FROM `ts_goods_photos` WHERE ( goods_id=47 )  [ RunTime:0.0002s ]
SQL: SHOW COLUMNS FROM `ts_goods_attribute` [ RunTime:0.0017s ]
SQL: SELECT ga.id,`attr_value`,`attr_name` FROM ts_goods_attribute ga LEFT JOIN ts_attribute a on a.attr_id = ga.attr_id  WHERE ( ga.goods_id=47 AND attr_sel = 0 )  [ RunTime:0.0002s ]
SQL: SELECT ga.id,`attr_value`,`attr_name` FROM ts_goods_attribute ga LEFT JOIN ts_attribute a on a.attr_id = ga.attr_id  WHERE ( ga.goods_id=47 AND attr_sel = 1 )  [ RunTime:0.0002s ]
NOTIC: [8] Undefined variable: attrs E:\tpshop\app\Home\Controller\GoodsController.class.php 第 37 行.
NOTIC: [2] Invalid argument supplied for foreach() E:\tpshop\app\Home\Controller\GoodsController.class.php 第 37 行.
INFO: [ view_parse ] --START--
INFO: [ template_filter ] --START--
INFO: Run Behavior\ContentReplaceBehavior [ RunTime:0.000197s ]
INFO: [ template_filter ] --END-- [ RunTime:0.000244s ]
NOTIC: [8] Undefined index: member_login E:\tpshop\app\Runtime\Cache\Home\a372310a3eb8997ff38d40da0fefe038.php 第 26 行.
NOTIC: [8] Undefined offset: 0 E:\tpshop\app\Runtime\Cache\Home\a372310a3eb8997ff38d40da0fefe038.php 第 600 行.
NOTIC: [8] Undefined offset: 0 E:\tpshop\app\Runtime\Cache\Home\a372310a3eb8997ff38d40da0fefe038.php 第 601 行.
INFO: Run Behavior\ParseTemplateBehavior [ RunTime:0.013237s ]
INFO: [ view_parse ] --END-- [ RunTime:0.013270s ]
INFO: [ view_filter ] --START--
INFO: Run Behavior\WriteHtmlCacheBehavior [ RunTime:0.000300s ]
INFO: [ view_filter ] --END-- [ RunTime:0.000325s ]
INFO: [ app_end ] --START--
INFO: Run Behavior\ShowPageTraceBehavior [ RunTime:0.000599s ]
INFO: [ app_end ] --END-- [ RunTime:0.000633s ]

[ 2017-07-03T16:38:45+08:00 ] 127.0.0.1 /index.php/Home/Goods/detail/id/47.html
INFO: [ app_init ] --START--
INFO: Run Behavior\BuildLiteBehavior [ RunTime:0.000020s ]
INFO: [ app_init ] --END-- [ RunTime:0.000445s ]
INFO: [ app_begin ] --START--
INFO: Run Behavior\ReadHtmlCacheBehavior [ RunTime:0.000836s ]
INFO: [ app_begin ] --END-- [ RunTime:0.000907s ]
SQL: SHOW COLUMNS FROM `ts_goods` [ RunTime:0.0125s ]
SQL: SELECT * FROM `ts_goods` WHERE `goods_id` = 47 LIMIT 1   [ RunTime:0.0005s ]
SQL: SHOW COLUMNS FROM `ts_goods_photos` [ RunTime:0.0018s ]
SQL: SELECT * FROM `ts_goods_photos` WHERE ( goods_id=47 )  [ RunTime:0.0002s ]
SQL: SHOW COLUMNS FROM `ts_goods_attribute` [ RunTime:0.0017s ]
SQL: SELECT ga.id,`attr_value`,`attr_name` FROM ts_goods_attribute ga LEFT JOIN ts_attribute a on a.attr_id = ga.attr_id  WHERE ( ga.goods_id=47 AND attr_sel = 0 )  [ RunTime:0.0002s ]
SQL: SELECT ga.id,`attr_value`,`attr_name` FROM ts_goods_attribute ga LEFT JOIN ts_attribute a on a.attr_id = ga.attr_id  WHERE ( ga.goods_id=47 AND attr_sel = 1 )  [ RunTime:0.0002s ]
NOTIC: [8] Undefined variable: attrs E:\tpshop\app\Home\Controller\GoodsController.class.php 第 37 行.
NOTIC: [2] Invalid argument supplied for foreach() E:\tpshop\app\Home\Controller\GoodsController.class.php 第 37 行.
INFO: [ view_parse ] --START--
INFO: [ template_filter ] --START--
INFO: Run Behavior\ContentReplaceBehavior [ RunTime:0.000185s ]
INFO: [ template_filter ] --END-- [ RunTime:0.000225s ]
NOTIC: [8] Undefined index: member_login E:\tpshop\app\Runtime\Cache\Home\a372310a3eb8997ff38d40da0fefe038.php 第 26 行.
INFO: Run Behavior\ParseTemplateBehavior [ RunTime:0.016203s ]
INFO: [ view_parse ] --END-- [ RunTime:0.016242s ]
INFO: [ view_filter ] --START--
INFO: Run Behavior\WriteHtmlCacheBehavior [ RunTime:0.000433s ]
INFO: [ view_filter ] --END-- [ RunTime:0.000464s ]
INFO: [ app_end ] --START--
INFO: Run Behavior\ShowPageTraceBehavior [ RunTime:0.000745s ]
INFO: [ app_end ] --END-- [ RunTime:0.000797s ]

[ 2017-07-03T16:41:43+08:00 ] 127.0.0.1 /index.php/Home/Goods/detail/id/47.html
INFO: [ app_init ] --START--
INFO: Run Behavior\BuildLiteBehavior [ RunTime:0.000011s ]
INFO: [ app_init ] --END-- [ RunTime:0.000261s ]
INFO: [ app_begin ] --START--
INFO: Run Behavior\ReadHtmlCacheBehavior [ RunTime:0.000476s ]
INFO: [ app_begin ] --END-- [ RunTime:0.000511s ]
SQL: SHOW COLUMNS FROM `ts_goods` [ RunTime:0.0087s ]
SQL: SELECT * FROM `ts_goods` WHERE `goods_id` = 47 LIMIT 1   [ RunTime:0.0003s ]
SQL: SHOW COLUMNS FROM `ts_goods_photos` [ RunTime:0.0029s ]
SQL: SELECT * FROM `ts_goods_photos` WHERE ( goods_id=47 )  [ RunTime:0.0002s ]
SQL: SHOW COLUMNS FROM `ts_goods_attribute` [ RunTime:0.0016s ]
SQL: SELECT ga.id,`attr_value`,`attr_name` FROM ts_goods_attribute ga LEFT JOIN ts_attribute a on a.attr_id = ga.attr_id  WHERE ( ga.goods_id=47 AND attr_sel = 0 )  [ RunTime:0.0003s ]
SQL: SELECT ga.id,`attr_value`,`attr_name` FROM ts_goods_attribute ga LEFT JOIN ts_attribute a on a.attr_id = ga.attr_id  WHERE ( ga.goods_id=47 AND attr_sel = 1 )  [ RunTime:0.0002s ]
NOTIC: [8] Undefined variable: attrs E:\tpshop\app\Home\Controller\GoodsController.class.php 第 37 行.
NOTIC: [2] Invalid argument supplied for foreach() E:\tpshop\app\Home\Controller\GoodsController.class.php 第 37 行.
INFO: [ view_parse ] --START--
INFO: [ template_filter ] --START--
INFO: Run Behavior\ContentReplaceBehavior [ RunTime:0.000253s ]
INFO: [ template_filter ] --END-- [ RunTime:0.000320s ]
NOTIC: [8] Undefined index: member_login E:\tpshop\app\Runtime\Cache\Home\a372310a3eb8997ff38d40da0fefe038.php 第 26 行.
INFO: Run Behavior\ParseTemplateBehavior [ RunTime:0.012990s ]
INFO: [ view_parse ] --END-- [ RunTime:0.013024s ]
INFO: [ view_filter ] --START--
INFO: Run Behavior\WriteHtmlCacheBehavior [ RunTime:0.000293s ]
INFO: [ view_filter ] --END-- [ RunTime:0.000318s ]
INFO: [ app_end ] --START--
INFO: Run Behavior\ShowPageTraceBehavior [ RunTime:0.000557s ]
INFO: [ app_end ] --END-- [ RunTime:0.000599s ]

[ 2017-07-03T16:47:47+08:00 ] 127.0.0.1 /index.php/Home/Goods/detail/id/47.html
INFO: [ app_init ] --START--
INFO: Run Behavior\BuildLiteBehavior [ RunTime:0.000012s ]
INFO: [ app_init ] --END-- [ RunTime:0.000306s ]
INFO: [ app_begin ] --START--
INFO: Run Behavior\ReadHtmlCacheBehavior [ RunTime:0.000713s ]
INFO: [ app_begin ] --END-- [ RunTime:0.000761s ]
SQL: SHOW COLUMNS FROM `ts_goods` [ RunTime:0.0094s ]
SQL: SELECT * FROM `ts_goods` WHERE `goods_id` = 47 LIMIT 1   [ RunTime:0.0004s ]
SQL: SHOW COLUMNS FROM `ts_goods_photos` [ RunTime:0.0021s ]
SQL: SELECT * FROM `ts_goods_photos` WHERE ( goods_id=47 )  [ RunTime:0.0003s ]
SQL: SHOW COLUMNS FROM `ts_goods_attribute` [ RunTime:0.0021s ]
SQL: SELECT ga.id,`attr_value`,`attr_name` FROM ts_goods_attribute ga LEFT JOIN ts_attribute a on a.attr_id = ga.attr_id  WHERE ( ga.goods_id=47 AND attr_sel = 0 )  [ RunTime:0.0005s ]
SQL: SELECT ga.id,`attr_value`,`attr_name` FROM ts_goods_attribute ga LEFT JOIN ts_attribute a on a.attr_id = ga.attr_id  WHERE ( ga.goods_id=47 AND attr_sel = 1 )  [ RunTime:0.0003s ]
NOTIC: [8] Undefined variable: attrs E:\tpshop\app\Home\Controller\GoodsController.class.php 第 37 行.
NOTIC: [2] Invalid argument supplied for foreach() E:\tpshop\app\Home\Controller\GoodsController.class.php 第 37 行.
INFO: [ view_parse ] --START--
INFO: [ template_filter ] --START--
INFO: Run Behavior\ContentReplaceBehavior [ RunTime:0.000204s ]
INFO: [ template_filter ] --END-- [ RunTime:0.000246s ]
NOTIC: [8] Undefined index: member_login E:\tpshop\app\Runtime\Cache\Home\a372310a3eb8997ff38d40da0fefe038.php 第 26 行.
INFO: Run Behavior\ParseTemplateBehavior [ RunTime:0.015114s ]
INFO: [ view_parse ] --END-- [ RunTime:0.015152s ]
INFO: [ view_filter ] --START--
INFO: Run Behavior\WriteHtmlCacheBehavior [ RunTime:0.000305s ]
INFO: [ view_filter ] --END-- [ RunTime:0.000331s ]
INFO: [ app_end ] --START--
INFO: Run Behavior\ShowPageTraceBehavior [ RunTime:0.000703s ]
INFO: [ app_end ] --END-- [ RunTime:0.000757s ]

[ 2017-07-03T16:48:19+08:00 ] 127.0.0.1 /index.php/Home/Goods/detail/id/47.html
INFO: [ app_init ] --START--
INFO: Run Behavior\BuildLiteBehavior [ RunTime:0.000049s ]
INFO: [ app_init ] --END-- [ RunTime:0.001085s ]
INFO: [ app_begin ] --START--
INFO: Run Behavior\ReadHtmlCacheBehavior [ RunTime:0.000750s ]
INFO: [ app_begin ] --END-- [ RunTime:0.000810s ]
SQL: SHOW COLUMNS FROM `ts_goods` [ RunTime:0.0087s ]
SQL: SELECT * FROM `ts_goods` WHERE `goods_id` = 47 LIMIT 1   [ RunTime:0.0004s ]
SQL: SHOW COLUMNS FROM `ts_goods_photos` [ RunTime:0.0021s ]
SQL: SELECT * FROM `ts_goods_photos` WHERE ( goods_id=47 )  [ RunTime:0.0003s ]
SQL: SHOW COLUMNS FROM `ts_goods_attribute` [ RunTime:0.0021s ]
SQL: SELECT ga.id,`attr_value`,`attr_name` FROM ts_goods_attribute ga LEFT JOIN ts_attribute a on a.attr_id = ga.attr_id  WHERE ( ga.goods_id=47 AND attr_sel = 0 )  [ RunTime:0.0003s ]
SQL: SELECT ga.id,`attr_value`,`attr_name` FROM ts_goods_attribute ga LEFT JOIN ts_attribute a on a.attr_id = ga.attr_id  WHERE ( ga.goods_id=47 AND attr_sel = 1 )  [ RunTime:0.0002s ]
NOTIC: [8] Undefined variable: attrs E:\tpshop\app\Home\Controller\GoodsController.class.php 第 37 行.
NOTIC: [2] Invalid argument supplied for foreach() E:\tpshop\app\Home\Controller\GoodsController.class.php 第 37 行.
INFO: [ view_parse ] --START--
INFO: [ template_filter ] --START--
INFO: Run Behavior\ContentReplaceBehavior [ RunTime:0.000280s ]
INFO: [ template_filter ] --END-- [ RunTime:0.000336s ]
NOTIC: [8] Undefined index: member_login E:\tpshop\app\Runtime\Cache\Home\a372310a3eb8997ff38d40da0fefe038.php 第 26 行.
INFO: Run Behavior\ParseTemplateBehavior [ RunTime:0.021217s ]
INFO: [ view_parse ] --END-- [ RunTime:0.021275s ]
INFO: [ view_filter ] --START--
INFO: Run Behavior\WriteHtmlCacheBehavior [ RunTime:0.000456s ]
INFO: [ view_filter ] --END-- [ RunTime:0.000496s ]
INFO: [ app_end ] --START--
INFO: Run Behavior\ShowPageTraceBehavior [ RunTime:0.000749s ]
INFO: [ app_end ] --END-- [ RunTime:0.000805s ]

[ 2017-07-03T16:48:32+08:00 ] 127.0.0.1 /index.php/Home/Goods/detail/id/47.html
INFO: [ app_init ] --START--
INFO: Run Behavior\BuildLiteBehavior [ RunTime:0.000013s ]
INFO: [ app_init ] --END-- [ RunTime:0.000337s ]
INFO: [ app_begin ] --START--
INFO: Run Behavior\ReadHtmlCacheBehavior [ RunTime:0.000600s ]
INFO: [ app_begin ] --END-- [ RunTime:0.000643s ]
SQL: SHOW COLUMNS FROM `ts_goods` [ RunTime:0.0086s ]
SQL: SELECT * FROM `ts_goods` WHERE `goods_id` = 47 LIMIT 1   [ RunTime:0.0006s ]
SQL: SHOW COLUMNS FROM `ts_goods_photos` [ RunTime:0.0022s ]
SQL: SELECT * FROM `ts_goods_photos` WHERE ( goods_id=47 )  [ RunTime:0.0002s ]
SQL: SHOW COLUMNS FROM `ts_goods_attribute` [ RunTime:0.0018s ]
SQL: SELECT ga.id,`attr_value`,`attr_name` FROM ts_goods_attribute ga LEFT JOIN ts_attribute a on a.attr_id = ga.attr_id  WHERE ( ga.goods_id=47 AND attr_sel = 0 )  [ RunTime:0.0003s ]
SQL: SELECT ga.id,`attr_value`,`attr_name` FROM ts_goods_attribute ga LEFT JOIN ts_attribute a on a.attr_id = ga.attr_id  WHERE ( ga.goods_id=47 AND attr_sel = 1 )  [ RunTime:0.0002s ]
NOTIC: [8] Undefined variable: attrs E:\tpshop\app\Home\Controller\GoodsController.class.php 第 37 行.
NOTIC: [2] Invalid argument supplied for foreach() E:\tpshop\app\Home\Controller\GoodsController.class.php 第 37 行.
INFO: [ view_parse ] --START--
INFO: [ template_filter ] --START--
INFO: Run Behavior\ContentReplaceBehavior [ RunTime:0.000214s ]
INFO: [ template_filter ] --END-- [ RunTime:0.000255s ]
NOTIC: [8] Undefined index: member_login E:\tpshop\app\Runtime\Cache\Home\a372310a3eb8997ff38d40da0fefe038.php 第 26 行.
INFO: Run Behavior\ParseTemplateBehavior [ RunTime:0.016338s ]
INFO: [ view_parse ] --END-- [ RunTime:0.016373s ]
INFO: [ view_filter ] --START--
INFO: Run Behavior\WriteHtmlCacheBehavior [ RunTime:0.000285s ]
INFO: [ view_filter ] --END-- [ RunTime:0.000316s ]
INFO: [ app_end ] --START--
INFO: Run Behavior\ShowPageTraceBehavior [ RunTime:0.001105s ]
INFO: [ app_end ] --END-- [ RunTime:0.001167s ]

[ 2017-07-03T16:48:48+08:00 ] 127.0.0.1 /index.php/Home/Goods/detail/id/47.html
INFO: [ app_init ] --START--
INFO: Run Behavior\BuildLiteBehavior [ RunTime:0.000010s ]
INFO: [ app_init ] --END-- [ RunTime:0.000267s ]
INFO: [ app_begin ] --START--
INFO: Run Behavior\ReadHtmlCacheBehavior [ RunTime:0.000483s ]
INFO: [ app_begin ] --END-- [ RunTime:0.000517s ]
SQL: SHOW COLUMNS FROM `ts_goods` [ RunTime:0.0091s ]
SQL: SELECT * FROM `ts_goods` WHERE `goods_id` = 47 LIMIT 1   [ RunTime:0.0004s ]
SQL: SHOW COLUMNS FROM `ts_goods_photos` [ RunTime:0.0017s ]
SQL: SELECT * FROM `ts_goods_photos` WHERE ( goods_id=47 )  [ RunTime:0.0002s ]
SQL: SHOW COLUMNS FROM `ts_goods_attribute` [ RunTime:0.0032s ]
SQL: SELECT ga.id,`attr_value`,`attr_name` FROM ts_goods_attribute ga LEFT JOIN ts_attribute a on a.attr_id = ga.attr_id  WHERE ( ga.goods_id=47 AND attr_sel = 0 )  [ RunTime:0.0003s ]
SQL: SELECT ga.id,`attr_value`,`attr_name` FROM ts_goods_attribute ga LEFT JOIN ts_attribute a on a.attr_id = ga.attr_id  WHERE ( ga.goods_id=47 AND attr_sel = 1 )  [ RunTime:0.0002s ]
NOTIC: [8] Undefined variable: attrs E:\tpshop\app\Home\Controller\GoodsController.class.php 第 37 行.
NOTIC: [2] Invalid argument supplied for foreach() E:\tpshop\app\Home\Controller\GoodsController.class.php 第 37 行.
INFO: [ view_parse ] --START--
INFO: [ template_filter ] --START--
INFO: Run Behavior\ContentReplaceBehavior [ RunTime:0.000190s ]
INFO: [ template_filter ] --END-- [ RunTime:0.000231s ]
NOTIC: [8] Undefined index: member_login E:\tpshop\app\Runtime\Cache\Home\a372310a3eb8997ff38d40da0fefe038.php 第 26 行.
INFO: Run Behavior\ParseTemplateBehavior [ RunTime:0.014856s ]
INFO: [ view_parse ] --END-- [ RunTime:0.014892s ]
INFO: [ view_filter ] --START--
INFO: Run Behavior\WriteHtmlCacheBehavior [ RunTime:0.000378s ]
INFO: [ view_filter ] --END-- [ RunTime:0.000407s ]
INFO: [ app_end ] --START--
INFO: Run Behavior\ShowPageTraceBehavior [ RunTime:0.001172s ]
INFO: [ app_end ] --END-- [ RunTime:0.001235s ]

[ 2017-07-03T16:48:51+08:00 ] 127.0.0.1 /index.php/Home/Goods/detail/id/47.html
INFO: [ app_init ] --START--
INFO: Run Behavior\BuildLiteBehavior [ RunTime:0.000013s ]
INFO: [ app_init ] --END-- [ RunTime:0.000322s ]
INFO: [ app_begin ] --START--
INFO: Run Behavior\ReadHtmlCacheBehavior [ RunTime:0.000745s ]
INFO: [ app_begin ] --END-- [ RunTime:0.000797s ]
SQL: SHOW COLUMNS FROM `ts_goods` [ RunTime:0.0085s ]
SQL: SELECT * FROM `ts_goods` WHERE `goods_id` = 47 LIMIT 1   [ RunTime:0.0003s ]
SQL: SHOW COLUMNS FROM `ts_goods_photos` [ RunTime:0.0026s ]
SQL: SELECT * FROM `ts_goods_photos` WHERE ( goods_id=47 )  [ RunTime:0.0004s ]
SQL: SHOW COLUMNS FROM `ts_goods_attribute` [ RunTime:0.0018s ]
SQL: SELECT ga.id,`attr_value`,`attr_name` FROM ts_goods_attribute ga LEFT JOIN ts_attribute a on a.attr_id = ga.attr_id  WHERE ( ga.goods_id=47 AND attr_sel = 0 )  [ RunTime:0.0002s ]
SQL: SELECT ga.id,`attr_value`,`attr_name` FROM ts_goods_attribute ga LEFT JOIN ts_attribute a on a.attr_id = ga.attr_id  WHERE ( ga.goods_id=47 AND attr_sel = 1 )  [ RunTime:0.0002s ]
NOTIC: [8] Undefined variable: attrs E:\tpshop\app\Home\Controller\GoodsController.class.php 第 37 行.
NOTIC: [2] Invalid argument supplied for foreach() E:\tpshop\app\Home\Controller\GoodsController.class.php 第 37 行.
INFO: [ view_parse ] --START--
INFO: [ template_filter ] --START--
INFO: Run Behavior\ContentReplaceBehavior [ RunTime:0.000275s ]
INFO: [ template_filter ] --END-- [ RunTime:0.000350s ]
NOTIC: [8] Undefined index: member_login E:\tpshop\app\Runtime\Cache\Home\a372310a3eb8997ff38d40da0fefe038.php 第 26 行.
INFO: Run Behavior\ParseTemplateBehavior [ RunTime:0.014123s ]
INFO: [ view_parse ] --END-- [ RunTime:0.014158s ]
INFO: [ view_filter ] --START--
INFO: Run Behavior\WriteHtmlCacheBehavior [ RunTime:0.000300s ]
INFO: [ view_filter ] --END-- [ RunTime:0.000350s ]
INFO: [ app_end ] --START--
INFO: Run Behavior\ShowPageTraceBehavior [ RunTime:0.000832s ]
INFO: [ app_end ] --END-- [ RunTime:0.000886s ]

[ 2017-07-03T16:49:12+08:00 ] 127.0.0.1 /index.php/Home/Goods/detail/id/47.html
INFO: [ app_init ] --START--
INFO: Run Behavior\BuildLiteBehavior [ RunTime:0.000012s ]
INFO: [ app_init ] --END-- [ RunTime:0.000319s ]
INFO: [ app_begin ] --START--
INFO: Run Behavior\ReadHtmlCacheBehavior [ RunTime:0.000568s ]
INFO: [ app_begin ] --END-- [ RunTime:0.000610s ]
SQL: SHOW COLUMNS FROM `ts_goods` [ RunTime:0.0084s ]
SQL: SELECT * FROM `ts_goods` WHERE `goods_id` = 47 LIMIT 1   [ RunTime:0.0003s ]
SQL: SHOW COLUMNS FROM `ts_goods_photos` [ RunTime:0.0019s ]
SQL: SELECT * FROM `ts_goods_photos` WHERE ( goods_id=47 )  [ RunTime:0.0002s ]
SQL: SHOW COLUMNS FROM `ts_goods_attribute` [ RunTime:0.0019s ]
SQL: SELECT ga.id,`attr_value`,`attr_name` FROM ts_goods_attribute ga LEFT JOIN ts_attribute a on a.attr_id = ga.attr_id  WHERE ( ga.goods_id=47 AND attr_sel = 0 )  [ RunTime:0.0003s ]
SQL: SELECT ga.id,`attr_value`,`attr_name` FROM ts_goods_attribute ga LEFT JOIN ts_attribute a on a.attr_id = ga.attr_id  WHERE ( ga.goods_id=47 AND attr_sel = 1 )  [ RunTime:0.0003s ]
NOTIC: [8] Undefined variable: attrs E:\tpshop\app\Home\Controller\GoodsController.class.php 第 37 行.
NOTIC: [2] Invalid argument supplied for foreach() E:\tpshop\app\Home\Controller\GoodsController.class.php 第 37 行.
INFO: [ view_parse ] --START--
INFO: [ template_filter ] --START--
INFO: Run Behavior\ContentReplaceBehavior [ RunTime:0.000196s ]
INFO: [ template_filter ] --END-- [ RunTime:0.000235s ]
NOTIC: [8] Undefined index: member_login E:\tpshop\app\Runtime\Cache\Home\a372310a3eb8997ff38d40da0fefe038.php 第 26 行.
INFO: Run Behavior\ParseTemplateBehavior [ RunTime:0.013954s ]
INFO: [ view_parse ] --END-- [ RunTime:0.013992s ]
INFO: [ view_filter ] --START--
INFO: Run Behavior\WriteHtmlCacheBehavior [ RunTime:0.000299s ]
INFO: [ view_filter ] --END-- [ RunTime:0.000326s ]
INFO: [ app_end ] --START--
INFO: Run Behavior\ShowPageTraceBehavior [ RunTime:0.000618s ]
INFO: [ app_end ] --END-- [ RunTime:0.000662s ]

[ 2017-07-03T16:49:19+08:00 ] 127.0.0.1 /index.php/Home/Goods/detail/id/47.html
INFO: [ app_init ] --START--
INFO: Run Behavior\BuildLiteBehavior [ RunTime:0.000011s ]
INFO: [ app_init ] --END-- [ RunTime:0.000275s ]
INFO: [ app_begin ] --START--
INFO: Run Behavior\ReadHtmlCacheBehavior [ RunTime:0.000500s ]
INFO: [ app_begin ] --END-- [ RunTime:0.000535s ]
SQL: SHOW COLUMNS FROM `ts_goods` [ RunTime:0.0082s ]
SQL: SELECT * FROM `ts_goods` WHERE `goods_id` = 47 LIMIT 1   [ RunTime:0.0003s ]
SQL: SHOW COLUMNS FROM `ts_goods_photos` [ RunTime:0.0031s ]
SQL: SELECT * FROM `ts_goods_photos` WHERE ( goods_id=47 )  [ RunTime:0.0003s ]
SQL: SHOW COLUMNS FROM `ts_goods_attribute` [ RunTime:0.0017s ]
SQL: SELECT ga.id,`attr_value`,`attr_name` FROM ts_goods_attribute ga LEFT JOIN ts_attribute a on a.attr_id = ga.attr_id  WHERE ( ga.goods_id=47 AND attr_sel = 0 )  [ RunTime:0.0002s ]
SQL: SELECT ga.id,`attr_value`,`attr_name` FROM ts_goods_attribute ga LEFT JOIN ts_attribute a on a.attr_id = ga.attr_id  WHERE ( ga.goods_id=47 AND attr_sel = 1 )  [ RunTime:0.0002s ]
NOTIC: [8] Undefined variable: attrs E:\tpshop\app\Home\Controller\GoodsController.class.php 第 37 行.
NOTIC: [2] Invalid argument supplied for foreach() E:\tpshop\app\Home\Controller\GoodsController.class.php 第 37 行.
INFO: [ view_parse ] --START--
INFO: [ template_filter ] --START--
INFO: Run Behavior\ContentReplaceBehavior [ RunTime:0.000216s ]
INFO: [ template_filter ] --END-- [ RunTime:0.000273s ]
NOTIC: [8] Undefined index: member_login E:\tpshop\app\Runtime\Cache\Home\a372310a3eb8997ff38d40da0fefe038.php 第 26 行.
INFO: Run Behavior\ParseTemplateBehavior [ RunTime:0.014020s ]
INFO: [ view_parse ] --END-- [ RunTime:0.014053s ]
INFO: [ view_filter ] --START--
INFO: Run Behavior\WriteHtmlCacheBehavior [ RunTime:0.000283s ]
INFO: [ view_filter ] --END-- [ RunTime:0.000313s ]
INFO: [ app_end ] --START--
INFO: Run Behavior\ShowPageTraceBehavior [ RunTime:0.000841s ]
INFO: [ app_end ] --END-- [ RunTime:0.000909s ]

[ 2017-07-03T16:50:45+08:00 ] 127.0.0.1 /index.php/Home/Goods/detail/id/47.html
INFO: [ app_init ] --START--
INFO: Run Behavior\BuildLiteBehavior [ RunTime:0.000014s ]
INFO: [ app_init ] --END-- [ RunTime:0.000323s ]
INFO: [ app_begin ] --START--
INFO: Run Behavior\ReadHtmlCacheBehavior [ RunTime:0.002039s ]
INFO: [ app_begin ] --END-- [ RunTime:0.002220s ]
SQL: SHOW COLUMNS FROM `ts_goods` [ RunTime:0.0131s ]
SQL: SELECT * FROM `ts_goods` WHERE `goods_id` = 47 LIMIT 1   [ RunTime:0.0006s ]
SQL: SHOW COLUMNS FROM `ts_goods_photos` [ RunTime:0.0024s ]
SQL: SELECT * FROM `ts_goods_photos` WHERE ( goods_id=47 )  [ RunTime:0.0002s ]
SQL: SHOW COLUMNS FROM `ts_goods_attribute` [ RunTime:0.0019s ]
SQL: SELECT ga.id,`attr_value`,`attr_name` FROM ts_goods_attribute ga LEFT JOIN ts_attribute a on a.attr_id = ga.attr_id  WHERE ( ga.goods_id=47 AND attr_sel = 0 )  [ RunTime:0.0003s ]
SQL: SELECT ga.id,`attr_value`,`attr_name` FROM ts_goods_attribute ga LEFT JOIN ts_attribute a on a.attr_id = ga.attr_id  WHERE ( ga.goods_id=47 AND attr_sel = 1 )  [ RunTime:0.0002s ]
NOTIC: [8] Undefined variable: attrs E:\tpshop\app\Home\Controller\GoodsController.class.php 第 37 行.
NOTIC: [2] Invalid argument supplied for foreach() E:\tpshop\app\Home\Controller\GoodsController.class.php 第 37 行.
INFO: [ view_parse ] --START--
INFO: [ template_filter ] --START--
INFO: Run Behavior\ContentReplaceBehavior [ RunTime:0.000219s ]
INFO: [ template_filter ] --END-- [ RunTime:0.000260s ]
NOTIC: [8] Undefined index: member_login E:\tpshop\app\Runtime\Cache\Home\a372310a3eb8997ff38d40da0fefe038.php 第 26 行.
INFO: Run Behavior\ParseTemplateBehavior [ RunTime:0.017718s ]
INFO: [ view_parse ] --END-- [ RunTime:0.017752s ]
INFO: [ view_filter ] --START--
INFO: Run Behavior\WriteHtmlCacheBehavior [ RunTime:0.000855s ]
INFO: [ view_filter ] --END-- [ RunTime:0.000906s ]
INFO: [ app_end ] --START--
INFO: Run Behavior\ShowPageTraceBehavior [ RunTime:0.003057s ]
INFO: [ app_end ] --END-- [ RunTime:0.003125s ]

[ 2017-07-03T16:51:16+08:00 ] 127.0.0.1 /index.php/Home/Goods/detail/id/47.html
INFO: [ app_init ] --START--
INFO: Run Behavior\BuildLiteBehavior [ RunTime:0.000012s ]
INFO: [ app_init ] --END-- [ RunTime:0.000362s ]
INFO: [ app_begin ] --START--
INFO: Run Behavior\ReadHtmlCacheBehavior [ RunTime:0.000859s ]
INFO: [ app_begin ] --END-- [ RunTime:0.000943s ]
SQL: SHOW COLUMNS FROM `ts_goods` [ RunTime:0.0089s ]
SQL: SELECT * FROM `ts_goods` WHERE `goods_id` = 47 LIMIT 1   [ RunTime:0.0003s ]
SQL: SHOW COLUMNS FROM `ts_goods_photos` [ RunTime:0.0016s ]
SQL: SELECT * FROM `ts_goods_photos` WHERE ( goods_id=47 )  [ RunTime:0.0002s ]
SQL: SHOW COLUMNS FROM `ts_goods_attribute` [ RunTime:0.0016s ]
SQL: SELECT ga.id,`attr_value`,`attr_name` FROM ts_goods_attribute ga LEFT JOIN ts_attribute a on a.attr_id = ga.attr_id  WHERE ( ga.goods_id=47 AND attr_sel = 0 )  [ RunTime:0.0002s ]
SQL: SELECT ga.id,`attr_value`,`attr_name` FROM ts_goods_attribute ga LEFT JOIN ts_attribute a on a.attr_id = ga.attr_id  WHERE ( ga.goods_id=47 AND attr_sel = 1 )  [ RunTime:0.0002s ]
NOTIC: [8] Undefined variable: attrs E:\tpshop\app\Home\Controller\GoodsController.class.php 第 37 行.
NOTIC: [2] Invalid argument supplied for foreach() E:\tpshop\app\Home\Controller\GoodsController.class.php 第 37 行.
INFO: [ view_parse ] --START--
INFO: [ template_filter ] --START--
INFO: Run Behavior\ContentReplaceBehavior [ RunTime:0.000193s ]
INFO: [ template_filter ] --END-- [ RunTime:0.000239s ]
NOTIC: [8] Undefined index: member_login E:\tpshop\app\Runtime\Cache\Home\a372310a3eb8997ff38d40da0fefe038.php 第 26 行.
INFO: Run Behavior\ParseTemplateBehavior [ RunTime:0.014503s ]
INFO: [ view_parse ] --END-- [ RunTime:0.014536s ]
INFO: [ view_filter ] --START--
INFO: Run Behavior\WriteHtmlCacheBehavior [ RunTime:0.000240s ]
INFO: [ view_filter ] --END-- [ RunTime:0.000265s ]
INFO: [ app_end ] --START--
INFO: Run Behavior\ShowPageTraceBehavior [ RunTime:0.000487s ]
INFO: [ app_end ] --END-- [ RunTime:0.000558s ]

[ 2017-07-03T16:52:00+08:00 ] 127.0.0.1 /index.php/Home/Goods/detail/id/47.html
INFO: [ app_init ] --START--
INFO: Run Behavior\BuildLiteBehavior [ RunTime:0.000011s ]
INFO: [ app_init ] --END-- [ RunTime:0.000259s ]
INFO: [ app_begin ] --START--
INFO: Run Behavior\ReadHtmlCacheBehavior [ RunTime:0.000439s ]
INFO: [ app_begin ] --END-- [ RunTime:0.000473s ]
SQL: SHOW COLUMNS FROM `ts_goods` [ RunTime:0.0081s ]
SQL: SELECT * FROM `ts_goods` WHERE `goods_id` = 47 LIMIT 1   [ RunTime:0.0004s ]
SQL: SHOW COLUMNS FROM `ts_goods_photos` [ RunTime:0.0034s ]
SQL: SELECT * FROM `ts_goods_photos` WHERE ( goods_id=47 )  [ RunTime:0.0002s ]
SQL: SHOW COLUMNS FROM `ts_goods_attribute` [ RunTime:0.0017s ]
SQL: SELECT ga.id,`attr_value`,`attr_name` FROM ts_goods_attribute ga LEFT JOIN ts_attribute a on a.attr_id = ga.attr_id  WHERE ( ga.goods_id=47 AND attr_sel = 0 )  [ RunTime:0.0002s ]
SQL: SELECT ga.id,`attr_value`,`attr_name` FROM ts_goods_attribute ga LEFT JOIN ts_attribute a on a.attr_id = ga.attr_id  WHERE ( ga.goods_id=47 AND attr_sel = 1 )  [ RunTime:0.0002s ]
NOTIC: [8] Undefined variable: attrs E:\tpshop\app\Home\Controller\GoodsController.class.php 第 37 行.
NOTIC: [2] Invalid argument supplied for foreach() E:\tpshop\app\Home\Controller\GoodsController.class.php 第 37 行.
INFO: [ view_parse ] --START--
INFO: [ template_filter ] --START--
INFO: Run Behavior\ContentReplaceBehavior [ RunTime:0.000197s ]
INFO: [ template_filter ] --END-- [ RunTime:0.000236s ]
NOTIC: [8] Undefined index: member_login E:\tpshop\app\Runtime\Cache\Home\a372310a3eb8997ff38d40da0fefe038.php 第 26 行.
INFO: Run Behavior\ParseTemplateBehavior [ RunTime:0.014685s ]
INFO: [ view_parse ] --END-- [ RunTime:0.014718s ]
INFO: [ view_filter ] --START--
INFO: Run Behavior\WriteHtmlCacheBehavior [ RunTime:0.000647s ]
INFO: [ view_filter ] --END-- [ RunTime:0.000693s ]
INFO: [ app_end ] --START--
INFO: Run Behavior\ShowPageTraceBehavior [ RunTime:0.000833s ]
INFO: [ app_end ] --END-- [ RunTime:0.000885s ]

[ 2017-07-03T16:52:33+08:00 ] 127.0.0.1 /index.php/Home/Goods/detail/id/47.html
INFO: [ app_init ] --START--
INFO: Run Behavior\BuildLiteBehavior [ RunTime:0.000011s ]
INFO: [ app_init ] --END-- [ RunTime:0.000260s ]
INFO: [ app_begin ] --START--
INFO: Run Behavior\ReadHtmlCacheBehavior [ RunTime:0.000425s ]
INFO: [ app_begin ] --END-- [ RunTime:0.000460s ]
SQL: SHOW COLUMNS FROM `ts_goods` [ RunTime:0.0082s ]
SQL: SELECT * FROM `ts_goods` WHERE `goods_id` = 47 LIMIT 1   [ RunTime:0.0004s ]
SQL: SHOW COLUMNS FROM `ts_goods_photos` [ RunTime:0.0018s ]
SQL: SELECT * FROM `ts_goods_photos` WHERE ( goods_id=47 )  [ RunTime:0.0002s ]
SQL: SHOW COLUMNS FROM `ts_goods_attribute` [ RunTime:0.0022s ]
SQL: SELECT ga.id,`attr_value`,`attr_name` FROM ts_goods_attribute ga LEFT JOIN ts_attribute a on a.attr_id = ga.attr_id  WHERE ( ga.goods_id=47 AND attr_sel = 0 )  [ RunTime:0.0002s ]
SQL: SELECT ga.id,`attr_value`,`attr_name` FROM ts_goods_attribute ga LEFT JOIN ts_attribute a on a.attr_id = ga.attr_id  WHERE ( ga.goods_id=47 AND attr_sel = 1 )  [ RunTime:0.0001s ]
NOTIC: [8] Undefined variable: attrs E:\tpshop\app\Home\Controller\GoodsController.class.php 第 37 行.
NOTIC: [2] Invalid argument supplied for foreach() E:\tpshop\app\Home\Controller\GoodsController.class.php 第 37 行.

[ 2017-07-03T16:52:51+08:00 ] 127.0.0.1 /index.php/Home/Goods/detail/id/47.html
INFO: [ app_init ] --START--
INFO: Run Behavior\BuildLiteBehavior [ RunTime:0.000010s ]
INFO: [ app_init ] --END-- [ RunTime:0.000264s ]
INFO: [ app_begin ] --START--
INFO: Run Behavior\ReadHtmlCacheBehavior [ RunTime:0.000430s ]
INFO: [ app_begin ] --END-- [ RunTime:0.000464s ]
SQL: SHOW COLUMNS FROM `ts_goods` [ RunTime:0.0079s ]
SQL: SELECT * FROM `ts_goods` WHERE `goods_id` = 47 LIMIT 1   [ RunTime:0.0003s ]
SQL: SHOW COLUMNS FROM `ts_goods_photos` [ RunTime:0.0016s ]
SQL: SELECT * FROM `ts_goods_photos` WHERE ( goods_id=47 )  [ RunTime:0.0002s ]
SQL: SHOW COLUMNS FROM `ts_goods_attribute` [ RunTime:0.0016s ]
SQL: SELECT ga.id,`attr_value`,`attr_name` FROM ts_goods_attribute ga LEFT JOIN ts_attribute a on a.attr_id = ga.attr_id  WHERE ( ga.goods_id=47 AND attr_sel = 0 )  [ RunTime:0.0002s ]
SQL: SELECT ga.id,`attr_value`,`attr_name` FROM ts_goods_attribute ga LEFT JOIN ts_attribute a on a.attr_id = ga.attr_id  WHERE ( ga.goods_id=47 AND attr_sel = 1 )  [ RunTime:0.0002s ]
NOTIC: [8] Undefined variable: attrs E:\tpshop\app\Home\Controller\GoodsController.class.php 第 37 行.
NOTIC: [2] Invalid argument supplied for foreach() E:\tpshop\app\Home\Controller\GoodsController.class.php 第 37 行.

[ 2017-07-03T16:52:51+08:00 ] 127.0.0.1 /index.php/Home/Goods/detail/id/47.html
INFO: [ app_init ] --START--
INFO: Run Behavior\BuildLiteBehavior [ RunTime:0.000011s ]
INFO: [ app_init ] --END-- [ RunTime:0.000272s ]
INFO: [ app_begin ] --START--
INFO: Run Behavior\ReadHtmlCacheBehavior [ RunTime:0.000422s ]
INFO: [ app_begin ] --END-- [ RunTime:0.000456s ]
SQL: SHOW COLUMNS FROM `ts_goods` [ RunTime:0.0084s ]
SQL: SELECT * FROM `ts_goods` WHERE `goods_id` = 47 LIMIT 1   [ RunTime:0.0003s ]
SQL: SHOW COLUMNS FROM `ts_goods_photos` [ RunTime:0.0024s ]
SQL: SELECT * FROM `ts_goods_photos` WHERE ( goods_id=47 )  [ RunTime:0.0002s ]
SQL: SHOW COLUMNS FROM `ts_goods_attribute` [ RunTime:0.0016s ]
SQL: SELECT ga.id,`attr_value`,`attr_name` FROM ts_goods_attribute ga LEFT JOIN ts_attribute a on a.attr_id = ga.attr_id  WHERE ( ga.goods_id=47 AND attr_sel = 0 )  [ RunTime:0.0003s ]
SQL: SELECT ga.id,`attr_value`,`attr_name` FROM ts_goods_attribute ga LEFT JOIN ts_attribute a on a.attr_id = ga.attr_id  WHERE ( ga.goods_id=47 AND attr_sel = 1 )  [ RunTime:0.0002s ]
NOTIC: [8] Undefined variable: attrs E:\tpshop\app\Home\Controller\GoodsController.class.php 第 37 行.
NOTIC: [2] Invalid argument supplied for foreach() E:\tpshop\app\Home\Controller\GoodsController.class.php 第 37 行.

[ 2017-07-03T16:53:11+08:00 ] 127.0.0.1 /index.php/Home/Goods/detail/id/47.html
INFO: [ app_init ] --START--
INFO: Run Behavior\BuildLiteBehavior [ RunTime:0.000015s ]
INFO: [ app_init ] --END-- [ RunTime:0.000382s ]
INFO: [ app_begin ] --START--
INFO: Run Behavior\ReadHtmlCacheBehavior [ RunTime:0.000614s ]
INFO: [ app_begin ] --END-- [ RunTime:0.000663s ]
SQL: SHOW COLUMNS FROM `ts_goods` [ RunTime:0.0083s ]
SQL: SELECT * FROM `ts_goods` WHERE `goods_id` = 47 LIMIT 1   [ RunTime:0.0003s ]
SQL: SHOW COLUMNS FROM `ts_goods_photos` [ RunTime:0.0020s ]
SQL: SELECT * FROM `ts_goods_photos` WHERE ( goods_id=47 )  [ RunTime:0.0002s ]
SQL: SHOW COLUMNS FROM `ts_goods_attribute` [ RunTime:0.0030s ]
SQL: SELECT ga.id,`attr_value`,`attr_name` FROM ts_goods_attribute ga LEFT JOIN ts_attribute a on a.attr_id = ga.attr_id  WHERE ( ga.goods_id=47 AND attr_sel = 0 )  [ RunTime:0.0003s ]
SQL: SELECT ga.id,`attr_value`,`attr_name` FROM ts_goods_attribute ga LEFT JOIN ts_attribute a on a.attr_id = ga.attr_id  WHERE ( ga.goods_id=47 AND attr_sel = 1 )  [ RunTime:0.0002s ]
NOTIC: [8] Undefined variable: attrs E:\tpshop\app\Home\Controller\GoodsController.class.php 第 37 行.
NOTIC: [2] Invalid argument supplied for foreach() E:\tpshop\app\Home\Controller\GoodsController.class.php 第 37 行.

[ 2017-07-03T16:53:12+08:00 ] 127.0.0.1 /index.php/Home/Goods/detail/id/47.html
INFO: [ app_init ] --START--
INFO: Run Behavior\BuildLiteBehavior [ RunTime:0.000012s ]
INFO: [ app_init ] --END-- [ RunTime:0.000278s ]
INFO: [ app_begin ] --START--
INFO: Run Behavior\ReadHtmlCacheBehavior [ RunTime:0.000440s ]
INFO: [ app_begin ] --END-- [ RunTime:0.000474s ]
SQL: SHOW COLUMNS FROM `ts_goods` [ RunTime:0.0080s ]
SQL: SELECT * FROM `ts_goods` WHERE `goods_id` = 47 LIMIT 1   [ RunTime:0.0003s ]
SQL: SHOW COLUMNS FROM `ts_goods_photos` [ RunTime:0.0019s ]
SQL: SELECT * FROM `ts_goods_photos` WHERE ( goods_id=47 )  [ RunTime:0.0002s ]
SQL: SHOW COLUMNS FROM `ts_goods_attribute` [ RunTime:0.0015s ]
SQL: SELECT ga.id,`attr_value`,`attr_name` FROM ts_goods_attribute ga LEFT JOIN ts_attribute a on a.attr_id = ga.attr_id  WHERE ( ga.goods_id=47 AND attr_sel = 0 )  [ RunTime:0.0002s ]
SQL: SELECT ga.id,`attr_value`,`attr_name` FROM ts_goods_attribute ga LEFT JOIN ts_attribute a on a.attr_id = ga.attr_id  WHERE ( ga.goods_id=47 AND attr_sel = 1 )  [ RunTime:0.0002s ]
NOTIC: [8] Undefined variable: attrs E:\tpshop\app\Home\Controller\GoodsController.class.php 第 37 行.
NOTIC: [2] Invalid argument supplied for foreach() E:\tpshop\app\Home\Controller\GoodsController.class.php 第 37 行.

[ 2017-07-03T16:53:38+08:00 ] 127.0.0.1 /index.php/Home/Goods/detail/id/47.html
INFO: [ app_init ] --START--
INFO: Run Behavior\BuildLiteBehavior [ RunTime:0.000011s ]
INFO: [ app_init ] --END-- [ RunTime:0.000306s ]
INFO: [ app_begin ] --START--
INFO: Run Behavior\ReadHtmlCacheBehavior [ RunTime:0.000449s ]
INFO: [ app_begin ] --END-- [ RunTime:0.000481s ]
SQL: SHOW COLUMNS FROM `ts_goods` [ RunTime:0.0092s ]
SQL: SELECT * FROM `ts_goods` WHERE `goods_id` = 47 LIMIT 1   [ RunTime:0.0006s ]
SQL: SHOW COLUMNS FROM `ts_goods_photos` [ RunTime:0.0020s ]
SQL: SELECT * FROM `ts_goods_photos` WHERE ( goods_id=47 )  [ RunTime:0.0002s ]
SQL: SHOW COLUMNS FROM `ts_goods_attribute` [ RunTime:0.0018s ]
SQL: SELECT ga.id,`attr_value`,`attr_name` FROM ts_goods_attribute ga LEFT JOIN ts_attribute a on a.attr_id = ga.attr_id  WHERE ( ga.goods_id=47 AND attr_sel = 0 )  [ RunTime:0.0004s ]
SQL: SELECT ga.id,`attr_value`,`attr_name` FROM ts_goods_attribute ga LEFT JOIN ts_attribute a on a.attr_id = ga.attr_id  WHERE ( ga.goods_id=47 AND attr_sel = 1 )  [ RunTime:0.0002s ]
NOTIC: [8] Undefined variable: attrs E:\tpshop\app\Home\Controller\GoodsController.class.php 第 37 行.
NOTIC: [2] Invalid argument supplied for foreach() E:\tpshop\app\Home\Controller\GoodsController.class.php 第 37 行.

[ 2017-07-03T16:53:39+08:00 ] 127.0.0.1 /index.php/Home/Goods/detail/id/47.html
INFO: [ app_init ] --START--
INFO: Run Behavior\BuildLiteBehavior [ RunTime:0.000011s ]
INFO: [ app_init ] --END-- [ RunTime:0.000301s ]
INFO: [ app_begin ] --START--
INFO: Run Behavior\ReadHtmlCacheBehavior [ RunTime:0.000705s ]
INFO: [ app_begin ] --END-- [ RunTime:0.000853s ]
SQL: SHOW COLUMNS FROM `ts_goods` [ RunTime:0.0120s ]
SQL: SELECT * FROM `ts_goods` WHERE `goods_id` = 47 LIMIT 1   [ RunTime:0.0004s ]
SQL: SHOW COLUMNS FROM `ts_goods_photos` [ RunTime:0.0031s ]
SQL: SELECT * FROM `ts_goods_photos` WHERE ( goods_id=47 )  [ RunTime:0.0002s ]
SQL: SHOW COLUMNS FROM `ts_goods_attribute` [ RunTime:0.0017s ]
SQL: SELECT ga.id,`attr_value`,`attr_name` FROM ts_goods_attribute ga LEFT JOIN ts_attribute a on a.attr_id = ga.attr_id  WHERE ( ga.goods_id=47 AND attr_sel = 0 )  [ RunTime:0.0003s ]
SQL: SELECT ga.id,`attr_value`,`attr_name` FROM ts_goods_attribute ga LEFT JOIN ts_attribute a on a.attr_id = ga.attr_id  WHERE ( ga.goods_id=47 AND attr_sel = 1 )  [ RunTime:0.0002s ]
NOTIC: [8] Undefined variable: attrs E:\tpshop\app\Home\Controller\GoodsController.class.php 第 37 行.
NOTIC: [2] Invalid argument supplied for foreach() E:\tpshop\app\Home\Controller\GoodsController.class.php 第 37 行.

[ 2017-07-03T16:53:51+08:00 ] 127.0.0.1 /index.php/Home/Goods/detail/id/47.html
INFO: [ app_init ] --START--
INFO: Run Behavior\BuildLiteBehavior [ RunTime:0.000015s ]
INFO: [ app_init ] --END-- [ RunTime:0.000362s ]
INFO: [ app_begin ] --START--
INFO: Run Behavior\ReadHtmlCacheBehavior [ RunTime:0.000749s ]
INFO: [ app_begin ] --END-- [ RunTime:0.000798s ]
SQL: SHOW COLUMNS FROM `ts_goods` [ RunTime:0.0093s ]
SQL: SELECT * FROM `ts_goods` WHERE `goods_id` = 47 LIMIT 1   [ RunTime:0.0003s ]
SQL: SHOW COLUMNS FROM `ts_goods_photos` [ RunTime:0.0016s ]
SQL: SELECT * FROM `ts_goods_photos` WHERE ( goods_id=47 )  [ RunTime:0.0002s ]
SQL: SHOW COLUMNS FROM `ts_goods_attribute` [ RunTime:0.0017s ]
SQL: SELECT ga.id,`attr_value`,`attr_name` FROM ts_goods_attribute ga LEFT JOIN ts_attribute a on a.attr_id = ga.attr_id  WHERE ( ga.goods_id=47 AND attr_sel = 0 )  [ RunTime:0.0003s ]
SQL: SELECT ga.id,`attr_value`,`attr_name` FROM ts_goods_attribute ga LEFT JOIN ts_attribute a on a.attr_id = ga.attr_id  WHERE ( ga.goods_id=47 AND attr_sel = 1 )  [ RunTime:0.0002s ]
NOTIC: [8] Undefined variable: attrs E:\tpshop\app\Home\Controller\GoodsController.class.php 第 37 行.
NOTIC: [2] Invalid argument supplied for foreach() E:\tpshop\app\Home\Controller\GoodsController.class.php 第 37 行.
NOTIC: [8] Undefined variable: attrs E:\tpshop\app\Home\Controller\GoodsController.class.php 第 41 行.

[ 2017-07-03T16:53:52+08:00 ] 127.0.0.1 /index.php/Home/Goods/detail/id/47.html
INFO: [ app_init ] --START--
INFO: Run Behavior\BuildLiteBehavior [ RunTime:0.000017s ]
INFO: [ app_init ] --END-- [ RunTime:0.000466s ]
INFO: [ app_begin ] --START--
INFO: Run Behavior\ReadHtmlCacheBehavior [ RunTime:0.001148s ]
INFO: [ app_begin ] --END-- [ RunTime:0.001252s ]
SQL: SHOW COLUMNS FROM `ts_goods` [ RunTime:0.0086s ]
SQL: SELECT * FROM `ts_goods` WHERE `goods_id` = 47 LIMIT 1   [ RunTime:0.0003s ]
SQL: SHOW COLUMNS FROM `ts_goods_photos` [ RunTime:0.0017s ]
SQL: SELECT * FROM `ts_goods_photos` WHERE ( goods_id=47 )  [ RunTime:0.0002s ]
SQL: SHOW COLUMNS FROM `ts_goods_attribute` [ RunTime:0.0016s ]
SQL: SELECT ga.id,`attr_value`,`attr_name` FROM ts_goods_attribute ga LEFT JOIN ts_attribute a on a.attr_id = ga.attr_id  WHERE ( ga.goods_id=47 AND attr_sel = 0 )  [ RunTime:0.0002s ]
SQL: SELECT ga.id,`attr_value`,`attr_name` FROM ts_goods_attribute ga LEFT JOIN ts_attribute a on a.attr_id = ga.attr_id  WHERE ( ga.goods_id=47 AND attr_sel = 1 )  [ RunTime:0.0002s ]
NOTIC: [8] Undefined variable: attrs E:\tpshop\app\Home\Controller\GoodsController.class.php 第 37 行.
NOTIC: [2] Invalid argument supplied for foreach() E:\tpshop\app\Home\Controller\GoodsController.class.php 第 37 行.
NOTIC: [8] Undefined variable: attrs E:\tpshop\app\Home\Controller\GoodsController.class.php 第 41 行.

[ 2017-07-03T16:54:10+08:00 ] 127.0.0.1 /index.php/Home/Goods/detail/id/47.html
INFO: [ app_init ] --START--
INFO: Run Behavior\BuildLiteBehavior [ RunTime:0.000010s ]
INFO: [ app_init ] --END-- [ RunTime:0.000262s ]
INFO: [ app_begin ] --START--
INFO: Run Behavior\ReadHtmlCacheBehavior [ RunTime:0.000758s ]
INFO: [ app_begin ] --END-- [ RunTime:0.000824s ]
SQL: SHOW COLUMNS FROM `ts_goods` [ RunTime:0.0084s ]
SQL: SELECT * FROM `ts_goods` WHERE `goods_id` = 47 LIMIT 1   [ RunTime:0.0004s ]
SQL: SHOW COLUMNS FROM `ts_goods_photos` [ RunTime:0.0020s ]
SQL: SELECT * FROM `ts_goods_photos` WHERE ( goods_id=47 )  [ RunTime:0.0002s ]
SQL: SHOW COLUMNS FROM `ts_goods_attribute` [ RunTime:0.0015s ]
SQL: SELECT ga.id,`attr_value`,`attr_name` FROM ts_goods_attribute ga LEFT JOIN ts_attribute a on a.attr_id = ga.attr_id  WHERE ( ga.goods_id=47 AND attr_sel = 0 )  [ RunTime:0.0002s ]
SQL: SELECT ga.id,`attr_value`,`attr_name` FROM ts_goods_attribute ga LEFT JOIN ts_attribute a on a.attr_id = ga.attr_id  WHERE ( ga.goods_id=47 AND attr_sel = 1 )  [ RunTime:0.0002s ]

[ 2017-07-03T16:54:20+08:00 ] 127.0.0.1 /index.php/Home/Goods/detail/id/47.html
INFO: [ app_init ] --START--
INFO: Run Behavior\BuildLiteBehavior [ RunTime:0.000010s ]
INFO: [ app_init ] --END-- [ RunTime:0.000263s ]
INFO: [ app_begin ] --START--
INFO: Run Behavior\ReadHtmlCacheBehavior [ RunTime:0.000424s ]
INFO: [ app_begin ] --END-- [ RunTime:0.000456s ]
SQL: SHOW COLUMNS FROM `ts_goods` [ RunTime:0.0085s ]
SQL: SELECT * FROM `ts_goods` WHERE `goods_id` = 47 LIMIT 1   [ RunTime:0.0003s ]
SQL: SHOW COLUMNS FROM `ts_goods_photos` [ RunTime:0.0029s ]
SQL: SELECT * FROM `ts_goods_photos` WHERE ( goods_id=47 )  [ RunTime:0.0003s ]
SQL: SHOW COLUMNS FROM `ts_goods_attribute` [ RunTime:0.0017s ]
SQL: SELECT ga.id,`attr_value`,`attr_name` FROM ts_goods_attribute ga LEFT JOIN ts_attribute a on a.attr_id = ga.attr_id  WHERE ( ga.goods_id=47 AND attr_sel = 0 )  [ RunTime:0.0002s ]
SQL: SELECT ga.id,`attr_value`,`attr_name` FROM ts_goods_attribute ga LEFT JOIN ts_attribute a on a.attr_id = ga.attr_id  WHERE ( ga.goods_id=47 AND attr_sel = 1 )  [ RunTime:0.0002s ]

[ 2017-07-03T16:54:20+08:00 ] 127.0.0.1 /index.php/Home/Goods/detail/id/47.html
INFO: [ app_init ] --START--
INFO: Run Behavior\BuildLiteBehavior [ RunTime:0.000013s ]
INFO: [ app_init ] --END-- [ RunTime:0.000352s ]
INFO: [ app_begin ] --START--
INFO: Run Behavior\ReadHtmlCacheBehavior [ RunTime:0.000428s ]
INFO: [ app_begin ] --END-- [ RunTime:0.000464s ]
SQL: SHOW COLUMNS FROM `ts_goods` [ RunTime:0.0020s ]
SQL: SELECT * FROM `ts_goods` WHERE `goods_id` = 47 LIMIT 1   [ RunTime:0.0003s ]
SQL: SHOW COLUMNS FROM `ts_goods_photos` [ RunTime:0.0017s ]
SQL: SELECT * FROM `ts_goods_photos` WHERE ( goods_id=47 )  [ RunTime:0.0002s ]
SQL: SHOW COLUMNS FROM `ts_goods_attribute` [ RunTime:0.0015s ]
SQL: SELECT ga.id,`attr_value`,`attr_name` FROM ts_goods_attribute ga LEFT JOIN ts_attribute a on a.attr_id = ga.attr_id  WHERE ( ga.goods_id=47 AND attr_sel = 0 )  [ RunTime:0.0002s ]
SQL: SELECT ga.id,`attr_value`,`attr_name` FROM ts_goods_attribute ga LEFT JOIN ts_attribute a on a.attr_id = ga.attr_id  WHERE ( ga.goods_id=47 AND attr_sel = 1 )  [ RunTime:0.0002s ]

[ 2017-07-03T16:54:27+08:00 ] 127.0.0.1 /index.php/Home/Goods/detail/id/47.html
INFO: [ app_init ] --START--
INFO: Run Behavior\BuildLiteBehavior [ RunTime:0.000010s ]
INFO: [ app_init ] --END-- [ RunTime:0.000256s ]
INFO: [ app_begin ] --START--
INFO: Run Behavior\ReadHtmlCacheBehavior [ RunTime:0.000425s ]
INFO: [ app_begin ] --END-- [ RunTime:0.000463s ]
SQL: SHOW COLUMNS FROM `ts_goods` [ RunTime:0.0095s ]
SQL: SELECT * FROM `ts_goods` WHERE `goods_id` = 47 LIMIT 1   [ RunTime:0.0005s ]
SQL: SHOW COLUMNS FROM `ts_goods_photos` [ RunTime:0.0023s ]
SQL: SELECT * FROM `ts_goods_photos` WHERE ( goods_id=47 )  [ RunTime:0.0002s ]
SQL: SHOW COLUMNS FROM `ts_goods_attribute` [ RunTime:0.0015s ]
SQL: SELECT ga.id,`attr_value`,`attr_name` FROM ts_goods_attribute ga LEFT JOIN ts_attribute a on a.attr_id = ga.attr_id  WHERE ( ga.goods_id=47 AND attr_sel = 0 )  [ RunTime:0.0002s ]
SQL: SELECT ga.id,`attr_value`,`attr_name` FROM ts_goods_attribute ga LEFT JOIN ts_attribute a on a.attr_id = ga.attr_id  WHERE ( ga.goods_id=47 AND attr_sel = 1 )  [ RunTime:0.0002s ]
INFO: [ view_parse ] --START--
INFO: [ template_filter ] --START--
INFO: Run Behavior\ContentReplaceBehavior [ RunTime:0.000241s ]
INFO: [ template_filter ] --END-- [ RunTime:0.000281s ]
NOTIC: [8] Undefined index: member_login E:\tpshop\app\Runtime\Cache\Home\a372310a3eb8997ff38d40da0fefe038.php 第 26 行.
INFO: Run Behavior\ParseTemplateBehavior [ RunTime:0.015305s ]
INFO: [ view_parse ] --END-- [ RunTime:0.015338s ]
INFO: [ view_filter ] --START--
INFO: Run Behavior\WriteHtmlCacheBehavior [ RunTime:0.000267s ]
INFO: [ view_filter ] --END-- [ RunTime:0.000293s ]
INFO: [ app_end ] --START--
INFO: Run Behavior\ShowPageTraceBehavior [ RunTime:0.000556s ]
INFO: [ app_end ] --END-- [ RunTime:0.000599s ]

[ 2017-07-03T16:56:02+08:00 ] 127.0.0.1 /
INFO: [ app_init ] --START--
INFO: Run Behavior\BuildLiteBehavior [ RunTime:0.000011s ]
INFO: [ app_init ] --END-- [ RunTime:0.000278s ]
INFO: [ app_begin ] --START--
INFO: Run Behavior\ReadHtmlCacheBehavior [ RunTime:0.000458s ]
INFO: [ app_begin ] --END-- [ RunTime:0.000493s ]
INFO: [ view_parse ] --START--
INFO: [ template_filter ] --START--
INFO: Run Behavior\ContentReplaceBehavior [ RunTime:0.000203s ]
INFO: [ template_filter ] --END-- [ RunTime:0.000258s ]
NOTIC: [8] Undefined index: member_login E:\tpshop\app\Runtime\Cache\Home\2bc71d220ff77e6b12bf354b9e8a67ea.php 第 26 行.
INFO: Run Behavior\ParseTemplateBehavior [ RunTime:0.013370s ]
INFO: [ view_parse ] --END-- [ RunTime:0.013404s ]
INFO: [ view_filter ] --START--
INFO: Run Behavior\WriteHtmlCacheBehavior [ RunTime:0.000241s ]
INFO: [ view_filter ] --END-- [ RunTime:0.000267s ]
INFO: [ app_end ] --START--
INFO: Run Behavior\ShowPageTraceBehavior [ RunTime:0.000679s ]
INFO: [ app_end ] --END-- [ RunTime:0.000726s ]

