[ 2017-07-21T10:08:51+08:00 ] 127.0.0.1 /index.php/Home/Cart/
INFO: [ app_init ] --START--
INFO: Run Behavior\BuildLiteBehavior [ RunTime:0.000009s ]
INFO: [ app_init ] --END-- [ RunTime:0.000227s ]
INFO: [ app_begin ] --START--
INFO: Run Behavior\ReadHtmlCacheBehavior [ RunTime:0.000300s ]
INFO: [ app_begin ] --END-- [ RunTime:0.000332s ]
INFO: [ app_end ] --START--
INFO: Run Behavior\ShowPageTraceBehavior [ RunTime:0.001583s ]
INFO: [ app_end ] --END-- [ RunTime:0.001740s ]

[ 2017-07-21T10:08:59+08:00 ] 127.0.0.1 /index.php/Home/Cart/index/index.php
INFO: [ app_init ] --START--
INFO: Run Behavior\BuildLiteBehavior [ RunTime:0.000011s ]
INFO: [ app_init ] --END-- [ RunTime:0.000262s ]
INFO: [ app_begin ] --START--
INFO: Run Behavior\ReadHtmlCacheBehavior [ RunTime:0.000273s ]
INFO: [ app_begin ] --END-- [ RunTime:0.000311s ]
INFO: [ app_end ] --START--
INFO: Run Behavior\ShowPageTraceBehavior [ RunTime:0.000308s ]
INFO: [ app_end ] --END-- [ RunTime:0.000359s ]

[ 2017-07-21T13:44:28+08:00 ] 127.0.0.1 /index.php/Home/Cart/index/index.php
INFO: [ app_init ] --START--
INFO: Run Behavior\BuildLiteBehavior [ RunTime:0.000008s ]
INFO: [ app_init ] --END-- [ RunTime:0.000244s ]
INFO: [ app_begin ] --START--
INFO: Run Behavior\ReadHtmlCacheBehavior [ RunTime:0.000394s ]
INFO: [ app_begin ] --END-- [ RunTime:0.000439s ]
INFO: [ app_end ] --START--
INFO: Run Behavior\ShowPageTraceBehavior [ RunTime:0.000293s ]
INFO: [ app_end ] --END-- [ RunTime:0.000326s ]

[ 2017-07-21T13:44:32+08:00 ] 127.0.0.1 /index.php/Home/Cart/index/index.php
INFO: [ app_init ] --START--
INFO: Run Behavior\BuildLiteBehavior [ RunTime:0.000010s ]
INFO: [ app_init ] --END-- [ RunTime:0.000311s ]
INFO: [ app_begin ] --START--
INFO: Run Behavior\ReadHtmlCacheBehavior [ RunTime:0.000309s ]
INFO: [ app_begin ] --END-- [ RunTime:0.000354s ]
INFO: [ app_end ] --START--
INFO: Run Behavior\ShowPageTraceBehavior [ RunTime:0.000303s ]
INFO: [ app_end ] --END-- [ RunTime:0.000342s ]

[ 2017-07-21T13:44:35+08:00 ] 127.0.0.1 /index.php/Home/Cart/
INFO: [ app_init ] --START--
INFO: Run Behavior\BuildLiteBehavior [ RunTime:0.000010s ]
INFO: [ app_init ] --END-- [ RunTime:0.000225s ]
INFO: [ app_begin ] --START--
INFO: Run Behavior\ReadHtmlCacheBehavior [ RunTime:0.000504s ]
INFO: [ app_begin ] --END-- [ RunTime:0.000557s ]
INFO: [ app_end ] --START--
INFO: Run Behavior\ShowPageTraceBehavior [ RunTime:0.000267s ]
INFO: [ app_end ] --END-- [ RunTime:0.000306s ]

[ 2017-07-21T13:44:37+08:00 ] 127.0.0.1 /index.php/Home/Goods/detail/id/46.html
INFO: [ app_init ] --START--
INFO: Run Behavior\BuildLiteBehavior [ RunTime:0.000023s ]
INFO: [ app_init ] --END-- [ RunTime:0.000597s ]
INFO: [ app_begin ] --START--
INFO: Run Behavior\ReadHtmlCacheBehavior [ RunTime:0.000842s ]
INFO: [ app_begin ] --END-- [ RunTime:0.000937s ]
SQL: SHOW COLUMNS FROM `ts_goods` [ RunTime:0.0096s ]
SQL: SELECT * FROM `ts_goods` WHERE `goods_id` = 46 LIMIT 1   [ RunTime:0.0008s ]
SQL: SHOW COLUMNS FROM `ts_goods_photos` [ RunTime:0.0026s ]
SQL: SELECT * FROM `ts_goods_photos` WHERE ( goods_id=46 )  [ RunTime:0.0003s ]
SQL: SHOW COLUMNS FROM `ts_goods_attribute` [ RunTime:0.0020s ]
SQL: SELECT ga.id,`attr_value`,`attr_name` FROM ts_goods_attribute ga LEFT JOIN ts_attribute a on a.attr_id = ga.attr_id  WHERE ( ga.goods_id=46 AND attr_sel = 0 )  [ RunTime:0.0007s ]
SQL: SELECT ga.id,`attr_value`,`attr_name` FROM ts_goods_attribute ga LEFT JOIN ts_attribute a on a.attr_id = ga.attr_id  WHERE ( ga.goods_id=46 AND attr_sel = 1 )  [ RunTime:0.0002s ]
INFO: [ view_parse ] --START--
INFO: [ template_filter ] --START--
INFO: Run Behavior\ContentReplaceBehavior [ RunTime:0.000194s ]
INFO: [ template_filter ] --END-- [ RunTime:0.000235s ]
NOTIC: [8] Undefined index: member_login E:\tpshop\app\Runtime\Cache\Home\a372310a3eb8997ff38d40da0fefe038.php 第 26 行.
NOTIC: [8] Undefined variable: number_price E:\tpshop\app\Runtime\Cache\Home\a372310a3eb8997ff38d40da0fefe038.php 第 934 行.
NOTIC: [8] Undefined variable: number_price E:\tpshop\app\Runtime\Cache\Home\a372310a3eb8997ff38d40da0fefe038.php 第 935 行.
INFO: Run Behavior\ParseTemplateBehavior [ RunTime:0.025568s ]
INFO: [ view_parse ] --END-- [ RunTime:0.025610s ]
INFO: [ view_filter ] --START--
INFO: Run Behavior\WriteHtmlCacheBehavior [ RunTime:0.000253s ]
INFO: [ view_filter ] --END-- [ RunTime:0.000279s ]
INFO: [ app_end ] --START--
INFO: Run Behavior\ShowPageTraceBehavior [ RunTime:0.000316s ]
INFO: [ app_end ] --END-- [ RunTime:0.000349s ]

[ 2017-07-21T13:44:37+08:00 ] 127.0.0.1 /index.php/Home/Goods/detail/id/images/close.jpg
INFO: [ app_init ] --START--
INFO: Run Behavior\BuildLiteBehavior [ RunTime:0.000013s ]
INFO: [ app_init ] --END-- [ RunTime:0.000282s ]

[ 2017-07-21T13:44:37+08:00 ] 127.0.0.1 /index.php/Home/Goods/detail/id/images/close.jpg
INFO: [ app_init ] --START--
INFO: Run Behavior\BuildLiteBehavior [ RunTime:0.000008s ]
INFO: [ app_init ] --END-- [ RunTime:0.000202s ]

[ 2017-07-21T13:45:38+08:00 ] 127.0.0.1 /index.php/Home/Goods/detail/id/46.html
INFO: [ app_init ] --START--
INFO: Run Behavior\BuildLiteBehavior [ RunTime:0.000019s ]
INFO: [ app_init ] --END-- [ RunTime:0.000475s ]
INFO: [ app_begin ] --START--
INFO: Run Behavior\ReadHtmlCacheBehavior [ RunTime:0.000351s ]
INFO: [ app_begin ] --END-- [ RunTime:0.000398s ]
SQL: SHOW COLUMNS FROM `ts_goods` [ RunTime:0.0088s ]
SQL: SELECT * FROM `ts_goods` WHERE `goods_id` = 46 LIMIT 1   [ RunTime:0.0004s ]
SQL: SHOW COLUMNS FROM `ts_goods_photos` [ RunTime:0.0022s ]
SQL: SELECT * FROM `ts_goods_photos` WHERE ( goods_id=46 )  [ RunTime:0.0002s ]
SQL: SHOW COLUMNS FROM `ts_goods_attribute` [ RunTime:0.0020s ]
SQL: SELECT ga.id,`attr_value`,`attr_name` FROM ts_goods_attribute ga LEFT JOIN ts_attribute a on a.attr_id = ga.attr_id  WHERE ( ga.goods_id=46 AND attr_sel = 0 )  [ RunTime:0.0004s ]
SQL: SELECT ga.id,`attr_value`,`attr_name` FROM ts_goods_attribute ga LEFT JOIN ts_attribute a on a.attr_id = ga.attr_id  WHERE ( ga.goods_id=46 AND attr_sel = 1 )  [ RunTime:0.0002s ]
INFO: [ view_parse ] --START--
INFO: [ template_filter ] --START--
INFO: Run Behavior\ContentReplaceBehavior [ RunTime:0.000271s ]
INFO: [ template_filter ] --END-- [ RunTime:0.000319s ]
NOTIC: [8] Undefined index: member_login E:\tpshop\app\Runtime\Cache\Home\a372310a3eb8997ff38d40da0fefe038.php 第 26 行.
NOTIC: [8] Undefined variable: number_price E:\tpshop\app\Runtime\Cache\Home\a372310a3eb8997ff38d40da0fefe038.php 第 945 行.
NOTIC: [8] Undefined variable: number_price E:\tpshop\app\Runtime\Cache\Home\a372310a3eb8997ff38d40da0fefe038.php 第 946 行.
INFO: Run Behavior\ParseTemplateBehavior [ RunTime:0.015604s ]
INFO: [ view_parse ] --END-- [ RunTime:0.015643s ]
INFO: [ view_filter ] --START--
INFO: Run Behavior\WriteHtmlCacheBehavior [ RunTime:0.000163s ]
INFO: [ view_filter ] --END-- [ RunTime:0.000196s ]
INFO: [ app_end ] --START--
INFO: Run Behavior\ShowPageTraceBehavior [ RunTime:0.000456s ]
INFO: [ app_end ] --END-- [ RunTime:0.000507s ]

[ 2017-07-21T13:45:38+08:00 ] 127.0.0.1 /index.php/Home/Goods/detail/id/images/close.jpg
INFO: [ app_init ] --START--
INFO: Run Behavior\BuildLiteBehavior [ RunTime:0.000014s ]
INFO: [ app_init ] --END-- [ RunTime:0.000303s ]

[ 2017-07-21T13:45:38+08:00 ] 127.0.0.1 /index.php/Home/Goods/detail/id/images/close.jpg
INFO: [ app_init ] --START--
INFO: Run Behavior\BuildLiteBehavior [ RunTime:0.000012s ]
INFO: [ app_init ] --END-- [ RunTime:0.000281s ]

[ 2017-07-21T13:45:38+08:00 ] 127.0.0.1 /index.php/Home/Goods/detail/images/tiaoxuannBtn.jpg
INFO: [ app_init ] --START--
INFO: Run Behavior\BuildLiteBehavior [ RunTime:0.000013s ]
INFO: [ app_init ] --END-- [ RunTime:0.000293s ]

[ 2017-07-21T13:45:38+08:00 ] 127.0.0.1 /index.php/Home/Goods/detail/images/chakanBtn.jpg
INFO: [ app_init ] --START--
INFO: Run Behavior\BuildLiteBehavior [ RunTime:0.000012s ]
INFO: [ app_init ] --END-- [ RunTime:0.000322s ]

[ 2017-07-21T13:45:38+08:00 ] 127.0.0.1 /index.php/Home/Goods/detail/images/buyicon.jpg
INFO: [ app_init ] --START--
INFO: Run Behavior\BuildLiteBehavior [ RunTime:0.000013s ]
INFO: [ app_init ] --END-- [ RunTime:0.000299s ]

[ 2017-07-21T13:46:45+08:00 ] 127.0.0.1 /index.php/Home/Goods/detail/id/46.html
INFO: [ app_init ] --START--
INFO: Run Behavior\BuildLiteBehavior [ RunTime:0.000020s ]
INFO: [ app_init ] --END-- [ RunTime:0.000421s ]
INFO: [ app_begin ] --START--
INFO: Run Behavior\ReadHtmlCacheBehavior [ RunTime:0.000685s ]
INFO: [ app_begin ] --END-- [ RunTime:0.000768s ]
SQL: SHOW COLUMNS FROM `ts_goods` [ RunTime:0.0084s ]
SQL: SELECT * FROM `ts_goods` WHERE `goods_id` = 46 LIMIT 1   [ RunTime:0.0003s ]
SQL: SHOW COLUMNS FROM `ts_goods_photos` [ RunTime:0.0018s ]
SQL: SELECT * FROM `ts_goods_photos` WHERE ( goods_id=46 )  [ RunTime:0.0003s ]
SQL: SHOW COLUMNS FROM `ts_goods_attribute` [ RunTime:0.0018s ]
SQL: SELECT ga.id,`attr_value`,`attr_name` FROM ts_goods_attribute ga LEFT JOIN ts_attribute a on a.attr_id = ga.attr_id  WHERE ( ga.goods_id=46 AND attr_sel = 0 )  [ RunTime:0.0003s ]
SQL: SELECT ga.id,`attr_value`,`attr_name` FROM ts_goods_attribute ga LEFT JOIN ts_attribute a on a.attr_id = ga.attr_id  WHERE ( ga.goods_id=46 AND attr_sel = 1 )  [ RunTime:0.0002s ]
INFO: [ view_parse ] --START--
INFO: [ template_filter ] --START--
INFO: Run Behavior\ContentReplaceBehavior [ RunTime:0.000235s ]
INFO: [ template_filter ] --END-- [ RunTime:0.000280s ]
NOTIC: [8] Undefined index: member_login E:\tpshop\app\Runtime\Cache\Home\a372310a3eb8997ff38d40da0fefe038.php 第 26 行.
NOTIC: [8] Undefined variable: number_price E:\tpshop\app\Runtime\Cache\Home\a372310a3eb8997ff38d40da0fefe038.php 第 946 行.
NOTIC: [8] Undefined variable: number_price E:\tpshop\app\Runtime\Cache\Home\a372310a3eb8997ff38d40da0fefe038.php 第 947 行.
INFO: Run Behavior\ParseTemplateBehavior [ RunTime:0.016339s ]
INFO: [ view_parse ] --END-- [ RunTime:0.016395s ]
INFO: [ view_filter ] --START--
INFO: Run Behavior\WriteHtmlCacheBehavior [ RunTime:0.000292s ]
INFO: [ view_filter ] --END-- [ RunTime:0.000339s ]
INFO: [ app_end ] --START--
INFO: Run Behavior\ShowPageTraceBehavior [ RunTime:0.000960s ]
INFO: [ app_end ] --END-- [ RunTime:0.001038s ]

[ 2017-07-21T13:46:45+08:00 ] 127.0.0.1 /index.php/Home/Goods/detail/id/images/close.jpg
INFO: [ app_init ] --START--
INFO: Run Behavior\BuildLiteBehavior [ RunTime:0.000018s ]
INFO: [ app_init ] --END-- [ RunTime:0.000497s ]

[ 2017-07-21T13:46:45+08:00 ] 127.0.0.1 /index.php/Home/Goods/detail/id/images/close.jpg
INFO: [ app_init ] --START--
INFO: Run Behavior\BuildLiteBehavior [ RunTime:0.000012s ]
INFO: [ app_init ] --END-- [ RunTime:0.000282s ]

[ 2017-07-21T13:46:45+08:00 ] 127.0.0.1 /index.php/Home/Goods/detail/images/buyicon.jpg
INFO: [ app_init ] --START--
INFO: Run Behavior\BuildLiteBehavior [ RunTime:0.000011s ]
INFO: [ app_init ] --END-- [ RunTime:0.000262s ]

[ 2017-07-21T13:46:45+08:00 ] 127.0.0.1 /index.php/Home/Goods/detail/images/chakanBtn.jpg
INFO: [ app_init ] --START--
INFO: Run Behavior\BuildLiteBehavior [ RunTime:0.000100s ]
INFO: [ app_init ] --END-- [ RunTime:0.000962s ]

[ 2017-07-21T13:46:45+08:00 ] 127.0.0.1 /index.php/Home/Goods/detail/images/tiaoxuannBtn.jpg
INFO: [ app_init ] --START--
INFO: Run Behavior\BuildLiteBehavior [ RunTime:0.000016s ]
INFO: [ app_init ] --END-- [ RunTime:0.000445s ]

[ 2017-07-21T13:47:16+08:00 ] 127.0.0.1 /index.php/Home/Goods/detail/id/46.html
INFO: [ app_init ] --START--
INFO: Run Behavior\BuildLiteBehavior [ RunTime:0.000014s ]
INFO: [ app_init ] --END-- [ RunTime:0.000345s ]
INFO: [ app_begin ] --START--
INFO: Run Behavior\ReadHtmlCacheBehavior [ RunTime:0.000673s ]
INFO: [ app_begin ] --END-- [ RunTime:0.000758s ]
SQL: SHOW COLUMNS FROM `ts_goods` [ RunTime:0.0092s ]
SQL: SELECT * FROM `ts_goods` WHERE `goods_id` = 46 LIMIT 1   [ RunTime:0.0004s ]
SQL: SHOW COLUMNS FROM `ts_goods_photos` [ RunTime:0.0023s ]
SQL: SELECT * FROM `ts_goods_photos` WHERE ( goods_id=46 )  [ RunTime:0.0002s ]
SQL: SHOW COLUMNS FROM `ts_goods_attribute` [ RunTime:0.0021s ]
SQL: SELECT ga.id,`attr_value`,`attr_name` FROM ts_goods_attribute ga LEFT JOIN ts_attribute a on a.attr_id = ga.attr_id  WHERE ( ga.goods_id=46 AND attr_sel = 0 )  [ RunTime:0.0003s ]
SQL: SELECT ga.id,`attr_value`,`attr_name` FROM ts_goods_attribute ga LEFT JOIN ts_attribute a on a.attr_id = ga.attr_id  WHERE ( ga.goods_id=46 AND attr_sel = 1 )  [ RunTime:0.0002s ]
INFO: [ view_parse ] --START--
INFO: [ template_filter ] --START--
INFO: Run Behavior\ContentReplaceBehavior [ RunTime:0.000231s ]
INFO: [ template_filter ] --END-- [ RunTime:0.000277s ]
NOTIC: [8] Undefined index: member_login E:\tpshop\app\Runtime\Cache\Home\a372310a3eb8997ff38d40da0fefe038.php 第 26 行.
NOTIC: [8] Undefined variable: number_price E:\tpshop\app\Runtime\Cache\Home\a372310a3eb8997ff38d40da0fefe038.php 第 946 行.
NOTIC: [8] Undefined variable: number_price E:\tpshop\app\Runtime\Cache\Home\a372310a3eb8997ff38d40da0fefe038.php 第 947 行.
INFO: Run Behavior\ParseTemplateBehavior [ RunTime:0.017556s ]
INFO: [ view_parse ] --END-- [ RunTime:0.017606s ]
INFO: [ view_filter ] --START--
INFO: Run Behavior\WriteHtmlCacheBehavior [ RunTime:0.000281s ]
INFO: [ view_filter ] --END-- [ RunTime:0.000324s ]
INFO: [ app_end ] --START--
INFO: Run Behavior\ShowPageTraceBehavior [ RunTime:0.000511s ]
INFO: [ app_end ] --END-- [ RunTime:0.000576s ]

[ 2017-07-21T13:47:16+08:00 ] 127.0.0.1 /index.php/Home/Goods/detail/id/images/close.jpg
INFO: [ app_init ] --START--
INFO: Run Behavior\BuildLiteBehavior [ RunTime:0.000014s ]
INFO: [ app_init ] --END-- [ RunTime:0.000329s ]

[ 2017-07-21T13:47:16+08:00 ] 127.0.0.1 /index.php/Home/Goods/detail/id/images/close.jpg
INFO: [ app_init ] --START--
INFO: Run Behavior\BuildLiteBehavior [ RunTime:0.000014s ]
INFO: [ app_init ] --END-- [ RunTime:0.000288s ]

[ 2017-07-21T13:47:16+08:00 ] 127.0.0.1 /index.php/Home/Goods/detail/images/buyicon.jpg
INFO: [ app_init ] --START--
INFO: Run Behavior\BuildLiteBehavior [ RunTime:0.000014s ]
INFO: [ app_init ] --END-- [ RunTime:0.000298s ]

[ 2017-07-21T13:47:27+08:00 ] 127.0.0.1 /index.php/Home/Goods/detail/id/46.html
INFO: [ app_init ] --START--
INFO: Run Behavior\BuildLiteBehavior [ RunTime:0.000030s ]
INFO: [ app_init ] --END-- [ RunTime:0.000704s ]
INFO: [ app_begin ] --START--
INFO: Run Behavior\ReadHtmlCacheBehavior [ RunTime:0.000571s ]
INFO: [ app_begin ] --END-- [ RunTime:0.000637s ]
SQL: SHOW COLUMNS FROM `ts_goods` [ RunTime:0.0082s ]
SQL: SELECT * FROM `ts_goods` WHERE `goods_id` = 46 LIMIT 1   [ RunTime:0.0003s ]
SQL: SHOW COLUMNS FROM `ts_goods_photos` [ RunTime:0.0018s ]
SQL: SELECT * FROM `ts_goods_photos` WHERE ( goods_id=46 )  [ RunTime:0.0002s ]
SQL: SHOW COLUMNS FROM `ts_goods_attribute` [ RunTime:0.0019s ]
SQL: SELECT ga.id,`attr_value`,`attr_name` FROM ts_goods_attribute ga LEFT JOIN ts_attribute a on a.attr_id = ga.attr_id  WHERE ( ga.goods_id=46 AND attr_sel = 0 )  [ RunTime:0.0003s ]
SQL: SELECT ga.id,`attr_value`,`attr_name` FROM ts_goods_attribute ga LEFT JOIN ts_attribute a on a.attr_id = ga.attr_id  WHERE ( ga.goods_id=46 AND attr_sel = 1 )  [ RunTime:0.0002s ]
INFO: [ view_parse ] --START--
INFO: [ template_filter ] --START--
INFO: Run Behavior\ContentReplaceBehavior [ RunTime:0.000206s ]
INFO: [ template_filter ] --END-- [ RunTime:0.000242s ]
NOTIC: [8] Undefined index: member_login E:\tpshop\app\Runtime\Cache\Home\a372310a3eb8997ff38d40da0fefe038.php 第 26 行.
NOTIC: [8] Undefined variable: number_price E:\tpshop\app\Runtime\Cache\Home\a372310a3eb8997ff38d40da0fefe038.php 第 946 行.
NOTIC: [8] Undefined variable: number_price E:\tpshop\app\Runtime\Cache\Home\a372310a3eb8997ff38d40da0fefe038.php 第 947 行.
INFO: Run Behavior\ParseTemplateBehavior [ RunTime:0.015037s ]
INFO: [ view_parse ] --END-- [ RunTime:0.015076s ]
INFO: [ view_filter ] --START--
INFO: Run Behavior\WriteHtmlCacheBehavior [ RunTime:0.000224s ]
INFO: [ view_filter ] --END-- [ RunTime:0.000250s ]
INFO: [ app_end ] --START--
INFO: Run Behavior\ShowPageTraceBehavior [ RunTime:0.000507s ]
INFO: [ app_end ] --END-- [ RunTime:0.000560s ]

[ 2017-07-21T13:47:27+08:00 ] 127.0.0.1 /index.php/Home/Goods/detail/id/images/close.jpg
INFO: [ app_init ] --START--
INFO: Run Behavior\BuildLiteBehavior [ RunTime:0.000013s ]
INFO: [ app_init ] --END-- [ RunTime:0.000308s ]

[ 2017-07-21T13:47:27+08:00 ] 127.0.0.1 /index.php/Home/Goods/detail/id/images/close.jpg
INFO: [ app_init ] --START--
INFO: Run Behavior\BuildLiteBehavior [ RunTime:0.000016s ]
INFO: [ app_init ] --END-- [ RunTime:0.001463s ]

[ 2017-07-21T13:48:20+08:00 ] 127.0.0.1 /index.php/Home/Goods/detail/id/46.html
INFO: [ app_init ] --START--
INFO: Run Behavior\BuildLiteBehavior [ RunTime:0.000012s ]
INFO: [ app_init ] --END-- [ RunTime:0.000389s ]
INFO: [ app_begin ] --START--
INFO: Run Behavior\ReadHtmlCacheBehavior [ RunTime:0.000652s ]
INFO: [ app_begin ] --END-- [ RunTime:0.000739s ]
SQL: SHOW COLUMNS FROM `ts_goods` [ RunTime:0.0085s ]
SQL: SELECT * FROM `ts_goods` WHERE `goods_id` = 46 LIMIT 1   [ RunTime:0.0003s ]
SQL: SHOW COLUMNS FROM `ts_goods_photos` [ RunTime:0.0016s ]
SQL: SELECT * FROM `ts_goods_photos` WHERE ( goods_id=46 )  [ RunTime:0.0002s ]
SQL: SHOW COLUMNS FROM `ts_goods_attribute` [ RunTime:0.0017s ]
SQL: SELECT ga.id,`attr_value`,`attr_name` FROM ts_goods_attribute ga LEFT JOIN ts_attribute a on a.attr_id = ga.attr_id  WHERE ( ga.goods_id=46 AND attr_sel = 0 )  [ RunTime:0.0002s ]
SQL: SELECT ga.id,`attr_value`,`attr_name` FROM ts_goods_attribute ga LEFT JOIN ts_attribute a on a.attr_id = ga.attr_id  WHERE ( ga.goods_id=46 AND attr_sel = 1 )  [ RunTime:0.0002s ]
INFO: [ view_parse ] --START--
INFO: [ template_filter ] --START--
INFO: Run Behavior\ContentReplaceBehavior [ RunTime:0.000211s ]
INFO: [ template_filter ] --END-- [ RunTime:0.000248s ]
NOTIC: [8] Undefined index: member_login E:\tpshop\app\Runtime\Cache\Home\a372310a3eb8997ff38d40da0fefe038.php 第 26 行.
NOTIC: [8] Undefined variable: number_price E:\tpshop\app\Runtime\Cache\Home\a372310a3eb8997ff38d40da0fefe038.php 第 946 行.
NOTIC: [8] Undefined variable: number_price E:\tpshop\app\Runtime\Cache\Home\a372310a3eb8997ff38d40da0fefe038.php 第 947 行.
INFO: Run Behavior\ParseTemplateBehavior [ RunTime:0.012394s ]
INFO: [ view_parse ] --END-- [ RunTime:0.012433s ]
INFO: [ view_filter ] --START--
INFO: Run Behavior\WriteHtmlCacheBehavior [ RunTime:0.000137s ]
INFO: [ view_filter ] --END-- [ RunTime:0.000161s ]
INFO: [ app_end ] --START--
INFO: Run Behavior\ShowPageTraceBehavior [ RunTime:0.000344s ]
INFO: [ app_end ] --END-- [ RunTime:0.000385s ]

[ 2017-07-21T13:51:25+08:00 ] 127.0.0.1 /index.php/Home/Goods/detail/id/46.html
INFO: [ app_init ] --START--
INFO: Run Behavior\BuildLiteBehavior [ RunTime:0.000010s ]
INFO: [ app_init ] --END-- [ RunTime:0.000249s ]
INFO: [ app_begin ] --START--
INFO: Run Behavior\ReadHtmlCacheBehavior [ RunTime:0.000330s ]
INFO: [ app_begin ] --END-- [ RunTime:0.000364s ]
SQL: SHOW COLUMNS FROM `ts_goods` [ RunTime:0.0082s ]
SQL: SELECT * FROM `ts_goods` WHERE `goods_id` = 46 LIMIT 1   [ RunTime:0.0003s ]
SQL: SHOW COLUMNS FROM `ts_goods_photos` [ RunTime:0.0017s ]
SQL: SELECT * FROM `ts_goods_photos` WHERE ( goods_id=46 )  [ RunTime:0.0002s ]
SQL: SHOW COLUMNS FROM `ts_goods_attribute` [ RunTime:0.0020s ]
SQL: SELECT ga.id,`attr_value`,`attr_name` FROM ts_goods_attribute ga LEFT JOIN ts_attribute a on a.attr_id = ga.attr_id  WHERE ( ga.goods_id=46 AND attr_sel = 0 )  [ RunTime:0.0003s ]
SQL: SELECT ga.id,`attr_value`,`attr_name` FROM ts_goods_attribute ga LEFT JOIN ts_attribute a on a.attr_id = ga.attr_id  WHERE ( ga.goods_id=46 AND attr_sel = 1 )  [ RunTime:0.0002s ]
INFO: [ view_parse ] --START--
INFO: [ template_filter ] --START--
INFO: Run Behavior\ContentReplaceBehavior [ RunTime:0.000253s ]
INFO: [ template_filter ] --END-- [ RunTime:0.000308s ]
NOTIC: [8] Undefined index: member_login E:\tpshop\app\Runtime\Cache\Home\a372310a3eb8997ff38d40da0fefe038.php 第 26 行.
NOTIC: [8] Undefined variable: number_price E:\tpshop\app\Runtime\Cache\Home\a372310a3eb8997ff38d40da0fefe038.php 第 946 行.
NOTIC: [8] Undefined variable: number_price E:\tpshop\app\Runtime\Cache\Home\a372310a3eb8997ff38d40da0fefe038.php 第 947 行.
INFO: Run Behavior\ParseTemplateBehavior [ RunTime:0.015810s ]
INFO: [ view_parse ] --END-- [ RunTime:0.015844s ]
INFO: [ view_filter ] --START--
INFO: Run Behavior\WriteHtmlCacheBehavior [ RunTime:0.000192s ]
INFO: [ view_filter ] --END-- [ RunTime:0.000217s ]
INFO: [ app_end ] --START--
INFO: Run Behavior\ShowPageTraceBehavior [ RunTime:0.000520s ]
INFO: [ app_end ] --END-- [ RunTime:0.000574s ]

[ 2017-07-21T13:53:19+08:00 ] 127.0.0.1 /index.php/Home/Goods/detail/id/46.html
INFO: [ app_init ] --START--
INFO: Run Behavior\BuildLiteBehavior [ RunTime:0.000019s ]
INFO: [ app_init ] --END-- [ RunTime:0.000318s ]
INFO: [ app_begin ] --START--
INFO: Run Behavior\ReadHtmlCacheBehavior [ RunTime:0.000397s ]
INFO: [ app_begin ] --END-- [ RunTime:0.000456s ]
SQL: SHOW COLUMNS FROM `ts_goods` [ RunTime:0.0084s ]
SQL: SELECT * FROM `ts_goods` WHERE `goods_id` = 46 LIMIT 1   [ RunTime:0.0004s ]
SQL: SHOW COLUMNS FROM `ts_goods_photos` [ RunTime:0.0019s ]
SQL: SELECT * FROM `ts_goods_photos` WHERE ( goods_id=46 )  [ RunTime:0.0002s ]
SQL: SHOW COLUMNS FROM `ts_goods_attribute` [ RunTime:0.0020s ]
SQL: SELECT ga.id,`attr_value`,`attr_name` FROM ts_goods_attribute ga LEFT JOIN ts_attribute a on a.attr_id = ga.attr_id  WHERE ( ga.goods_id=46 AND attr_sel = 0 )  [ RunTime:0.0003s ]
SQL: SELECT ga.id,`attr_value`,`attr_name` FROM ts_goods_attribute ga LEFT JOIN ts_attribute a on a.attr_id = ga.attr_id  WHERE ( ga.goods_id=46 AND attr_sel = 1 )  [ RunTime:0.0002s ]
INFO: [ view_parse ] --START--
INFO: [ template_filter ] --START--
INFO: Run Behavior\ContentReplaceBehavior [ RunTime:0.000204s ]
INFO: [ template_filter ] --END-- [ RunTime:0.000244s ]
NOTIC: [8] Undefined index: member_login E:\tpshop\app\Runtime\Cache\Home\a372310a3eb8997ff38d40da0fefe038.php 第 26 行.
NOTIC: [8] Undefined variable: number_price E:\tpshop\app\Runtime\Cache\Home\a372310a3eb8997ff38d40da0fefe038.php 第 950 行.
NOTIC: [8] Undefined variable: number_price E:\tpshop\app\Runtime\Cache\Home\a372310a3eb8997ff38d40da0fefe038.php 第 951 行.
INFO: Run Behavior\ParseTemplateBehavior [ RunTime:0.013056s ]
INFO: [ view_parse ] --END-- [ RunTime:0.013085s ]
INFO: [ view_filter ] --START--
INFO: Run Behavior\WriteHtmlCacheBehavior [ RunTime:0.000123s ]
INFO: [ view_filter ] --END-- [ RunTime:0.000146s ]
INFO: [ app_end ] --START--
INFO: Run Behavior\ShowPageTraceBehavior [ RunTime:0.000506s ]
INFO: [ app_end ] --END-- [ RunTime:0.000581s ]

[ 2017-07-21T13:53:25+08:00 ] 127.0.0.1 /index.php/Home/Goods/detail/id/46.html
INFO: [ app_init ] --START--
INFO: Run Behavior\BuildLiteBehavior [ RunTime:0.000020s ]
INFO: [ app_init ] --END-- [ RunTime:0.000326s ]
INFO: [ app_begin ] --START--
INFO: Run Behavior\ReadHtmlCacheBehavior [ RunTime:0.000714s ]
INFO: [ app_begin ] --END-- [ RunTime:0.000797s ]
SQL: SHOW COLUMNS FROM `ts_goods` [ RunTime:0.0084s ]
SQL: SELECT * FROM `ts_goods` WHERE `goods_id` = 46 LIMIT 1   [ RunTime:0.0007s ]
SQL: SHOW COLUMNS FROM `ts_goods_photos` [ RunTime:0.0023s ]
SQL: SELECT * FROM `ts_goods_photos` WHERE ( goods_id=46 )  [ RunTime:0.0002s ]
SQL: SHOW COLUMNS FROM `ts_goods_attribute` [ RunTime:0.0017s ]
SQL: SELECT ga.id,`attr_value`,`attr_name` FROM ts_goods_attribute ga LEFT JOIN ts_attribute a on a.attr_id = ga.attr_id  WHERE ( ga.goods_id=46 AND attr_sel = 0 )  [ RunTime:0.0003s ]
SQL: SELECT ga.id,`attr_value`,`attr_name` FROM ts_goods_attribute ga LEFT JOIN ts_attribute a on a.attr_id = ga.attr_id  WHERE ( ga.goods_id=46 AND attr_sel = 1 )  [ RunTime:0.0002s ]
INFO: [ view_parse ] --START--
INFO: [ template_filter ] --START--
INFO: Run Behavior\ContentReplaceBehavior [ RunTime:0.000355s ]
INFO: [ template_filter ] --END-- [ RunTime:0.000418s ]
NOTIC: [8] Undefined index: member_login E:\tpshop\app\Runtime\Cache\Home\a372310a3eb8997ff38d40da0fefe038.php 第 26 行.
NOTIC: [8] Undefined variable: number_price E:\tpshop\app\Runtime\Cache\Home\a372310a3eb8997ff38d40da0fefe038.php 第 950 行.
NOTIC: [8] Undefined variable: number_price E:\tpshop\app\Runtime\Cache\Home\a372310a3eb8997ff38d40da0fefe038.php 第 951 行.
INFO: Run Behavior\ParseTemplateBehavior [ RunTime:0.013129s ]
INFO: [ view_parse ] --END-- [ RunTime:0.013162s ]
INFO: [ view_filter ] --START--
INFO: Run Behavior\WriteHtmlCacheBehavior [ RunTime:0.000126s ]
INFO: [ view_filter ] --END-- [ RunTime:0.000149s ]
INFO: [ app_end ] --START--
INFO: Run Behavior\ShowPageTraceBehavior [ RunTime:0.000348s ]
INFO: [ app_end ] --END-- [ RunTime:0.000395s ]

[ 2017-07-21T13:53:26+08:00 ] 127.0.0.1 /index.php/Home/Goods/detail/id/46.html
INFO: [ app_init ] --START--
INFO: Run Behavior\BuildLiteBehavior [ RunTime:0.000014s ]
INFO: [ app_init ] --END-- [ RunTime:0.000354s ]
INFO: [ app_begin ] --START--
INFO: Run Behavior\ReadHtmlCacheBehavior [ RunTime:0.000389s ]
INFO: [ app_begin ] --END-- [ RunTime:0.000435s ]
SQL: SHOW COLUMNS FROM `ts_goods` [ RunTime:0.0091s ]
SQL: SELECT * FROM `ts_goods` WHERE `goods_id` = 46 LIMIT 1   [ RunTime:0.0004s ]
SQL: SHOW COLUMNS FROM `ts_goods_photos` [ RunTime:0.0021s ]
SQL: SELECT * FROM `ts_goods_photos` WHERE ( goods_id=46 )  [ RunTime:0.0002s ]
SQL: SHOW COLUMNS FROM `ts_goods_attribute` [ RunTime:0.0018s ]
SQL: SELECT ga.id,`attr_value`,`attr_name` FROM ts_goods_attribute ga LEFT JOIN ts_attribute a on a.attr_id = ga.attr_id  WHERE ( ga.goods_id=46 AND attr_sel = 0 )  [ RunTime:0.0002s ]
SQL: SELECT ga.id,`attr_value`,`attr_name` FROM ts_goods_attribute ga LEFT JOIN ts_attribute a on a.attr_id = ga.attr_id  WHERE ( ga.goods_id=46 AND attr_sel = 1 )  [ RunTime:0.0002s ]
INFO: [ view_parse ] --START--
INFO: [ template_filter ] --START--
INFO: Run Behavior\ContentReplaceBehavior [ RunTime:0.000205s ]
INFO: [ template_filter ] --END-- [ RunTime:0.000245s ]
NOTIC: [8] Undefined index: member_login E:\tpshop\app\Runtime\Cache\Home\a372310a3eb8997ff38d40da0fefe038.php 第 26 行.
NOTIC: [8] Undefined variable: number_price E:\tpshop\app\Runtime\Cache\Home\a372310a3eb8997ff38d40da0fefe038.php 第 950 行.
NOTIC: [8] Undefined variable: number_price E:\tpshop\app\Runtime\Cache\Home\a372310a3eb8997ff38d40da0fefe038.php 第 951 行.
INFO: Run Behavior\ParseTemplateBehavior [ RunTime:0.015187s ]
INFO: [ view_parse ] --END-- [ RunTime:0.015229s ]
INFO: [ view_filter ] --START--
INFO: Run Behavior\WriteHtmlCacheBehavior [ RunTime:0.000283s ]
INFO: [ view_filter ] --END-- [ RunTime:0.000322s ]
INFO: [ app_end ] --START--
INFO: Run Behavior\ShowPageTraceBehavior [ RunTime:0.000544s ]
INFO: [ app_end ] --END-- [ RunTime:0.000595s ]

[ 2017-07-21T13:55:25+08:00 ] 127.0.0.1 /index.php/Home/Goods/detail/id/46.html
INFO: [ app_init ] --START--
INFO: Run Behavior\BuildLiteBehavior [ RunTime:0.000010s ]
INFO: [ app_init ] --END-- [ RunTime:0.000212s ]
INFO: [ app_begin ] --START--
INFO: Run Behavior\ReadHtmlCacheBehavior [ RunTime:0.000543s ]
INFO: [ app_begin ] --END-- [ RunTime:0.000699s ]
SQL: SHOW COLUMNS FROM `ts_goods` [ RunTime:0.0084s ]
SQL: SELECT * FROM `ts_goods` WHERE `goods_id` = 46 LIMIT 1   [ RunTime:0.0018s ]
SQL: SHOW COLUMNS FROM `ts_goods_photos` [ RunTime:0.0027s ]
SQL: SELECT * FROM `ts_goods_photos` WHERE ( goods_id=46 )  [ RunTime:0.0003s ]
SQL: SHOW COLUMNS FROM `ts_goods_attribute` [ RunTime:0.0018s ]
SQL: SELECT ga.id,`attr_value`,`attr_name` FROM ts_goods_attribute ga LEFT JOIN ts_attribute a on a.attr_id = ga.attr_id  WHERE ( ga.goods_id=46 AND attr_sel = 0 )  [ RunTime:0.0003s ]
SQL: SELECT ga.id,`attr_value`,`attr_name` FROM ts_goods_attribute ga LEFT JOIN ts_attribute a on a.attr_id = ga.attr_id  WHERE ( ga.goods_id=46 AND attr_sel = 1 )  [ RunTime:0.0002s ]
INFO: [ view_parse ] --START--
INFO: [ template_filter ] --START--
INFO: Run Behavior\ContentReplaceBehavior [ RunTime:0.000206s ]
INFO: [ template_filter ] --END-- [ RunTime:0.000245s ]
NOTIC: [8] Undefined index: member_login E:\tpshop\app\Runtime\Cache\Home\a372310a3eb8997ff38d40da0fefe038.php 第 26 行.
NOTIC: [8] Undefined variable: number_price E:\tpshop\app\Runtime\Cache\Home\a372310a3eb8997ff38d40da0fefe038.php 第 950 行.
NOTIC: [8] Undefined variable: number_price E:\tpshop\app\Runtime\Cache\Home\a372310a3eb8997ff38d40da0fefe038.php 第 951 行.
INFO: Run Behavior\ParseTemplateBehavior [ RunTime:0.015679s ]
INFO: [ view_parse ] --END-- [ RunTime:0.015726s ]
INFO: [ view_filter ] --START--
INFO: Run Behavior\WriteHtmlCacheBehavior [ RunTime:0.000186s ]
INFO: [ view_filter ] --END-- [ RunTime:0.000219s ]
INFO: [ app_end ] --START--
INFO: Run Behavior\ShowPageTraceBehavior [ RunTime:0.000479s ]
INFO: [ app_end ] --END-- [ RunTime:0.000545s ]

[ 2017-07-21T13:55:29+08:00 ] 127.0.0.1 /index.php/Home/Goods/detail/id/46.html
INFO: [ app_init ] --START--
INFO: Run Behavior\BuildLiteBehavior [ RunTime:0.000032s ]
INFO: [ app_init ] --END-- [ RunTime:0.000859s ]
INFO: [ app_begin ] --START--
INFO: Run Behavior\ReadHtmlCacheBehavior [ RunTime:0.000777s ]
INFO: [ app_begin ] --END-- [ RunTime:0.000868s ]
SQL: SHOW COLUMNS FROM `ts_goods` [ RunTime:0.0086s ]
SQL: SELECT * FROM `ts_goods` WHERE `goods_id` = 46 LIMIT 1   [ RunTime:0.0003s ]
SQL: SHOW COLUMNS FROM `ts_goods_photos` [ RunTime:0.0017s ]
SQL: SELECT * FROM `ts_goods_photos` WHERE ( goods_id=46 )  [ RunTime:0.0002s ]
SQL: SHOW COLUMNS FROM `ts_goods_attribute` [ RunTime:0.0017s ]
SQL: SELECT ga.id,`attr_value`,`attr_name` FROM ts_goods_attribute ga LEFT JOIN ts_attribute a on a.attr_id = ga.attr_id  WHERE ( ga.goods_id=46 AND attr_sel = 0 )  [ RunTime:0.0003s ]
SQL: SELECT ga.id,`attr_value`,`attr_name` FROM ts_goods_attribute ga LEFT JOIN ts_attribute a on a.attr_id = ga.attr_id  WHERE ( ga.goods_id=46 AND attr_sel = 1 )  [ RunTime:0.0002s ]
INFO: [ view_parse ] --START--
INFO: [ template_filter ] --START--
INFO: Run Behavior\ContentReplaceBehavior [ RunTime:0.000226s ]
INFO: [ template_filter ] --END-- [ RunTime:0.000268s ]
NOTIC: [8] Undefined index: member_login E:\tpshop\app\Runtime\Cache\Home\a372310a3eb8997ff38d40da0fefe038.php 第 26 行.
NOTIC: [8] Undefined variable: number_price E:\tpshop\app\Runtime\Cache\Home\a372310a3eb8997ff38d40da0fefe038.php 第 950 行.
NOTIC: [8] Undefined variable: number_price E:\tpshop\app\Runtime\Cache\Home\a372310a3eb8997ff38d40da0fefe038.php 第 951 行.
INFO: Run Behavior\ParseTemplateBehavior [ RunTime:0.013465s ]
INFO: [ view_parse ] --END-- [ RunTime:0.013506s ]
INFO: [ view_filter ] --START--
INFO: Run Behavior\WriteHtmlCacheBehavior [ RunTime:0.000196s ]
INFO: [ view_filter ] --END-- [ RunTime:0.000220s ]
INFO: [ app_end ] --START--
INFO: Run Behavior\ShowPageTraceBehavior [ RunTime:0.000401s ]
INFO: [ app_end ] --END-- [ RunTime:0.000449s ]

